{"/Users/peterperlepes/Documents/clerk/javascript/packages/sdk-node/src/Clerk.ts": {"path":"/Users/peterperlepes/Documents/clerk/javascript/packages/sdk-node/src/Clerk.ts","statementMap":{"0":{"start":{"line":3,"column":0},"end":{"line":3,"column":30}},"1":{"start":{"line":4,"column":0},"end":{"line":4,"column":47}},"2":{"start":{"line":5,"column":0},"end":{"line":5,"column":44}},"3":{"start":{"line":8,"column":0},"end":{"line":8,"column":44}},"4":{"start":{"line":9,"column":0},"end":{"line":9,"column":36}},"5":{"start":{"line":12,"column":0},"end":{"line":12,"column":71}},"6":{"start":{"line":13,"column":0},"end":{"line":13,"column":45}},"7":{"start":{"line":14,"column":0},"end":{"line":14,"column":43}},"8":{"start":{"line":15,"column":0},"end":{"line":15,"column":53}},"9":{"start":{"line":16,"column":0},"end":{"line":16,"column":47}},"10":{"start":{"line":17,"column":0},"end":{"line":17,"column":53}},"11":{"start":{"line":18,"column":0},"end":{"line":18,"column":41}},"12":{"start":{"line":21,"column":0},"end":{"line":21,"column":46}},"13":{"start":{"line":24,"column":0},"end":{"line":24,"column":62}},"14":{"start":{"line":26,"column":22},"end":{"line":26,"column":53}},"15":{"start":{"line":27,"column":26},"end":{"line":27,"column":63}},"16":{"start":{"line":29,"column":2},"end":{"line":29,"column":54}},"17":{"start":{"line":30,"column":31},"end":{"line":30,"column":38}},"18":{"start":{"line":71,"column":4},"end":{"line":73,"column":null}},"19":{"start":{"line":72,"column":6},"end":{"line":72,"column":53}},"20":{"start":{"line":75,"column":4},"end":{"line":80,"column":6}},"21":{"start":{"line":82,"column":4},"end":{"line":90,"column":7}},"22":{"start":{"line":95,"column":4},"end":{"line":97,"column":null}},"23":{"start":{"line":96,"column":6},"end":{"line":96,"column":35}},"24":{"start":{"line":99,"column":4},"end":{"line":99,"column":26}},"25":{"start":{"line":105,"column":4},"end":{"line":105,"column":36}},"26":{"start":{"line":109,"column":4},"end":{"line":109,"column":42}},"27":{"start":{"line":113,"column":4},"end":{"line":113,"column":40}},"28":{"start":{"line":117,"column":4},"end":{"line":117,"column":41}},"29":{"start":{"line":123,"column":4},"end":{"line":127,"column":null}},"30":{"start":{"line":124,"column":6},"end":{"line":126,"column":8}},"31":{"start":{"line":128,"column":4},"end":{"line":128,"column":40}},"32":{"start":{"line":132,"column":4},"end":{"line":134,"column":null}},"33":{"start":{"line":133,"column":6},"end":{"line":133,"column":56}},"34":{"start":{"line":136,"column":4},"end":{"line":136,"column":27}},"35":{"start":{"line":140,"column":4},"end":{"line":142,"column":null}},"36":{"start":{"line":141,"column":6},"end":{"line":141,"column":54}},"37":{"start":{"line":144,"column":4},"end":{"line":144,"column":26}},"38":{"start":{"line":148,"column":4},"end":{"line":150,"column":null}},"39":{"start":{"line":149,"column":6},"end":{"line":149,"column":64}},"40":{"start":{"line":151,"column":4},"end":{"line":151,"column":31}},"41":{"start":{"line":155,"column":4},"end":{"line":157,"column":null}},"42":{"start":{"line":156,"column":6},"end":{"line":156,"column":58}},"43":{"start":{"line":159,"column":4},"end":{"line":159,"column":28}},"44":{"start":{"line":163,"column":4},"end":{"line":165,"column":null}},"45":{"start":{"line":164,"column":6},"end":{"line":164,"column":64}},"46":{"start":{"line":167,"column":4},"end":{"line":167,"column":31}},"47":{"start":{"line":171,"column":4},"end":{"line":173,"column":null}},"48":{"start":{"line":172,"column":6},"end":{"line":172,"column":52}},"49":{"start":{"line":175,"column":4},"end":{"line":175,"column":25}},"50":{"start":{"line":181,"column":20},"end":{"line":181,"column":37}},"51":{"start":{"line":182,"column":4},"end":{"line":184,"column":null}},"52":{"start":{"line":183,"column":6},"end":{"line":183,"column":58}},"53":{"start":{"line":186,"column":4},"end":{"line":186,"column":33}},"54":{"start":{"line":193,"column":20},"end":{"line":193,"column":57}},"55":{"start":{"line":194,"column":4},"end":{"line":196,"column":null}},"56":{"start":{"line":195,"column":6},"end":{"line":195,"column":58}},"57":{"start":{"line":198,"column":16},"end":{"line":198,"column":72}},"58":{"start":{"line":199,"column":21},"end":{"line":201,"column":20}},"59":{"start":{"line":203,"column":4},"end":{"line":208,"column":null}},"60":{"start":{"line":207,"column":6},"end":{"line":207,"column":57}},"61":{"start":{"line":210,"column":4},"end":{"line":210,"column":20}},"62":{"start":{"line":217,"column":4},"end":{"line":217,"column":31}},"63":{"start":{"line":219,"column":4},"end":{"line":221,"column":7}},"64":{"start":{"line":220,"column":6},"end":{"line":220,"column":43}},"65":{"start":{"line":226,"column":4},"end":{"line":226,"column":32}},"66":{"start":{"line":228,"column":4},"end":{"line":230,"column":7}},"67":{"start":{"line":229,"column":6},"end":{"line":229,"column":44}},"68":{"start":{"line":232,"column":4},"end":{"line":232,"column":17}},"69":{"start":{"line":239,"column":6},"end":{"line":243,"column":null}},"70":{"start":{"line":240,"column":8},"end":{"line":240,"column":40}},"71":{"start":{"line":242,"column":8},"end":{"line":242,"column":25}},"72":{"start":{"line":250,"column":6},"end":{"line":252,"column":null}},"73":{"start":{"line":251,"column":8},"end":{"line":251,"column":25}},"74":{"start":{"line":254,"column":6},"end":{"line":258,"column":null}},"75":{"start":{"line":255,"column":8},"end":{"line":255,"column":40}},"76":{"start":{"line":257,"column":8},"end":{"line":257,"column":25}},"77":{"start":{"line":262,"column":6},"end":{"line":262,"column":40}},"78":{"start":{"line":266,"column":6},"end":{"line":266,"column":45}},"79":{"start":{"line":271,"column":21},"end":{"line":271,"column":76}},"80":{"start":{"line":272,"column":6},"end":{"line":274,"column":null}},"81":{"start":{"line":273,"column":8},"end":{"line":273,"column":21}},"82":{"start":{"line":276,"column":24},"end":{"line":276,"column":50}},"83":{"start":{"line":278,"column":6},"end":{"line":283,"column":null}},"84":{"start":{"line":282,"column":8},"end":{"line":282,"column":47}},"85":{"start":{"line":285,"column":22},"end":{"line":285,"column":42}},"86":{"start":{"line":287,"column":17},"end":{"line":287,"column":68}},"87":{"start":{"line":288,"column":6},"end":{"line":290,"column":null}},"88":{"start":{"line":289,"column":8},"end":{"line":289,"column":32}},"89":{"start":{"line":292,"column":17},"end":{"line":292,"column":68}},"90":{"start":{"line":293,"column":6},"end":{"line":295,"column":null}},"91":{"start":{"line":294,"column":8},"end":{"line":294,"column":28}},"92":{"start":{"line":297,"column":6},"end":{"line":299,"column":null}},"93":{"start":{"line":298,"column":8},"end":{"line":298,"column":33}},"94":{"start":{"line":301,"column":6},"end":{"line":301,"column":29}},"95":{"start":{"line":305,"column":6},"end":{"line":305,"column":41}},"96":{"start":{"line":309,"column":19},"end":{"line":313,"column":8}},"97":{"start":{"line":315,"column":6},"end":{"line":315,"column":58}},"98":{"start":{"line":316,"column":6},"end":{"line":316,"column":22}},"99":{"start":{"line":317,"column":6},"end":{"line":317,"column":16}},"100":{"start":{"line":326,"column":22},"end":{"line":326,"column":43}},"101":{"start":{"line":328,"column":6},"end":{"line":414,"column":null}},"102":{"start":{"line":329,"column":28},"end":{"line":329,"column":52}},"103":{"start":{"line":330,"column":8},"end":{"line":330,"column":52}},"104":{"start":{"line":331,"column":26},"end":{"line":331,"column":53}},"105":{"start":{"line":332,"column":8},"end":{"line":332,"column":48}},"106":{"start":{"line":333,"column":27},"end":{"line":334,"column":38}},"107":{"start":{"line":335,"column":8},"end":{"line":335,"column":58}},"108":{"start":{"line":336,"column":8},"end":{"line":336,"column":52}},"109":{"start":{"line":339,"column":8},"end":{"line":341,"column":null}},"110":{"start":{"line":340,"column":10},"end":{"line":340,"column":29}},"111":{"start":{"line":343,"column":8},"end":{"line":345,"column":null}},"112":{"start":{"line":344,"column":10},"end":{"line":344,"column":29}},"113":{"start":{"line":347,"column":8},"end":{"line":361,"column":null}},"114":{"start":{"line":348,"column":32},"end":{"line":348,"column":68}},"115":{"start":{"line":349,"column":10},"end":{"line":351,"column":null}},"116":{"start":{"line":350,"column":12},"end":{"line":350,"column":41}},"117":{"start":{"line":354,"column":10},"end":{"line":354,"column":44}},"118":{"start":{"line":356,"column":10},"end":{"line":359,"column":13}},"119":{"start":{"line":360,"column":10},"end":{"line":360,"column":24}},"120":{"start":{"line":364,"column":8},"end":{"line":370,"column":null}},"121":{"start":{"line":368,"column":10},"end":{"line":368,"column":52}},"122":{"start":{"line":369,"column":10},"end":{"line":369,"column":17}},"123":{"start":{"line":372,"column":8},"end":{"line":374,"column":null}},"124":{"start":{"line":373,"column":10},"end":{"line":373,"column":29}},"125":{"start":{"line":376,"column":8},"end":{"line":378,"column":null}},"126":{"start":{"line":377,"column":10},"end":{"line":377,"column":29}},"127":{"start":{"line":380,"column":30},"end":{"line":380,"column":66}},"128":{"start":{"line":382,"column":8},"end":{"line":396,"column":null}},"129":{"start":{"line":389,"column":10},"end":{"line":389,"column":44}},"130":{"start":{"line":391,"column":10},"end":{"line":394,"column":13}},"131":{"start":{"line":395,"column":10},"end":{"line":395,"column":24}},"132":{"start":{"line":398,"column":8},"end":{"line":398,"column":50}},"133":{"start":{"line":403,"column":8},"end":{"line":405,"column":null}},"134":{"start":{"line":404,"column":10},"end":{"line":404,"column":24}},"135":{"start":{"line":407,"column":20},"end":{"line":407,"column":40}},"136":{"start":{"line":409,"column":8},"end":{"line":413,"column":null}},"137":{"start":{"line":410,"column":10},"end":{"line":410,"column":20}},"138":{"start":{"line":412,"column":10},"end":{"line":412,"column":17}},"139":{"start":{"line":417,"column":4},"end":{"line":417,"column":35}},"140":{"start":{"line":423,"column":4},"end":{"line":423,"column":48}},"141":{"start":{"line":431,"column":4},"end":{"line":440,"column":7}},"142":{"start":{"line":433,"column":6},"end":{"line":439,"column":9}},"143":{"start":{"line":434,"column":8},"end":{"line":436,"column":null}},"144":{"start":{"line":435,"column":10},"end":{"line":435,"column":32}},"145":{"start":{"line":438,"column":8},"end":{"line":438,"column":31}},"146":{"start":{"line":448,"column":4},"end":{"line":472,"column":6}},"147":{"start":{"line":453,"column":6},"end":{"line":471,"column":null}},"148":{"start":{"line":454,"column":8},"end":{"line":458,"column":10}},"149":{"start":{"line":459,"column":8},"end":{"line":459,"column":39}},"150":{"start":{"line":462,"column":26},"end":{"line":462,"column":64}},"151":{"start":{"line":464,"column":8},"end":{"line":464,"column":49}},"152":{"start":{"line":469,"column":8},"end":{"line":469,"column":61}},"153":{"start":{"line":470,"column":8},"end":{"line":470,"column":18}},"154":{"start":{"line":480,"column":4},"end":{"line":480,"column":50}},"155":{"start":{"line":41,"column":0},"end":{"line":41,"column":21}}},"fnMap":{"0":{"name":"(anonymous_0)","decl":{"start":{"line":58,"column":2},"end":{"line":58,"column":14}},"loc":{"start":{"line":70,"column":8},"end":{"line":91,"column":3}}},"1":{"name":"(anonymous_1)","decl":{"start":{"line":94,"column":2},"end":{"line":94,"column":8}},"loc":{"start":{"line":94,"column":20},"end":{"line":100,"column":3}}},"2":{"name":"(anonymous_2)","decl":{"start":{"line":104,"column":2},"end":{"line":104,"column":6}},"loc":{"start":{"line":104,"column":26},"end":{"line":106,"column":3}}},"3":{"name":"(anonymous_3)","decl":{"start":{"line":108,"column":2},"end":{"line":108,"column":6}},"loc":{"start":{"line":108,"column":32},"end":{"line":110,"column":3}}},"4":{"name":"(anonymous_4)","decl":{"start":{"line":112,"column":2},"end":{"line":112,"column":6}},"loc":{"start":{"line":112,"column":30},"end":{"line":114,"column":3}}},"5":{"name":"(anonymous_5)","decl":{"start":{"line":116,"column":2},"end":{"line":116,"column":6}},"loc":{"start":{"line":116,"column":31},"end":{"line":118,"column":3}}},"6":{"name":"(anonymous_6)","decl":{"start":{"line":122,"column":2},"end":{"line":122,"column":6}},"loc":{"start":{"line":122,"column":26},"end":{"line":129,"column":3}}},"7":{"name":"(anonymous_7)","decl":{"start":{"line":131,"column":2},"end":{"line":131,"column":6}},"loc":{"start":{"line":131,"column":13},"end":{"line":137,"column":3}}},"8":{"name":"(anonymous_8)","decl":{"start":{"line":139,"column":2},"end":{"line":139,"column":6}},"loc":{"start":{"line":139,"column":12},"end":{"line":145,"column":3}}},"9":{"name":"(anonymous_9)","decl":{"start":{"line":147,"column":2},"end":{"line":147,"column":6}},"loc":{"start":{"line":147,"column":17},"end":{"line":152,"column":3}}},"10":{"name":"(anonymous_10)","decl":{"start":{"line":154,"column":2},"end":{"line":154,"column":6}},"loc":{"start":{"line":154,"column":14},"end":{"line":160,"column":3}}},"11":{"name":"(anonymous_11)","decl":{"start":{"line":162,"column":2},"end":{"line":162,"column":6}},"loc":{"start":{"line":162,"column":17},"end":{"line":168,"column":3}}},"12":{"name":"(anonymous_12)","decl":{"start":{"line":170,"column":2},"end":{"line":170,"column":6}},"loc":{"start":{"line":170,"column":11},"end":{"line":176,"column":3}}},"13":{"name":"(anonymous_13)","decl":{"start":{"line":180,"column":2},"end":{"line":180,"column":13}},"loc":{"start":{"line":180,"column":27},"end":{"line":187,"column":3}}},"14":{"name":"(anonymous_14)","decl":{"start":{"line":189,"column":2},"end":{"line":189,"column":7}},"loc":{"start":{"line":191,"column":36},"end":{"line":211,"column":3}}},"15":{"name":"(anonymous_15)","decl":{"start":{"line":216,"column":2},"end":{"line":216,"column":16}},"loc":{"start":{"line":216,"column":45},"end":{"line":222,"column":3}}},"16":{"name":"(anonymous_16)","decl":{"start":{"line":219,"column":31},"end":{"line":219,"column":32}},"loc":{"start":{"line":219,"column":65},"end":{"line":221,"column":5}}},"17":{"name":"(anonymous_17)","decl":{"start":{"line":225,"column":2},"end":{"line":225,"column":15}},"loc":{"start":{"line":225,"column":44},"end":{"line":233,"column":3}}},"18":{"name":"(anonymous_18)","decl":{"start":{"line":228,"column":31},"end":{"line":228,"column":32}},"loc":{"start":{"line":228,"column":65},"end":{"line":230,"column":5}}},"19":{"name":"(anonymous_19)","decl":{"start":{"line":235,"column":2},"end":{"line":235,"column":20}},"loc":{"start":{"line":236,"column":69},"end":{"line":418,"column":3}}},"20":{"name":"decodeToken","decl":{"start":{"line":238,"column":13},"end":{"line":238,"column":24}},"loc":{"start":{"line":238,"column":52},"end":{"line":244,"column":5}}},"21":{"name":"verifyToken","decl":{"start":{"line":246,"column":13},"end":{"line":246,"column":24}},"loc":{"start":{"line":248,"column":31},"end":{"line":259,"column":5}}},"22":{"name":"isDevelopmentOrStaging","decl":{"start":{"line":261,"column":13},"end":{"line":261,"column":35}},"loc":{"start":{"line":261,"column":50},"end":{"line":263,"column":5}}},"23":{"name":"isProduction","decl":{"start":{"line":265,"column":13},"end":{"line":265,"column":25}},"loc":{"start":{"line":265,"column":40},"end":{"line":267,"column":5}}},"24":{"name":"isCrossOriginRequest","decl":{"start":{"line":269,"column":13},"end":{"line":269,"column":33}},"loc":{"start":{"line":269,"column":46},"end":{"line":302,"column":5}}},"25":{"name":"signedOut","decl":{"start":{"line":304,"column":13},"end":{"line":304,"column":22}},"loc":{"start":{"line":304,"column":22},"end":{"line":306,"column":5}}},"26":{"name":"interstitial","decl":{"start":{"line":308,"column":19},"end":{"line":308,"column":31}},"loc":{"start":{"line":308,"column":69},"end":{"line":318,"column":5}}},"27":{"name":"authenticate","decl":{"start":{"line":320,"column":19},"end":{"line":320,"column":31}},"loc":{"start":{"line":324,"column":24},"end":{"line":415,"column":5}}},"28":{"name":"(anonymous_28)","decl":{"start":{"line":420,"column":2},"end":{"line":420,"column":23}},"loc":{"start":{"line":421,"column":68},"end":{"line":424,"column":3}}},"29":{"name":"(anonymous_29)","decl":{"start":{"line":430,"column":10},"end":{"line":430,"column":24}},"loc":{"start":{"line":430,"column":37},"end":{"line":441,"column":3}}},"30":{"name":"(anonymous_30)","decl":{"start":{"line":431,"column":23},"end":{"line":431,"column":24}},"loc":{"start":{"line":431,"column":43},"end":{"line":440,"column":5}}},"31":{"name":"(anonymous_31)","decl":{"start":{"line":433,"column":19},"end":{"line":433,"column":20}},"loc":{"start":{"line":433,"column":30},"end":{"line":439,"column":7}}},"32":{"name":"(anonymous_32)","decl":{"start":{"line":444,"column":2},"end":{"line":444,"column":13}},"loc":{"start":{"line":446,"column":69},"end":{"line":473,"column":3}}},"33":{"name":"(anonymous_33)","decl":{"start":{"line":448,"column":11},"end":{"line":448,"column":16}},"loc":{"start":{"line":452,"column":8},"end":{"line":472,"column":5}}},"34":{"name":"(anonymous_34)","decl":{"start":{"line":476,"column":2},"end":{"line":476,"column":16}},"loc":{"start":{"line":478,"column":68},"end":{"line":481,"column":3}}}},"branchMap":{"0":{"loc":{"start":{"line":26,"column":22},"end":{"line":26,"column":53}},"type":"binary-expr","locations":[{"start":{"line":26,"column":22},"end":{"line":26,"column":47}},{"start":{"line":26,"column":51},"end":{"line":26,"column":53}}]},"1":{"loc":{"start":{"line":27,"column":26},"end":{"line":27,"column":63}},"type":"binary-expr","locations":[{"start":{"line":27,"column":26},"end":{"line":27,"column":55}},{"start":{"line":27,"column":59},"end":{"line":27,"column":63}}]},"2":{"loc":{"start":{"line":29,"column":2},"end":{"line":29,"column":54}},"type":"binary-expr","locations":[{"start":{"line":29,"column":2},"end":{"line":29,"column":27}},{"start":{"line":29,"column":31},"end":{"line":29,"column":54}}]},"3":{"loc":{"start":{"line":58,"column":14},"end":{"line":70,"column":8}},"type":"default-arg","locations":[{"start":{"line":70,"column":6},"end":{"line":70,"column":8}}]},"4":{"loc":{"start":{"line":59,"column":4},"end":{"line":59,"column":26}},"type":"default-arg","locations":[{"start":{"line":59,"column":13},"end":{"line":59,"column":26}}]},"5":{"loc":{"start":{"line":60,"column":4},"end":{"line":60,"column":38}},"type":"default-arg","locations":[{"start":{"line":60,"column":19},"end":{"line":60,"column":38}}]},"6":{"loc":{"start":{"line":61,"column":4},"end":{"line":61,"column":34}},"type":"default-arg","locations":[{"start":{"line":61,"column":17},"end":{"line":61,"column":34}}]},"7":{"loc":{"start":{"line":62,"column":4},"end":{"line":62,"column":20}},"type":"default-arg","locations":[{"start":{"line":62,"column":18},"end":{"line":62,"column":20}}]},"8":{"loc":{"start":{"line":63,"column":4},"end":{"line":63,"column":44}},"type":"default-arg","locations":[{"start":{"line":63,"column":22},"end":{"line":63,"column":44}}]},"9":{"loc":{"start":{"line":71,"column":4},"end":{"line":73,"column":null}},"type":"if","locations":[{"start":{"line":71,"column":4},"end":{"line":73,"column":null}}]},"10":{"loc":{"start":{"line":95,"column":4},"end":{"line":97,"column":null}},"type":"if","locations":[{"start":{"line":95,"column":4},"end":{"line":97,"column":null}}]},"11":{"loc":{"start":{"line":123,"column":4},"end":{"line":127,"column":null}},"type":"if","locations":[{"start":{"line":123,"column":4},"end":{"line":127,"column":null}}]},"12":{"loc":{"start":{"line":132,"column":4},"end":{"line":134,"column":null}},"type":"if","locations":[{"start":{"line":132,"column":4},"end":{"line":134,"column":null}}]},"13":{"loc":{"start":{"line":140,"column":4},"end":{"line":142,"column":null}},"type":"if","locations":[{"start":{"line":140,"column":4},"end":{"line":142,"column":null}}]},"14":{"loc":{"start":{"line":148,"column":4},"end":{"line":150,"column":null}},"type":"if","locations":[{"start":{"line":148,"column":4},"end":{"line":150,"column":null}}]},"15":{"loc":{"start":{"line":155,"column":4},"end":{"line":157,"column":null}},"type":"if","locations":[{"start":{"line":155,"column":4},"end":{"line":157,"column":null}}]},"16":{"loc":{"start":{"line":163,"column":4},"end":{"line":165,"column":null}},"type":"if","locations":[{"start":{"line":163,"column":4},"end":{"line":165,"column":null}}]},"17":{"loc":{"start":{"line":171,"column":4},"end":{"line":173,"column":null}},"type":"if","locations":[{"start":{"line":171,"column":4},"end":{"line":173,"column":null}}]},"18":{"loc":{"start":{"line":182,"column":4},"end":{"line":184,"column":null}},"type":"if","locations":[{"start":{"line":182,"column":4},"end":{"line":184,"column":null}}]},"19":{"loc":{"start":{"line":191,"column":4},"end":{"line":191,"column":36}},"type":"default-arg","locations":[{"start":{"line":191,"column":27},"end":{"line":191,"column":36}}]},"20":{"loc":{"start":{"line":194,"column":4},"end":{"line":196,"column":null}},"type":"if","locations":[{"start":{"line":194,"column":4},"end":{"line":196,"column":null}}]},"21":{"loc":{"start":{"line":203,"column":4},"end":{"line":208,"column":null}},"type":"if","locations":[{"start":{"line":203,"column":4},"end":{"line":208,"column":null}}]},"22":{"loc":{"start":{"line":204,"column":6},"end":{"line":205,"column":61}},"type":"binary-expr","locations":[{"start":{"line":204,"column":6},"end":{"line":204,"column":37}},{"start":{"line":205,"column":6},"end":{"line":205,"column":61}}]},"23":{"loc":{"start":{"line":205,"column":8},"end":{"line":205,"column":54}},"type":"cond-expr","locations":[{"start":{"line":205,"column":20},"end":{"line":205,"column":22}},{"start":{"line":205,"column":20},"end":{"line":205,"column":54}}]},"24":{"loc":{"start":{"line":205,"column":8},"end":{"line":205,"column":22}},"type":"binary-expr","locations":[{"start":{"line":205,"column":8},"end":{"line":205,"column":22}},{"start":{"line":205,"column":20},"end":{"line":205,"column":22}}]},"25":{"loc":{"start":{"line":219,"column":5},"end":{"line":219,"column":21}},"type":"binary-expr","locations":[{"start":{"line":219,"column":5},"end":{"line":219,"column":15}},{"start":{"line":219,"column":19},"end":{"line":219,"column":21}}]},"26":{"loc":{"start":{"line":228,"column":5},"end":{"line":228,"column":21}},"type":"binary-expr","locations":[{"start":{"line":228,"column":5},"end":{"line":228,"column":15}},{"start":{"line":228,"column":19},"end":{"line":228,"column":21}}]},"27":{"loc":{"start":{"line":236,"column":4},"end":{"line":236,"column":69}},"type":"default-arg","locations":[{"start":{"line":236,"column":37},"end":{"line":236,"column":69}}]},"28":{"loc":{"start":{"line":250,"column":6},"end":{"line":252,"column":null}},"type":"if","locations":[{"start":{"line":250,"column":6},"end":{"line":252,"column":null}}]},"29":{"loc":{"start":{"line":271,"column":21},"end":{"line":271,"column":76}},"type":"cond-expr","locations":[{"start":{"line":271,"column":39},"end":{"line":271,"column":41}},{"start":{"line":271,"column":39},"end":{"line":271,"column":76}}]},"30":{"loc":{"start":{"line":271,"column":21},"end":{"line":271,"column":41}},"type":"binary-expr","locations":[{"start":{"line":271,"column":21},"end":{"line":271,"column":41}},{"start":{"line":271,"column":39},"end":{"line":271,"column":41}}]},"31":{"loc":{"start":{"line":272,"column":6},"end":{"line":274,"column":null}},"type":"if","locations":[{"start":{"line":272,"column":6},"end":{"line":274,"column":null}}]},"32":{"loc":{"start":{"line":278,"column":6},"end":{"line":283,"column":null}},"type":"if","locations":[{"start":{"line":278,"column":6},"end":{"line":283,"column":null}}]},"33":{"loc":{"start":{"line":279,"column":8},"end":{"line":280,"column":43}},"type":"binary-expr","locations":[{"start":{"line":279,"column":8},"end":{"line":279,"column":42}},{"start":{"line":280,"column":8},"end":{"line":280,"column":43}}]},"34":{"loc":{"start":{"line":287,"column":17},"end":{"line":287,"column":68}},"type":"cond-expr","locations":[{"start":{"line":287,"column":60},"end":{"line":287,"column":62}},{"start":{"line":287,"column":60},"end":{"line":287,"column":68}}]},"35":{"loc":{"start":{"line":287,"column":17},"end":{"line":287,"column":62}},"type":"binary-expr","locations":[{"start":{"line":287,"column":17},"end":{"line":287,"column":62}},{"start":{"line":287,"column":60},"end":{"line":287,"column":62}}]},"36":{"loc":{"start":{"line":288,"column":6},"end":{"line":290,"column":null}},"type":"if","locations":[{"start":{"line":288,"column":6},"end":{"line":290,"column":null}}]},"37":{"loc":{"start":{"line":292,"column":17},"end":{"line":292,"column":68}},"type":"cond-expr","locations":[{"start":{"line":292,"column":60},"end":{"line":292,"column":62}},{"start":{"line":292,"column":60},"end":{"line":292,"column":68}}]},"38":{"loc":{"start":{"line":292,"column":17},"end":{"line":292,"column":62}},"type":"binary-expr","locations":[{"start":{"line":292,"column":17},"end":{"line":292,"column":62}},{"start":{"line":292,"column":60},"end":{"line":292,"column":62}}]},"39":{"loc":{"start":{"line":293,"column":6},"end":{"line":295,"column":null}},"type":"if","locations":[{"start":{"line":293,"column":6},"end":{"line":295,"column":null}}]},"40":{"loc":{"start":{"line":297,"column":6},"end":{"line":299,"column":null}},"type":"if","locations":[{"start":{"line":297,"column":6},"end":{"line":299,"column":null}}]},"41":{"loc":{"start":{"line":297,"column":10},"end":{"line":297,"column":49}},"type":"binary-expr","locations":[{"start":{"line":297,"column":10},"end":{"line":297,"column":14}},{"start":{"line":297,"column":18},"end":{"line":297,"column":31}},{"start":{"line":297,"column":35},"end":{"line":297,"column":49}}]},"42":{"loc":{"start":{"line":333,"column":27},"end":{"line":334,"column":38}},"type":"binary-expr","locations":[{"start":{"line":333,"column":27},"end":{"line":333,"column":55}},{"start":{"line":334,"column":10},"end":{"line":334,"column":38}}]},"43":{"loc":{"start":{"line":335,"column":22},"end":{"line":335,"column":57}},"type":"cond-expr","locations":[{"start":{"line":335,"column":33},"end":{"line":335,"column":35}},{"start":{"line":335,"column":22},"end":{"line":335,"column":57}}]},"44":{"loc":{"start":{"line":335,"column":22},"end":{"line":335,"column":35}},"type":"binary-expr","locations":[{"start":{"line":335,"column":22},"end":{"line":335,"column":35}},{"start":{"line":335,"column":22},"end":{"line":335,"column":35}}]},"45":{"loc":{"start":{"line":339,"column":8},"end":{"line":341,"column":null}},"type":"if","locations":[{"start":{"line":339,"column":8},"end":{"line":341,"column":null}}]},"46":{"loc":{"start":{"line":339,"column":12},"end":{"line":339,"column":58}},"type":"binary-expr","locations":[{"start":{"line":339,"column":12},"end":{"line":339,"column":23}},{"start":{"line":339,"column":27},"end":{"line":339,"column":58}}]},"47":{"loc":{"start":{"line":343,"column":8},"end":{"line":345,"column":null}},"type":"if","locations":[{"start":{"line":343,"column":8},"end":{"line":345,"column":null}}]},"48":{"loc":{"start":{"line":343,"column":12},"end":{"line":343,"column":53}},"type":"binary-expr","locations":[{"start":{"line":343,"column":12},"end":{"line":343,"column":24}},{"start":{"line":343,"column":28},"end":{"line":343,"column":53}}]},"49":{"loc":{"start":{"line":347,"column":8},"end":{"line":361,"column":null}},"type":"if","locations":[{"start":{"line":347,"column":8},"end":{"line":361,"column":null}}]},"50":{"loc":{"start":{"line":349,"column":10},"end":{"line":351,"column":null}},"type":"if","locations":[{"start":{"line":349,"column":10},"end":{"line":351,"column":null}}]},"51":{"loc":{"start":{"line":364,"column":8},"end":{"line":370,"column":null}},"type":"if","locations":[{"start":{"line":364,"column":8},"end":{"line":370,"column":null}}]},"52":{"loc":{"start":{"line":365,"column":10},"end":{"line":366,"column":61}},"type":"binary-expr","locations":[{"start":{"line":365,"column":10},"end":{"line":365,"column":57}},{"start":{"line":366,"column":11},"end":{"line":366,"column":31}},{"start":{"line":366,"column":35},"end":{"line":366,"column":60}}]},"53":{"loc":{"start":{"line":372,"column":8},"end":{"line":374,"column":null}},"type":"if","locations":[{"start":{"line":372,"column":8},"end":{"line":374,"column":null}}]},"54":{"loc":{"start":{"line":372,"column":12},"end":{"line":372,"column":63}},"type":"binary-expr","locations":[{"start":{"line":372,"column":12},"end":{"line":372,"column":49}},{"start":{"line":372,"column":53},"end":{"line":372,"column":63}}]},"55":{"loc":{"start":{"line":376,"column":8},"end":{"line":378,"column":null}},"type":"if","locations":[{"start":{"line":376,"column":8},"end":{"line":378,"column":null}}]},"56":{"loc":{"start":{"line":382,"column":8},"end":{"line":396,"column":null}},"type":"if","locations":[{"start":{"line":382,"column":8},"end":{"line":396,"column":null}}]},"57":{"loc":{"start":{"line":383,"column":10},"end":{"line":386,"column":48}},"type":"binary-expr","locations":[{"start":{"line":383,"column":10},"end":{"line":383,"column":21}},{"start":{"line":384,"column":10},"end":{"line":384,"column":19}},{"start":{"line":385,"column":10},"end":{"line":385,"column":28}},{"start":{"line":386,"column":10},"end":{"line":386,"column":48}}]},"58":{"loc":{"start":{"line":385,"column":10},"end":{"line":385,"column":28}},"type":"cond-expr","locations":[{"start":{"line":385,"column":23},"end":{"line":385,"column":25}},{"start":{"line":385,"column":10},"end":{"line":385,"column":28}}]},"59":{"loc":{"start":{"line":385,"column":10},"end":{"line":385,"column":25}},"type":"binary-expr","locations":[{"start":{"line":385,"column":10},"end":{"line":385,"column":25}},{"start":{"line":385,"column":10},"end":{"line":385,"column":25}}]},"60":{"loc":{"start":{"line":403,"column":8},"end":{"line":405,"column":null}},"type":"if","locations":[{"start":{"line":403,"column":8},"end":{"line":405,"column":null}}]},"61":{"loc":{"start":{"line":409,"column":8},"end":{"line":413,"column":null}},"type":"if","locations":[{"start":{"line":409,"column":8},"end":{"line":413,"column":null}},{"start":{"line":411,"column":15},"end":{"line":413,"column":null}}]},"62":{"loc":{"start":{"line":421,"column":4},"end":{"line":421,"column":68}},"type":"default-arg","locations":[{"start":{"line":421,"column":37},"end":{"line":421,"column":68}}]},"63":{"loc":{"start":{"line":434,"column":8},"end":{"line":436,"column":null}},"type":"if","locations":[{"start":{"line":434,"column":8},"end":{"line":436,"column":null}}]},"64":{"loc":{"start":{"line":446,"column":4},"end":{"line":446,"column":69}},"type":"default-arg","locations":[{"start":{"line":446,"column":37},"end":{"line":446,"column":69}}]},"65":{"loc":{"start":{"line":462,"column":26},"end":{"line":462,"column":64}},"type":"binary-expr","locations":[{"start":{"line":462,"column":26},"end":{"line":462,"column":36}},{"start":{"line":462,"column":40},"end":{"line":462,"column":64}}]},"66":{"loc":{"start":{"line":464,"column":25},"end":{"line":464,"column":48}},"type":"binary-expr","locations":[{"start":{"line":464,"column":25},"end":{"line":464,"column":41}},{"start":{"line":464,"column":45},"end":{"line":464,"column":48}}]},"67":{"loc":{"start":{"line":469,"column":8},"end":{"line":469,"column":60}},"type":"cond-expr","locations":[{"start":{"line":469,"column":19},"end":{"line":469,"column":38}},{"start":{"line":469,"column":41},"end":{"line":469,"column":60}}]},"68":{"loc":{"start":{"line":478,"column":4},"end":{"line":478,"column":68}},"type":"default-arg","locations":[{"start":{"line":478,"column":37},"end":{"line":478,"column":68}}]}},"s":{"0":12,"1":12,"2":12,"3":12,"4":12,"5":12,"6":12,"7":12,"8":12,"9":12,"10":12,"11":12,"12":12,"13":12,"14":12,"15":12,"16":12,"17":12,"18":14,"19":1,"20":13,"21":13,"22":35,"23":9,"24":35,"25":0,"26":0,"27":0,"28":0,"29":10,"30":8,"31":10,"32":10,"33":8,"34":10,"35":10,"36":8,"37":10,"38":10,"39":8,"40":10,"41":10,"42":8,"43":10,"44":10,"45":8,"46":10,"47":10,"48":8,"49":10,"50":2,"51":2,"52":0,"53":2,"54":0,"55":0,"56":0,"57":0,"58":0,"59":0,"60":0,"61":0,"62":1,"63":1,"64":0,"65":1,"66":1,"67":0,"68":1,"69":2,"70":2,"71":0,"72":2,"73":0,"74":2,"75":2,"76":0,"77":0,"78":0,"79":0,"80":0,"81":0,"82":0,"83":0,"84":0,"85":0,"86":0,"87":0,"88":0,"89":0,"90":0,"91":0,"92":0,"93":0,"94":0,"95":0,"96":0,"97":0,"98":0,"99":0,"100":4,"101":4,"102":4,"103":2,"104":2,"105":2,"106":2,"107":2,"108":2,"109":2,"110":0,"111":2,"112":0,"113":2,"114":2,"115":2,"116":0,"117":2,"118":2,"119":2,"120":0,"121":0,"122":0,"123":0,"124":0,"125":0,"126":0,"127":0,"128":0,"129":0,"130":0,"131":0,"132":0,"133":2,"134":0,"135":2,"136":2,"137":1,"138":1,"139":4,"140":1,"141":0,"142":0,"143":0,"144":0,"145":0,"146":0,"147":0,"148":0,"149":0,"150":0,"151":0,"152":0,"153":0,"154":0,"155":12},"f":{"0":14,"1":35,"2":0,"3":0,"4":0,"5":0,"6":10,"7":10,"8":10,"9":10,"10":10,"11":10,"12":10,"13":2,"14":0,"15":1,"16":0,"17":1,"18":0,"19":4,"20":2,"21":2,"22":0,"23":0,"24":0,"25":0,"26":0,"27":4,"28":1,"29":0,"30":0,"31":0,"32":0,"33":0,"34":0},"b":{"0":[12,2],"1":[12,12],"2":[12,12],"3":[13],"4":[13],"5":[14],"6":[14],"7":[14],"8":[14],"9":[1],"10":[9],"11":[8],"12":[8],"13":[8],"14":[8],"15":[8],"16":[8],"17":[8],"18":[0],"19":[0],"20":[0],"21":[0],"22":[0,0],"23":[0,0],"24":[0,0],"25":[1,1],"26":[1,1],"27":[3],"28":[0],"29":[0,0],"30":[0,0],"31":[0],"32":[0],"33":[0,0],"34":[0,0],"35":[0,0],"36":[0],"37":[0,0],"38":[0,0],"39":[0],"40":[0],"41":[0,0,0],"42":[2,0],"43":[0,2],"44":[2,2],"45":[0],"46":[2,2],"47":[0],"48":[2,0],"49":[2],"50":[0],"51":[0],"52":[0,0,0],"53":[0],"54":[0,0],"55":[0],"56":[0],"57":[0,0,0,0],"58":[0,0],"59":[0,0],"60":[0],"61":[1,1],"62":[1],"63":[0],"64":[0],"65":[0,0],"66":[0,0],"67":[0,0],"68":[0]}}
,"/Users/peterperlepes/Documents/clerk/javascript/packages/sdk-node/src/index.ts": {"path":"/Users/peterperlepes/Documents/clerk/javascript/packages/sdk-node/src/index.ts","statementMap":{"0":{"start":{"line":1,"column":0},"end":{"line":1,"column":31}},"1":{"start":{"line":3,"column":26},"end":{"line":3,"column":45}},"2":{"start":{"line":4,"column":29},"end":{"line":4,"column":67}},"3":{"start":{"line":17,"column":2},"end":{"line":17,"column":22}},"4":{"start":{"line":5,"column":16},"end":{"line":5,"column":41}},"5":{"start":{"line":18,"column":2},"end":{"line":18,"column":9}},"6":{"start":{"line":6,"column":15},"end":{"line":6,"column":39}},"7":{"start":{"line":19,"column":2},"end":{"line":19,"column":8}},"8":{"start":{"line":7,"column":20},"end":{"line":7,"column":49}},"9":{"start":{"line":20,"column":2},"end":{"line":20,"column":13}},"10":{"start":{"line":8,"column":17},"end":{"line":8,"column":43}},"11":{"start":{"line":21,"column":2},"end":{"line":21,"column":10}},"12":{"start":{"line":9,"column":20},"end":{"line":9,"column":49}},"13":{"start":{"line":22,"column":2},"end":{"line":22,"column":13}},"14":{"start":{"line":10,"column":14},"end":{"line":10,"column":37}},"15":{"start":{"line":23,"column":2},"end":{"line":23,"column":7}},"16":{"start":{"line":13,"column":0},"end":{"line":13,"column":33}},"17":{"start":{"line":27,"column":0},"end":{"line":27,"column":null}},"18":{"start":{"line":29,"column":2},"end":{"line":29,"column":null}},"19":{"start":{"line":30,"column":2},"end":{"line":30,"column":null}},"20":{"start":{"line":31,"column":2},"end":{"line":31,"column":null}},"21":{"start":{"line":32,"column":2},"end":{"line":32,"column":null}},"22":{"start":{"line":33,"column":2},"end":{"line":33,"column":null}},"23":{"start":{"line":34,"column":2},"end":{"line":34,"column":null}},"24":{"start":{"line":35,"column":2},"end":{"line":35,"column":null}},"25":{"start":{"line":36,"column":2},"end":{"line":36,"column":null}},"26":{"start":{"line":37,"column":2},"end":{"line":37,"column":null}},"27":{"start":{"line":38,"column":2},"end":{"line":38,"column":null}},"28":{"start":{"line":39,"column":2},"end":{"line":39,"column":null}},"29":{"start":{"line":40,"column":2},"end":{"line":40,"column":null}},"30":{"start":{"line":45,"column":2},"end":{"line":45,"column":62}},"31":{"start":{"line":51,"column":2},"end":{"line":51,"column":25}},"32":{"start":{"line":47,"column":2},"end":{"line":47,"column":65}},"33":{"start":{"line":52,"column":2},"end":{"line":52,"column":28}},"34":{"start":{"line":48,"column":20},"end":{"line":48,"column":73}},"35":{"start":{"line":53,"column":2},"end":{"line":53,"column":13}},"36":{"start":{"line":49,"column":23},"end":{"line":49,"column":79}},"37":{"start":{"line":54,"column":2},"end":{"line":54,"column":16}},"38":{"start":{"line":66,"column":0},"end":{"line":66,"column":null}},"39":{"start":{"line":67,"column":2},"end":{"line":67,"column":null}},"40":{"start":{"line":68,"column":2},"end":{"line":68,"column":null}},"41":{"start":{"line":73,"column":0},"end":{"line":73,"column":7}},"42":{"start":{"line":74,"column":9},"end":{"line":73,"column":36}},"43":{"start":{"line":80,"column":2},"end":{"line":80,"column":37}},"44":{"start":{"line":79,"column":0},"end":{"line":79,"column":16}},"45":{"start":{"line":84,"column":2},"end":{"line":84,"column":43}},"46":{"start":{"line":83,"column":0},"end":{"line":83,"column":16}},"47":{"start":{"line":88,"column":2},"end":{"line":88,"column":41}},"48":{"start":{"line":87,"column":0},"end":{"line":87,"column":16}},"49":{"start":{"line":92,"column":2},"end":{"line":92,"column":42}},"50":{"start":{"line":91,"column":0},"end":{"line":91,"column":16}}},"fnMap":{"0":{"name":"(anonymous_0)","decl":{"start":{"line":29,"column":2},"end":{"line":29,"column":21}},"loc":{"start":{"line":29,"column":2},"end":{"line":29,"column":null}}},"1":{"name":"(anonymous_1)","decl":{"start":{"line":30,"column":2},"end":{"line":30,"column":8}},"loc":{"start":{"line":30,"column":2},"end":{"line":30,"column":null}}},"2":{"name":"(anonymous_2)","decl":{"start":{"line":31,"column":2},"end":{"line":31,"column":7}},"loc":{"start":{"line":31,"column":2},"end":{"line":31,"column":null}}},"3":{"name":"(anonymous_3)","decl":{"start":{"line":32,"column":2},"end":{"line":32,"column":14}},"loc":{"start":{"line":32,"column":2},"end":{"line":32,"column":null}}},"4":{"name":"(anonymous_4)","decl":{"start":{"line":33,"column":2},"end":{"line":33,"column":17}},"loc":{"start":{"line":33,"column":2},"end":{"line":33,"column":null}}},"5":{"name":"(anonymous_5)","decl":{"start":{"line":34,"column":2},"end":{"line":34,"column":20}},"loc":{"start":{"line":34,"column":2},"end":{"line":34,"column":null}}},"6":{"name":"(anonymous_6)","decl":{"start":{"line":35,"column":2},"end":{"line":35,"column":12}},"loc":{"start":{"line":35,"column":2},"end":{"line":35,"column":null}}},"7":{"name":"(anonymous_7)","decl":{"start":{"line":36,"column":2},"end":{"line":36,"column":13}},"loc":{"start":{"line":36,"column":2},"end":{"line":36,"column":null}}},"8":{"name":"(anonymous_8)","decl":{"start":{"line":37,"column":2},"end":{"line":37,"column":9}},"loc":{"start":{"line":37,"column":2},"end":{"line":37,"column":null}}},"9":{"name":"(anonymous_9)","decl":{"start":{"line":38,"column":2},"end":{"line":38,"column":12}},"loc":{"start":{"line":38,"column":2},"end":{"line":38,"column":null}}},"10":{"name":"(anonymous_10)","decl":{"start":{"line":39,"column":2},"end":{"line":39,"column":6}},"loc":{"start":{"line":39,"column":2},"end":{"line":39,"column":null}}},"11":{"name":"(anonymous_11)","decl":{"start":{"line":40,"column":2},"end":{"line":40,"column":14}},"loc":{"start":{"line":40,"column":2},"end":{"line":40,"column":null}}},"12":{"name":"(anonymous_12)","decl":{"start":{"line":67,"column":2},"end":{"line":67,"column":11}},"loc":{"start":{"line":67,"column":2},"end":{"line":67,"column":null}}},"13":{"name":"(anonymous_13)","decl":{"start":{"line":68,"column":2},"end":{"line":68,"column":18}},"loc":{"start":{"line":68,"column":2},"end":{"line":68,"column":null}}},"14":{"name":"setClerkApiKey","decl":{"start":{"line":79,"column":16},"end":{"line":79,"column":30}},"loc":{"start":{"line":79,"column":44},"end":{"line":81,"column":1}}},"15":{"name":"setClerkServerApiUrl","decl":{"start":{"line":83,"column":16},"end":{"line":83,"column":36}},"loc":{"start":{"line":83,"column":50},"end":{"line":85,"column":1}}},"16":{"name":"setClerkApiVersion","decl":{"start":{"line":87,"column":16},"end":{"line":87,"column":34}},"loc":{"start":{"line":87,"column":48},"end":{"line":89,"column":1}}},"17":{"name":"setClerkHttpOptions","decl":{"start":{"line":91,"column":16},"end":{"line":91,"column":35}},"loc":{"start":{"line":91,"column":49},"end":{"line":93,"column":1}}}},"branchMap":{},"s":{"0":7,"1":7,"2":7,"3":7,"4":7,"5":7,"6":7,"7":7,"8":7,"9":7,"10":7,"11":7,"12":7,"13":7,"14":7,"15":7,"16":7,"17":7,"18":10,"19":11,"20":8,"21":7,"22":7,"23":7,"24":10,"25":7,"26":11,"27":8,"28":15,"29":7,"30":7,"31":7,"32":7,"33":7,"34":7,"35":7,"36":7,"37":7,"38":7,"39":7,"40":7,"41":7,"42":7,"43":0,"44":7,"45":0,"46":7,"47":0,"48":7,"49":0,"50":7},"f":{"0":3,"1":4,"2":1,"3":0,"4":0,"5":0,"6":3,"7":0,"8":4,"9":1,"10":8,"11":0,"12":0,"13":0,"14":0,"15":0,"16":0,"17":0},"b":{}}
,"/Users/peterperlepes/Documents/clerk/javascript/packages/sdk-node/src/info.ts": {"path":"/Users/peterperlepes/Documents/clerk/javascript/packages/sdk-node/src/info.ts","statementMap":{"0":{"start":{"line":3,"column":13},"end":{"line":3,"column":33}},"1":{"start":{"line":4,"column":13},"end":{"line":4,"column":46}}},"fnMap":{},"branchMap":{},"s":{"0":12,"1":12},"f":{},"b":{}}
,"/Users/peterperlepes/Documents/clerk/javascript/packages/sdk-node/src/instance.ts": {"path":"/Users/peterperlepes/Documents/clerk/javascript/packages/sdk-node/src/instance.ts","statementMap":{"0":{"start":{"line":1,"column":0},"end":{"line":1,"column":28}},"1":{"start":{"line":3,"column":0},"end":{"line":3,"column":21}},"2":{"start":{"line":13,"column":0},"end":{"line":13,"column":null}},"3":{"start":{"line":14,"column":2},"end":{"line":14,"column":null}},"4":{"start":{"line":15,"column":2},"end":{"line":15,"column":null}},"5":{"start":{"line":18,"column":0},"end":{"line":18,"column":7}},"6":{"start":{"line":19,"column":9},"end":{"line":18,"column":36}},"7":{"start":{"line":20,"column":0},"end":{"line":20,"column":9}},"8":{"start":{"line":20,"column":9},"end":{"line":20,"column":70}},"9":{"start":{"line":21,"column":0},"end":{"line":21,"column":9}},"10":{"start":{"line":21,"column":9},"end":{"line":21,"column":44}},"11":{"start":{"line":22,"column":0},"end":{"line":22,"column":9}},"12":{"start":{"line":22,"column":9},"end":{"line":22,"column":42}},"13":{"start":{"line":23,"column":0},"end":{"line":23,"column":9}},"14":{"start":{"line":23,"column":9},"end":{"line":23,"column":56}},"15":{"start":{"line":24,"column":0},"end":{"line":24,"column":9}},"16":{"start":{"line":24,"column":9},"end":{"line":24,"column":62}},"17":{"start":{"line":25,"column":0},"end":{"line":25,"column":9}},"18":{"start":{"line":25,"column":9},"end":{"line":25,"column":68}},"19":{"start":{"line":26,"column":0},"end":{"line":26,"column":9}},"20":{"start":{"line":26,"column":9},"end":{"line":26,"column":52}},"21":{"start":{"line":27,"column":0},"end":{"line":27,"column":9}},"22":{"start":{"line":27,"column":9},"end":{"line":27,"column":54}},"23":{"start":{"line":28,"column":0},"end":{"line":28,"column":9}},"24":{"start":{"line":28,"column":9},"end":{"line":28,"column":46}},"25":{"start":{"line":29,"column":0},"end":{"line":29,"column":9}},"26":{"start":{"line":29,"column":9},"end":{"line":29,"column":52}},"27":{"start":{"line":30,"column":0},"end":{"line":30,"column":9}},"28":{"start":{"line":30,"column":9},"end":{"line":30,"column":40}},"29":{"start":{"line":31,"column":0},"end":{"line":31,"column":9}},"30":{"start":{"line":31,"column":9},"end":{"line":31,"column":56}}},"fnMap":{"0":{"name":"(anonymous_0)","decl":{"start":{"line":14,"column":2},"end":{"line":14,"column":11}},"loc":{"start":{"line":14,"column":2},"end":{"line":14,"column":null}}},"1":{"name":"(anonymous_1)","decl":{"start":{"line":15,"column":2},"end":{"line":15,"column":18}},"loc":{"start":{"line":15,"column":2},"end":{"line":15,"column":null}}},"2":{"name":"(anonymous_2)","decl":{"start":{"line":20,"column":9},"end":{"line":20,"column":28}},"loc":{"start":{"line":20,"column":9},"end":{"line":20,"column":70}}},"3":{"name":"(anonymous_3)","decl":{"start":{"line":21,"column":9},"end":{"line":21,"column":15}},"loc":{"start":{"line":21,"column":9},"end":{"line":21,"column":44}}},"4":{"name":"(anonymous_4)","decl":{"start":{"line":22,"column":9},"end":{"line":22,"column":14}},"loc":{"start":{"line":22,"column":9},"end":{"line":22,"column":42}}},"5":{"name":"(anonymous_5)","decl":{"start":{"line":23,"column":9},"end":{"line":23,"column":21}},"loc":{"start":{"line":23,"column":9},"end":{"line":23,"column":56}}},"6":{"name":"(anonymous_6)","decl":{"start":{"line":24,"column":9},"end":{"line":24,"column":24}},"loc":{"start":{"line":24,"column":9},"end":{"line":24,"column":62}}},"7":{"name":"(anonymous_7)","decl":{"start":{"line":25,"column":9},"end":{"line":25,"column":27}},"loc":{"start":{"line":25,"column":9},"end":{"line":25,"column":68}}},"8":{"name":"(anonymous_8)","decl":{"start":{"line":26,"column":9},"end":{"line":26,"column":19}},"loc":{"start":{"line":26,"column":9},"end":{"line":26,"column":52}}},"9":{"name":"(anonymous_9)","decl":{"start":{"line":27,"column":9},"end":{"line":27,"column":20}},"loc":{"start":{"line":27,"column":9},"end":{"line":27,"column":54}}},"10":{"name":"(anonymous_10)","decl":{"start":{"line":28,"column":9},"end":{"line":28,"column":16}},"loc":{"start":{"line":28,"column":9},"end":{"line":28,"column":46}}},"11":{"name":"(anonymous_11)","decl":{"start":{"line":29,"column":9},"end":{"line":29,"column":19}},"loc":{"start":{"line":29,"column":9},"end":{"line":29,"column":52}}},"12":{"name":"(anonymous_12)","decl":{"start":{"line":30,"column":9},"end":{"line":30,"column":13}},"loc":{"start":{"line":30,"column":9},"end":{"line":30,"column":40}}},"13":{"name":"(anonymous_13)","decl":{"start":{"line":31,"column":9},"end":{"line":31,"column":21}},"loc":{"start":{"line":31,"column":9},"end":{"line":31,"column":56}}}},"branchMap":{},"s":{"0":10,"1":10,"2":10,"3":10,"4":10,"5":10,"6":10,"7":10,"8":13,"9":10,"10":14,"11":10,"12":11,"13":10,"14":10,"15":10,"16":10,"17":10,"18":10,"19":10,"20":13,"21":10,"22":10,"23":10,"24":14,"25":10,"26":11,"27":10,"28":18,"29":10,"30":10},"f":{"0":0,"1":0,"2":3,"3":4,"4":1,"5":0,"6":0,"7":0,"8":3,"9":0,"10":4,"11":1,"12":8,"13":0},"b":{}}
,"/Users/peterperlepes/Documents/clerk/javascript/packages/sdk-node/src/apis/AbstractApi.ts": {"path":"/Users/peterperlepes/Documents/clerk/javascript/packages/sdk-node/src/apis/AbstractApi.ts","statementMap":{"0":{"start":{"line":7,"column":4},"end":{"line":7,"column":34}},"1":{"start":{"line":3,"column":0},"end":{"line":3,"column":22}}},"fnMap":{"0":{"name":"(anonymous_0)","decl":{"start":{"line":6,"column":2},"end":{"line":6,"column":14}},"loc":{"start":{"line":6,"column":36},"end":{"line":8,"column":3}}}},"branchMap":{},"s":{"0":56,"1":12},"f":{"0":56},"b":{}}
,"/Users/peterperlepes/Documents/clerk/javascript/packages/sdk-node/src/apis/AllowlistIdentifierApi.ts": {"path":"/Users/peterperlepes/Documents/clerk/javascript/packages/sdk-node/src/apis/AllowlistIdentifierApi.ts","statementMap":{"0":{"start":{"line":1,"column":0},"end":{"line":1,"column":44}},"1":{"start":{"line":4,"column":17},"end":{"line":4,"column":41}},"2":{"start":{"line":15,"column":4},"end":{"line":18,"column":7}},"3":{"start":{"line":24,"column":4},"end":{"line":28,"column":7}},"4":{"start":{"line":34,"column":4},"end":{"line":37,"column":7}},"5":{"start":{"line":11,"column":0},"end":{"line":11,"column":13}}},"fnMap":{"0":{"name":"(anonymous_0)","decl":{"start":{"line":12,"column":9},"end":{"line":12,"column":14}},"loc":{"start":{"line":12,"column":41},"end":{"line":19,"column":3}}},"1":{"name":"(anonymous_1)","decl":{"start":{"line":21,"column":9},"end":{"line":21,"column":14}},"loc":{"start":{"line":22,"column":43},"end":{"line":29,"column":3}}},"2":{"name":"(anonymous_2)","decl":{"start":{"line":31,"column":9},"end":{"line":31,"column":14}},"loc":{"start":{"line":32,"column":33},"end":{"line":38,"column":3}}}},"branchMap":{},"s":{"0":12,"1":12,"2":1,"3":1,"4":1,"5":12},"f":{"0":1,"1":1,"2":1},"b":{}}
,"/Users/peterperlepes/Documents/clerk/javascript/packages/sdk-node/src/apis/ClientApi.ts": {"path":"/Users/peterperlepes/Documents/clerk/javascript/packages/sdk-node/src/apis/ClientApi.ts","statementMap":{"0":{"start":{"line":1,"column":0},"end":{"line":1,"column":44}},"1":{"start":{"line":6,"column":4},"end":{"line":9,"column":7}},"2":{"start":{"line":13,"column":4},"end":{"line":16,"column":7}},"3":{"start":{"line":20,"column":4},"end":{"line":24,"column":7}},"4":{"start":{"line":4,"column":0},"end":{"line":4,"column":13}}},"fnMap":{"0":{"name":"(anonymous_0)","decl":{"start":{"line":5,"column":9},"end":{"line":5,"column":14}},"loc":{"start":{"line":5,"column":28},"end":{"line":10,"column":3}}},"1":{"name":"(anonymous_1)","decl":{"start":{"line":12,"column":9},"end":{"line":12,"column":14}},"loc":{"start":{"line":12,"column":41},"end":{"line":17,"column":3}}},"2":{"name":"(anonymous_2)","decl":{"start":{"line":19,"column":9},"end":{"line":19,"column":21}},"loc":{"start":{"line":19,"column":35},"end":{"line":25,"column":3}}}},"branchMap":{},"s":{"0":12,"1":1,"2":1,"3":1,"4":12},"f":{"0":1,"1":1,"2":1},"b":{}}
,"/Users/peterperlepes/Documents/clerk/javascript/packages/sdk-node/src/apis/EmailApi.ts": {"path":"/Users/peterperlepes/Documents/clerk/javascript/packages/sdk-node/src/apis/EmailApi.ts","statementMap":{"0":{"start":{"line":1,"column":0},"end":{"line":1,"column":44}},"1":{"start":{"line":12,"column":4},"end":{"line":16,"column":7}},"2":{"start":{"line":10,"column":0},"end":{"line":10,"column":13}}},"fnMap":{"0":{"name":"(anonymous_0)","decl":{"start":{"line":11,"column":9},"end":{"line":11,"column":14}},"loc":{"start":{"line":11,"column":46},"end":{"line":17,"column":3}}}},"branchMap":{},"s":{"0":12,"1":1,"2":12},"f":{"0":1},"b":{}}
,"/Users/peterperlepes/Documents/clerk/javascript/packages/sdk-node/src/apis/InvitationApi.ts": {"path":"/Users/peterperlepes/Documents/clerk/javascript/packages/sdk-node/src/apis/InvitationApi.ts","statementMap":{"0":{"start":{"line":1,"column":0},"end":{"line":1,"column":44}},"1":{"start":{"line":4,"column":17},"end":{"line":4,"column":31}},"2":{"start":{"line":12,"column":4},"end":{"line":15,"column":7}},"3":{"start":{"line":19,"column":4},"end":{"line":23,"column":7}},"4":{"start":{"line":27,"column":4},"end":{"line":30,"column":7}},"5":{"start":{"line":10,"column":0},"end":{"line":10,"column":13}}},"fnMap":{"0":{"name":"(anonymous_0)","decl":{"start":{"line":11,"column":9},"end":{"line":11,"column":14}},"loc":{"start":{"line":11,"column":32},"end":{"line":16,"column":3}}},"1":{"name":"(anonymous_1)","decl":{"start":{"line":18,"column":9},"end":{"line":18,"column":14}},"loc":{"start":{"line":18,"column":52},"end":{"line":24,"column":3}}},"2":{"name":"(anonymous_2)","decl":{"start":{"line":26,"column":9},"end":{"line":26,"column":14}},"loc":{"start":{"line":26,"column":52},"end":{"line":31,"column":3}}}},"branchMap":{},"s":{"0":12,"1":12,"2":1,"3":1,"4":1,"5":12},"f":{"0":1,"1":1,"2":1},"b":{}}
,"/Users/peterperlepes/Documents/clerk/javascript/packages/sdk-node/src/apis/SMSMessageApi.ts": {"path":"/Users/peterperlepes/Documents/clerk/javascript/packages/sdk-node/src/apis/SMSMessageApi.ts","statementMap":{"0":{"start":{"line":1,"column":0},"end":{"line":1,"column":44}},"1":{"start":{"line":11,"column":4},"end":{"line":15,"column":7}},"2":{"start":{"line":9,"column":0},"end":{"line":9,"column":13}}},"fnMap":{"0":{"name":"(anonymous_0)","decl":{"start":{"line":10,"column":9},"end":{"line":10,"column":14}},"loc":{"start":{"line":10,"column":49},"end":{"line":16,"column":3}}}},"branchMap":{},"s":{"0":12,"1":1,"2":12},"f":{"0":1},"b":{}}
,"/Users/peterperlepes/Documents/clerk/javascript/packages/sdk-node/src/apis/SessionApi.ts": {"path":"/Users/peterperlepes/Documents/clerk/javascript/packages/sdk-node/src/apis/SessionApi.ts","statementMap":{"0":{"start":{"line":1,"column":0},"end":{"line":1,"column":44}},"1":{"start":{"line":13,"column":4},"end":{"line":17,"column":7}},"2":{"start":{"line":21,"column":4},"end":{"line":24,"column":7}},"3":{"start":{"line":28,"column":4},"end":{"line":31,"column":7}},"4":{"start":{"line":38,"column":4},"end":{"line":42,"column":7}},"5":{"start":{"line":9,"column":0},"end":{"line":9,"column":13}}},"fnMap":{"0":{"name":"(anonymous_0)","decl":{"start":{"line":10,"column":9},"end":{"line":10,"column":14}},"loc":{"start":{"line":11,"column":29},"end":{"line":18,"column":3}}},"1":{"name":"(anonymous_1)","decl":{"start":{"line":20,"column":9},"end":{"line":20,"column":14}},"loc":{"start":{"line":20,"column":43},"end":{"line":25,"column":3}}},"2":{"name":"(anonymous_2)","decl":{"start":{"line":27,"column":9},"end":{"line":27,"column":14}},"loc":{"start":{"line":27,"column":46},"end":{"line":32,"column":3}}},"3":{"name":"(anonymous_3)","decl":{"start":{"line":34,"column":9},"end":{"line":34,"column":14}},"loc":{"start":{"line":36,"column":17},"end":{"line":43,"column":3}}}},"branchMap":{},"s":{"0":12,"1":1,"2":1,"3":0,"4":1,"5":12},"f":{"0":1,"1":1,"2":0,"3":1},"b":{}}
,"/Users/peterperlepes/Documents/clerk/javascript/packages/sdk-node/src/apis/UserApi.ts": {"path":"/Users/peterperlepes/Documents/clerk/javascript/packages/sdk-node/src/apis/UserApi.ts","statementMap":{"0":{"start":{"line":1,"column":0},"end":{"line":1,"column":44}},"1":{"start":{"line":31,"column":4},"end":{"line":35,"column":7}},"2":{"start":{"line":39,"column":4},"end":{"line":42,"column":7}},"3":{"start":{"line":51,"column":4},"end":{"line":53,"column":null}},"4":{"start":{"line":52,"column":6},"end":{"line":52,"column":68}},"5":{"start":{"line":55,"column":4},"end":{"line":60,"column":null}},"6":{"start":{"line":59,"column":6},"end":{"line":59,"column":70}},"7":{"start":{"line":62,"column":4},"end":{"line":66,"column":7}},"8":{"start":{"line":70,"column":4},"end":{"line":73,"column":7}},"9":{"start":{"line":29,"column":0},"end":{"line":29,"column":13}}},"fnMap":{"0":{"name":"(anonymous_0)","decl":{"start":{"line":30,"column":9},"end":{"line":30,"column":14}},"loc":{"start":{"line":30,"column":54},"end":{"line":36,"column":3}}},"1":{"name":"(anonymous_1)","decl":{"start":{"line":38,"column":9},"end":{"line":38,"column":14}},"loc":{"start":{"line":38,"column":37},"end":{"line":43,"column":3}}},"2":{"name":"(anonymous_2)","decl":{"start":{"line":45,"column":9},"end":{"line":45,"column":14}},"loc":{"start":{"line":47,"column":27},"end":{"line":67,"column":3}}},"3":{"name":"(anonymous_3)","decl":{"start":{"line":69,"column":9},"end":{"line":69,"column":14}},"loc":{"start":{"line":69,"column":40},"end":{"line":74,"column":3}}}},"branchMap":{"0":{"loc":{"start":{"line":30,"column":27},"end":{"line":30,"column":54}},"type":"default-arg","locations":[{"start":{"line":30,"column":52},"end":{"line":30,"column":54}}]},"1":{"loc":{"start":{"line":47,"column":4},"end":{"line":47,"column":27}},"type":"default-arg","locations":[{"start":{"line":47,"column":25},"end":{"line":47,"column":27}}]},"2":{"loc":{"start":{"line":51,"column":4},"end":{"line":53,"column":null}},"type":"if","locations":[{"start":{"line":51,"column":4},"end":{"line":53,"column":null}}]},"3":{"loc":{"start":{"line":51,"column":8},"end":{"line":51,"column":76}},"type":"binary-expr","locations":[{"start":{"line":51,"column":8},"end":{"line":51,"column":29}},{"start":{"line":51,"column":33},"end":{"line":51,"column":76}}]},"4":{"loc":{"start":{"line":55,"column":4},"end":{"line":60,"column":null}},"type":"if","locations":[{"start":{"line":55,"column":4},"end":{"line":60,"column":null}}]},"5":{"loc":{"start":{"line":56,"column":6},"end":{"line":57,"column":50}},"type":"binary-expr","locations":[{"start":{"line":56,"column":6},"end":{"line":56,"column":28}},{"start":{"line":57,"column":6},"end":{"line":57,"column":50}}]}},"s":{"0":12,"1":6,"2":1,"3":0,"4":0,"5":0,"6":0,"7":0,"8":0,"9":12},"f":{"0":6,"1":1,"2":0,"3":0},"b":{"0":[1],"1":[0],"2":[0],"3":[0,0],"4":[0],"5":[0,0]}}
,"/Users/peterperlepes/Documents/clerk/javascript/packages/sdk-node/src/constants/SupportMessages.ts": {"path":"/Users/peterperlepes/Documents/clerk/javascript/packages/sdk-node/src/constants/SupportMessages.ts","statementMap":{"0":{"start":{"line":1,"column":13},"end":{"line":6,"column":2}}},"fnMap":{},"branchMap":{},"s":{"0":12},"f":{},"b":{}}
,"/Users/peterperlepes/Documents/clerk/javascript/packages/sdk-node/src/resources/AllowlistIdentifier.ts": {"path":"/Users/peterperlepes/Documents/clerk/javascript/packages/sdk-node/src/resources/AllowlistIdentifier.ts","statementMap":{"0":{"start":{"line":1,"column":0},"end":{"line":1,"column":43}},"1":{"start":{"line":2,"column":0},"end":{"line":2,"column":41}},"2":{"start":{"line":17,"column":4},"end":{"line":17,"column":60}},"3":{"start":{"line":21,"column":23},"end":{"line":21,"column":42}},"4":{"start":{"line":22,"column":21},"end":{"line":22,"column":75}},"5":{"start":{"line":23,"column":4},"end":{"line":23,"column":75}},"6":{"start":{"line":11,"column":0},"end":{"line":11,"column":13}},"7":{"start":{"line":12,"column":9},"end":{"line":12,"column":69}},"8":{"start":{"line":14,"column":9},"end":{"line":14,"column":23}}},"fnMap":{"0":{"name":"(anonymous_0)","decl":{"start":{"line":16,"column":2},"end":{"line":16,"column":14}},"loc":{"start":{"line":16,"column":58},"end":{"line":18,"column":3}}},"1":{"name":"(anonymous_1)","decl":{"start":{"line":20,"column":2},"end":{"line":20,"column":8}},"loc":{"start":{"line":20,"column":47},"end":{"line":24,"column":3}}}},"branchMap":{"0":{"loc":{"start":{"line":16,"column":14},"end":{"line":16,"column":58}},"type":"default-arg","locations":[{"start":{"line":16,"column":56},"end":{"line":16,"column":58}}]}},"s":{"0":13,"1":13,"2":7,"3":5,"4":5,"5":5,"6":13,"7":13,"8":13},"f":{"0":7,"1":5},"b":{"0":[0]}}
,"/Users/peterperlepes/Documents/clerk/javascript/packages/sdk-node/src/resources/Client.ts": {"path":"/Users/peterperlepes/Documents/clerk/javascript/packages/sdk-node/src/resources/Client.ts","statementMap":{"0":{"start":{"line":1,"column":0},"end":{"line":1,"column":43}},"1":{"start":{"line":2,"column":0},"end":{"line":2,"column":41}},"2":{"start":{"line":3,"column":0},"end":{"line":3,"column":56}},"3":{"start":{"line":5,"column":0},"end":{"line":5,"column":38}},"4":{"start":{"line":9,"column":0},"end":{"line":9,"column":36}},"5":{"start":{"line":32,"column":4},"end":{"line":32,"column":47}},"6":{"start":{"line":36,"column":37},"end":{"line":36,"column":39}},"7":{"start":{"line":38,"column":23},"end":{"line":38,"column":42}},"8":{"start":{"line":39,"column":21},"end":{"line":39,"column":62}},"9":{"start":{"line":40,"column":4},"end":{"line":40,"column":33}},"10":{"start":{"line":42,"column":4},"end":{"line":42,"column":73}},"11":{"start":{"line":42,"column":52},"end":{"line":42,"column":71}},"12":{"start":{"line":44,"column":4},"end":{"line":44,"column":44}},"13":{"start":{"line":19,"column":0},"end":{"line":19,"column":13}},"14":{"start":{"line":20,"column":9},"end":{"line":21,"column":53}},"15":{"start":{"line":23,"column":9},"end":{"line":25,"column":4}},"16":{"start":{"line":27,"column":9},"end":{"line":29,"column":4}}},"fnMap":{"0":{"name":"(anonymous_0)","decl":{"start":{"line":31,"column":2},"end":{"line":31,"column":14}},"loc":{"start":{"line":31,"column":47},"end":{"line":33,"column":3}}},"1":{"name":"(anonymous_1)","decl":{"start":{"line":35,"column":2},"end":{"line":35,"column":8}},"loc":{"start":{"line":35,"column":34},"end":{"line":45,"column":3}}},"2":{"name":"(anonymous_2)","decl":{"start":{"line":42,"column":45},"end":{"line":42,"column":46}},"loc":{"start":{"line":42,"column":52},"end":{"line":42,"column":71}}}},"branchMap":{"0":{"loc":{"start":{"line":31,"column":14},"end":{"line":31,"column":47}},"type":"default-arg","locations":[{"start":{"line":31,"column":45},"end":{"line":31,"column":47}}]},"1":{"loc":{"start":{"line":42,"column":20},"end":{"line":42,"column":39}},"type":"binary-expr","locations":[{"start":{"line":42,"column":20},"end":{"line":42,"column":33}},{"start":{"line":42,"column":37},"end":{"line":42,"column":39}}]}},"s":{"0":14,"1":14,"2":14,"3":14,"4":14,"5":11,"6":6,"7":6,"8":6,"9":6,"10":6,"11":4,"12":6,"13":14,"14":14,"15":14,"16":14},"f":{"0":11,"1":6,"2":4},"b":{"0":[1],"1":[6,2]}}
,"/Users/peterperlepes/Documents/clerk/javascript/packages/sdk-node/src/resources/Email.ts": {"path":"/Users/peterperlepes/Documents/clerk/javascript/packages/sdk-node/src/resources/Email.ts","statementMap":{"0":{"start":{"line":1,"column":0},"end":{"line":1,"column":43}},"1":{"start":{"line":2,"column":0},"end":{"line":2,"column":41}},"2":{"start":{"line":18,"column":4},"end":{"line":18,"column":46}},"3":{"start":{"line":22,"column":23},"end":{"line":22,"column":42}},"4":{"start":{"line":23,"column":21},"end":{"line":23,"column":61}},"5":{"start":{"line":24,"column":4},"end":{"line":24,"column":47}},"6":{"start":{"line":11,"column":0},"end":{"line":11,"column":13}},"7":{"start":{"line":12,"column":9},"end":{"line":13,"column":33}},"8":{"start":{"line":15,"column":9},"end":{"line":15,"column":23}}},"fnMap":{"0":{"name":"(anonymous_0)","decl":{"start":{"line":17,"column":2},"end":{"line":17,"column":14}},"loc":{"start":{"line":17,"column":46},"end":{"line":19,"column":3}}},"1":{"name":"(anonymous_1)","decl":{"start":{"line":21,"column":2},"end":{"line":21,"column":8}},"loc":{"start":{"line":21,"column":33},"end":{"line":25,"column":3}}}},"branchMap":{"0":{"loc":{"start":{"line":17,"column":14},"end":{"line":17,"column":46}},"type":"default-arg","locations":[{"start":{"line":17,"column":44},"end":{"line":17,"column":46}}]}},"s":{"0":13,"1":13,"2":3,"3":2,"4":2,"5":2,"6":13,"7":13,"8":13},"f":{"0":3,"1":2},"b":{"0":[0]}}
,"/Users/peterperlepes/Documents/clerk/javascript/packages/sdk-node/src/resources/EmailAddress.ts": {"path":"/Users/peterperlepes/Documents/clerk/javascript/packages/sdk-node/src/resources/EmailAddress.ts","statementMap":{"0":{"start":{"line":1,"column":0},"end":{"line":1,"column":56}},"1":{"start":{"line":3,"column":0},"end":{"line":3,"column":38}},"2":{"start":{"line":8,"column":0},"end":{"line":8,"column":46}},"3":{"start":{"line":9,"column":0},"end":{"line":9,"column":58}},"4":{"start":{"line":31,"column":4},"end":{"line":31,"column":53}},"5":{"start":{"line":35,"column":4},"end":{"line":40,"column":7}},"6":{"start":{"line":39,"column":55},"end":{"line":39,"column":96}},"7":{"start":{"line":20,"column":0},"end":{"line":20,"column":13}},"8":{"start":{"line":21,"column":9},"end":{"line":21,"column":45}},"9":{"start":{"line":23,"column":9},"end":{"line":26,"column":4}},"10":{"start":{"line":28,"column":9},"end":{"line":28,"column":67}}},"fnMap":{"0":{"name":"(anonymous_0)","decl":{"start":{"line":30,"column":2},"end":{"line":30,"column":14}},"loc":{"start":{"line":30,"column":53},"end":{"line":32,"column":3}}},"1":{"name":"(anonymous_1)","decl":{"start":{"line":34,"column":2},"end":{"line":34,"column":8}},"loc":{"start":{"line":34,"column":40},"end":{"line":41,"column":3}}},"2":{"name":"(anonymous_2)","decl":{"start":{"line":39,"column":43},"end":{"line":39,"column":44}},"loc":{"start":{"line":39,"column":52},"end":{"line":39,"column":98}}}},"branchMap":{"0":{"loc":{"start":{"line":30,"column":14},"end":{"line":30,"column":53}},"type":"default-arg","locations":[{"start":{"line":30,"column":51},"end":{"line":30,"column":53}}]},"1":{"loc":{"start":{"line":39,"column":17},"end":{"line":39,"column":37}},"type":"binary-expr","locations":[{"start":{"line":39,"column":17},"end":{"line":39,"column":31}},{"start":{"line":39,"column":35},"end":{"line":39,"column":37}}]}},"s":{"0":15,"1":15,"2":15,"3":15,"4":15,"5":14,"6":7,"7":15,"8":15,"9":15,"10":15},"f":{"0":15,"1":14,"2":7},"b":{"0":[1],"1":[14,0]}}
,"/Users/peterperlepes/Documents/clerk/javascript/packages/sdk-node/src/resources/Enums.ts": {"path":"/Users/peterperlepes/Documents/clerk/javascript/packages/sdk-node/src/resources/Enums.ts","statementMap":{"0":{"start":{"line":1,"column":0},"end":{"line":1,"column":null}},"1":{"start":{"line":2,"column":4},"end":{"line":2,"column":null}},"2":{"start":{"line":3,"column":4},"end":{"line":3,"column":null}}},"fnMap":{"0":{"name":"(anonymous_0)","decl":{"start":{"line":1,"column":0},"end":{"line":1,"column":12}},"loc":{"start":{"line":1,"column":23},"end":{"line":4,"column":1}}}},"branchMap":{"0":{"loc":{"start":{"line":1,"column":12},"end":{"line":1,"column":null}},"type":"binary-expr","locations":[{"start":{"line":1,"column":12},"end":{"line":1,"column":23}},{"start":{"line":1,"column":12},"end":{"line":1,"column":null}}]}},"s":{"0":17,"1":17,"2":17},"f":{"0":17},"b":{"0":[17,17]}}
,"/Users/peterperlepes/Documents/clerk/javascript/packages/sdk-node/src/resources/ExternalAccount.ts": {"path":"/Users/peterperlepes/Documents/clerk/javascript/packages/sdk-node/src/resources/ExternalAccount.ts","statementMap":{"0":{"start":{"line":2,"column":0},"end":{"line":2,"column":36}},"1":{"start":{"line":17,"column":8},"end":{"line":17,"column":60}},"2":{"start":{"line":21,"column":20},"end":{"line":21,"column":48}},"3":{"start":{"line":23,"column":8},"end":{"line":23,"column":25}},"4":{"start":{"line":24,"column":8},"end":{"line":24,"column":50}},"5":{"start":{"line":25,"column":8},"end":{"line":25,"column":46}},"6":{"start":{"line":27,"column":8},"end":{"line":57,"column":null}},"7":{"start":{"line":29,"column":16},"end":{"line":29,"column":42}},"8":{"start":{"line":30,"column":31},"end":{"line":30,"column":58}},"9":{"start":{"line":31,"column":16},"end":{"line":31,"column":52}},"10":{"start":{"line":32,"column":16},"end":{"line":32,"column":50}},"11":{"start":{"line":33,"column":16},"end":{"line":33,"column":48}},"12":{"start":{"line":34,"column":16},"end":{"line":34,"column":43}},"13":{"start":{"line":35,"column":16},"end":{"line":35,"column":22}},"14":{"start":{"line":38,"column":16},"end":{"line":38,"column":40}},"15":{"start":{"line":39,"column":30},"end":{"line":39,"column":55}},"16":{"start":{"line":40,"column":16},"end":{"line":40,"column":49}},"17":{"start":{"line":41,"column":16},"end":{"line":41,"column":49}},"18":{"start":{"line":42,"column":16},"end":{"line":42,"column":49}},"19":{"start":{"line":43,"column":16},"end":{"line":43,"column":43}},"20":{"start":{"line":44,"column":16},"end":{"line":44,"column":22}},"21":{"start":{"line":47,"column":16},"end":{"line":47,"column":45}},"22":{"start":{"line":48,"column":32},"end":{"line":48,"column":54}},"23":{"start":{"line":49,"column":16},"end":{"line":49,"column":58}},"24":{"start":{"line":50,"column":16},"end":{"line":50,"column":51}},"25":{"start":{"line":51,"column":16},"end":{"line":51,"column":49}},"26":{"start":{"line":52,"column":16},"end":{"line":52,"column":49}},"27":{"start":{"line":53,"column":16},"end":{"line":53,"column":22}},"28":{"start":{"line":56,"column":16},"end":{"line":56,"column":69}},"29":{"start":{"line":59,"column":8},"end":{"line":59,"column":40}},"30":{"start":{"line":10,"column":0},"end":{"line":10,"column":13}},"31":{"start":{"line":11,"column":11},"end":{"line":12,"column":60}},"32":{"start":{"line":14,"column":11},"end":{"line":14,"column":25}}},"fnMap":{"0":{"name":"(anonymous_0)","decl":{"start":{"line":16,"column":4},"end":{"line":16,"column":16}},"loc":{"start":{"line":16,"column":58},"end":{"line":18,"column":5}}},"1":{"name":"(anonymous_1)","decl":{"start":{"line":20,"column":4},"end":{"line":20,"column":10}},"loc":{"start":{"line":20,"column":45},"end":{"line":60,"column":5}}}},"branchMap":{"0":{"loc":{"start":{"line":16,"column":16},"end":{"line":16,"column":58}},"type":"default-arg","locations":[{"start":{"line":16,"column":56},"end":{"line":16,"column":58}}]},"1":{"loc":{"start":{"line":27,"column":8},"end":{"line":57,"column":null}},"type":"switch","locations":[{"start":{"line":28,"column":12},"end":{"line":36,"column":null}},{"start":{"line":37,"column":12},"end":{"line":45,"column":null}},{"start":{"line":46,"column":12},"end":{"line":54,"column":null}},{"start":{"line":55,"column":12},"end":{"line":56,"column":69}}]}},"s":{"0":14,"1":14,"2":14,"3":14,"4":14,"5":14,"6":14,"7":7,"8":7,"9":7,"10":7,"11":7,"12":7,"13":7,"14":7,"15":7,"16":7,"17":7,"18":7,"19":7,"20":7,"21":0,"22":0,"23":0,"24":0,"25":0,"26":0,"27":0,"28":0,"29":14,"30":14,"31":14,"32":14},"f":{"0":14,"1":14},"b":{"0":[0],"1":[7,7,0,0]}}
,"/Users/peterperlepes/Documents/clerk/javascript/packages/sdk-node/src/resources/IdentificationLink.ts": {"path":"/Users/peterperlepes/Documents/clerk/javascript/packages/sdk-node/src/resources/IdentificationLink.ts","statementMap":{"0":{"start":{"line":1,"column":0},"end":{"line":1,"column":43}},"1":{"start":{"line":2,"column":0},"end":{"line":2,"column":41}},"2":{"start":{"line":17,"column":4},"end":{"line":17,"column":59}},"3":{"start":{"line":21,"column":23},"end":{"line":21,"column":42}},"4":{"start":{"line":22,"column":21},"end":{"line":22,"column":74}},"5":{"start":{"line":23,"column":4},"end":{"line":23,"column":73}},"6":{"start":{"line":11,"column":0},"end":{"line":11,"column":13}},"7":{"start":{"line":12,"column":9},"end":{"line":12,"column":37}},"8":{"start":{"line":14,"column":9},"end":{"line":14,"column":23}}},"fnMap":{"0":{"name":"(anonymous_0)","decl":{"start":{"line":16,"column":2},"end":{"line":16,"column":14}},"loc":{"start":{"line":16,"column":59},"end":{"line":18,"column":3}}},"1":{"name":"(anonymous_1)","decl":{"start":{"line":20,"column":2},"end":{"line":20,"column":8}},"loc":{"start":{"line":20,"column":46},"end":{"line":24,"column":3}}}},"branchMap":{"0":{"loc":{"start":{"line":16,"column":14},"end":{"line":16,"column":59}},"type":"default-arg","locations":[{"start":{"line":16,"column":57},"end":{"line":16,"column":59}}]}},"s":{"0":16,"1":16,"2":7,"3":7,"4":7,"5":7,"6":16,"7":16,"8":16},"f":{"0":7,"1":7},"b":{"0":[0]}}
,"/Users/peterperlepes/Documents/clerk/javascript/packages/sdk-node/src/resources/Invitation.ts": {"path":"/Users/peterperlepes/Documents/clerk/javascript/packages/sdk-node/src/resources/Invitation.ts","statementMap":{"0":{"start":{"line":1,"column":0},"end":{"line":1,"column":43}},"1":{"start":{"line":2,"column":0},"end":{"line":2,"column":41}},"2":{"start":{"line":17,"column":4},"end":{"line":17,"column":51}},"3":{"start":{"line":21,"column":23},"end":{"line":21,"column":42}},"4":{"start":{"line":22,"column":21},"end":{"line":22,"column":66}},"5":{"start":{"line":23,"column":4},"end":{"line":23,"column":57}},"6":{"start":{"line":11,"column":0},"end":{"line":11,"column":13}},"7":{"start":{"line":12,"column":9},"end":{"line":12,"column":71}},"8":{"start":{"line":14,"column":9},"end":{"line":14,"column":23}}},"fnMap":{"0":{"name":"(anonymous_0)","decl":{"start":{"line":16,"column":2},"end":{"line":16,"column":14}},"loc":{"start":{"line":16,"column":49},"end":{"line":18,"column":3}}},"1":{"name":"(anonymous_1)","decl":{"start":{"line":20,"column":2},"end":{"line":20,"column":8}},"loc":{"start":{"line":20,"column":38},"end":{"line":24,"column":3}}}},"branchMap":{"0":{"loc":{"start":{"line":16,"column":14},"end":{"line":16,"column":49}},"type":"default-arg","locations":[{"start":{"line":16,"column":47},"end":{"line":16,"column":49}}]}},"s":{"0":13,"1":13,"2":7,"3":5,"4":5,"5":5,"6":13,"7":13,"8":13},"f":{"0":7,"1":5},"b":{"0":[0]}}
,"/Users/peterperlepes/Documents/clerk/javascript/packages/sdk-node/src/resources/JSON.ts": {"path":"/Users/peterperlepes/Documents/clerk/javascript/packages/sdk-node/src/resources/JSON.ts","statementMap":{"0":{"start":{"line":10,"column":0},"end":{"line":10,"column":null}},"1":{"start":{"line":11,"column":2},"end":{"line":11,"column":null}},"2":{"start":{"line":12,"column":2},"end":{"line":12,"column":null}},"3":{"start":{"line":13,"column":2},"end":{"line":13,"column":null}},"4":{"start":{"line":14,"column":2},"end":{"line":14,"column":null}},"5":{"start":{"line":15,"column":2},"end":{"line":15,"column":null}},"6":{"start":{"line":16,"column":2},"end":{"line":16,"column":null}},"7":{"start":{"line":17,"column":2},"end":{"line":17,"column":null}},"8":{"start":{"line":18,"column":2},"end":{"line":18,"column":null}},"9":{"start":{"line":19,"column":2},"end":{"line":19,"column":null}},"10":{"start":{"line":20,"column":2},"end":{"line":20,"column":null}},"11":{"start":{"line":21,"column":2},"end":{"line":21,"column":null}},"12":{"start":{"line":22,"column":2},"end":{"line":22,"column":null}},"13":{"start":{"line":23,"column":2},"end":{"line":23,"column":null}},"14":{"start":{"line":24,"column":2},"end":{"line":24,"column":null}}},"fnMap":{"0":{"name":"(anonymous_0)","decl":{"start":{"line":10,"column":0},"end":{"line":10,"column":12}},"loc":{"start":{"line":10,"column":22},"end":{"line":25,"column":1}}}},"branchMap":{"0":{"loc":{"start":{"line":10,"column":12},"end":{"line":10,"column":null}},"type":"binary-expr","locations":[{"start":{"line":10,"column":12},"end":{"line":10,"column":22}},{"start":{"line":10,"column":12},"end":{"line":10,"column":null}}]}},"s":{"0":14,"1":14,"2":14,"3":14,"4":14,"5":14,"6":14,"7":14,"8":14,"9":14,"10":14,"11":14,"12":14,"13":14,"14":14},"f":{"0":14},"b":{"0":[14,14]}}
,"/Users/peterperlepes/Documents/clerk/javascript/packages/sdk-node/src/resources/PhoneNumber.ts": {"path":"/Users/peterperlepes/Documents/clerk/javascript/packages/sdk-node/src/resources/PhoneNumber.ts","statementMap":{"0":{"start":{"line":1,"column":0},"end":{"line":1,"column":56}},"1":{"start":{"line":3,"column":0},"end":{"line":3,"column":38}},"2":{"start":{"line":8,"column":0},"end":{"line":8,"column":46}},"3":{"start":{"line":9,"column":0},"end":{"line":9,"column":58}},"4":{"start":{"line":31,"column":4},"end":{"line":31,"column":52}},"5":{"start":{"line":35,"column":4},"end":{"line":41,"column":7}},"6":{"start":{"line":40,"column":79},"end":{"line":40,"column":120}},"7":{"start":{"line":20,"column":0},"end":{"line":20,"column":13}},"8":{"start":{"line":21,"column":9},"end":{"line":21,"column":71}},"9":{"start":{"line":23,"column":9},"end":{"line":26,"column":4}},"10":{"start":{"line":28,"column":9},"end":{"line":28,"column":66}}},"fnMap":{"0":{"name":"(anonymous_0)","decl":{"start":{"line":30,"column":2},"end":{"line":30,"column":14}},"loc":{"start":{"line":30,"column":52},"end":{"line":32,"column":3}}},"1":{"name":"(anonymous_1)","decl":{"start":{"line":34,"column":2},"end":{"line":34,"column":8}},"loc":{"start":{"line":34,"column":39},"end":{"line":42,"column":3}}},"2":{"name":"(anonymous_2)","decl":{"start":{"line":40,"column":43},"end":{"line":40,"column":44}},"loc":{"start":{"line":40,"column":76},"end":{"line":40,"column":122}}}},"branchMap":{"0":{"loc":{"start":{"line":30,"column":14},"end":{"line":30,"column":52}},"type":"default-arg","locations":[{"start":{"line":30,"column":50},"end":{"line":30,"column":52}}]},"1":{"loc":{"start":{"line":40,"column":17},"end":{"line":40,"column":37}},"type":"binary-expr","locations":[{"start":{"line":40,"column":17},"end":{"line":40,"column":31}},{"start":{"line":40,"column":35},"end":{"line":40,"column":37}}]}},"s":{"0":15,"1":15,"2":15,"3":15,"4":15,"5":14,"6":0,"7":15,"8":15,"9":15,"10":15},"f":{"0":15,"1":14,"2":0},"b":{"0":[1],"1":[14,0]}}
,"/Users/peterperlepes/Documents/clerk/javascript/packages/sdk-node/src/resources/SMSMessage.ts": {"path":"/Users/peterperlepes/Documents/clerk/javascript/packages/sdk-node/src/resources/SMSMessage.ts","statementMap":{"0":{"start":{"line":1,"column":0},"end":{"line":1,"column":43}},"1":{"start":{"line":2,"column":0},"end":{"line":2,"column":41}},"2":{"start":{"line":18,"column":4},"end":{"line":18,"column":51}},"3":{"start":{"line":22,"column":23},"end":{"line":22,"column":42}},"4":{"start":{"line":23,"column":21},"end":{"line":23,"column":66}},"5":{"start":{"line":24,"column":4},"end":{"line":24,"column":57}},"6":{"start":{"line":11,"column":0},"end":{"line":11,"column":13}},"7":{"start":{"line":12,"column":9},"end":{"line":13,"column":42}},"8":{"start":{"line":15,"column":9},"end":{"line":15,"column":23}}},"fnMap":{"0":{"name":"(anonymous_0)","decl":{"start":{"line":17,"column":2},"end":{"line":17,"column":14}},"loc":{"start":{"line":17,"column":51},"end":{"line":19,"column":3}}},"1":{"name":"(anonymous_1)","decl":{"start":{"line":21,"column":2},"end":{"line":21,"column":8}},"loc":{"start":{"line":21,"column":38},"end":{"line":25,"column":3}}}},"branchMap":{"0":{"loc":{"start":{"line":17,"column":14},"end":{"line":17,"column":51}},"type":"default-arg","locations":[{"start":{"line":17,"column":49},"end":{"line":17,"column":51}}]}},"s":{"0":13,"1":13,"2":3,"3":2,"4":2,"5":2,"6":13,"7":13,"8":13},"f":{"0":3,"1":2},"b":{"0":[0]}}
,"/Users/peterperlepes/Documents/clerk/javascript/packages/sdk-node/src/resources/Session.ts": {"path":"/Users/peterperlepes/Documents/clerk/javascript/packages/sdk-node/src/resources/Session.ts","statementMap":{"0":{"start":{"line":1,"column":0},"end":{"line":1,"column":43}},"1":{"start":{"line":2,"column":0},"end":{"line":2,"column":41}},"2":{"start":{"line":18,"column":4},"end":{"line":18,"column":48}},"3":{"start":{"line":22,"column":23},"end":{"line":22,"column":42}},"4":{"start":{"line":23,"column":21},"end":{"line":23,"column":63}},"5":{"start":{"line":24,"column":4},"end":{"line":24,"column":51}},"6":{"start":{"line":11,"column":0},"end":{"line":11,"column":13}},"7":{"start":{"line":12,"column":9},"end":{"line":13,"column":29}},"8":{"start":{"line":15,"column":9},"end":{"line":15,"column":23}}},"fnMap":{"0":{"name":"(anonymous_0)","decl":{"start":{"line":17,"column":2},"end":{"line":17,"column":14}},"loc":{"start":{"line":17,"column":48},"end":{"line":19,"column":3}}},"1":{"name":"(anonymous_1)","decl":{"start":{"line":21,"column":2},"end":{"line":21,"column":8}},"loc":{"start":{"line":21,"column":35},"end":{"line":25,"column":3}}}},"branchMap":{"0":{"loc":{"start":{"line":17,"column":14},"end":{"line":17,"column":48}},"type":"default-arg","locations":[{"start":{"line":17,"column":46},"end":{"line":17,"column":48}}]}},"s":{"0":14,"1":14,"2":16,"3":10,"4":10,"5":10,"6":14,"7":14,"8":14},"f":{"0":16,"1":10},"b":{"0":[0]}}
[...]
,"/Users/peterperlepes/Documents/clerk/javascript/packages/sdk-node/src/utils/Associations.ts": {"path":"/Users/peterperlepes/Documents/clerk/javascript/packages/sdk-node/src/utils/Associations.ts","statementMap":{"0":{"start":{"line":1,"column":0},"end":{"line":1,"column":49}},"1":{"start":{"line":4,"column":2},"end":{"line":9,"column":32}},"2":{"start":{"line":5,"column":4},"end":{"line":7,"column":null}},"3":{"start":{"line":6,"column":6},"end":{"line":6,"column":18}},"4":{"start":{"line":8,"column":4},"end":{"line":8,"column":15}},"5":{"start":{"line":3,"column":0},"end":{"line":3,"column":24}}},"fnMap":{"0":{"name":"associationDefaults","decl":{"start":{"line":3,"column":24},"end":{"line":3,"column":43}},"loc":{"start":{"line":3,"column":64},"end":{"line":10,"column":1}}},"1":{"name":"(anonymous_1)","decl":{"start":{"line":4,"column":45},"end":{"line":4,"column":46}},"loc":{"start":{"line":4,"column":61},"end":{"line":9,"column":3}}}},"branchMap":{"0":{"loc":{"start":{"line":5,"column":4},"end":{"line":7,"column":null}},"type":"if","locations":[{"start":{"line":5,"column":4},"end":{"line":7,"column":null}}]}},"s":{"0":17,"1":58,"2":116,"3":86,"4":116,"5":17},"f":{"0":58,"1":116},"b":{"0":[86]}}
,"/Users/peterperlepes/Documents/clerk/javascript/packages/sdk-node/src/utils/Deserializer.ts": {"path":"/Users/peterperlepes/Documents/clerk/javascript/packages/sdk-node/src/utils/Deserializer.ts","statementMap":{"0":{"start":{"line":1,"column":0},"end":{"line":1,"column":47}},"1":{"start":{"line":2,"column":0},"end":{"line":2,"column":71}},"2":{"start":{"line":3,"column":0},"end":{"line":3,"column":45}},"3":{"start":{"line":4,"column":0},"end":{"line":4,"column":43}},"4":{"start":{"line":5,"column":0},"end":{"line":5,"column":53}},"5":{"start":{"line":6,"column":0},"end":{"line":6,"column":47}},"6":{"start":{"line":7,"column":0},"end":{"line":7,"column":53}},"7":{"start":{"line":8,"column":0},"end":{"line":8,"column":41}},"8":{"start":{"line":9,"column":0},"end":{"line":9,"column":30}},"9":{"start":{"line":13,"column":2},"end":{"line":17,"column":null}},"10":{"start":{"line":14,"column":4},"end":{"line":14,"column":50}},"11":{"start":{"line":14,"column":30},"end":{"line":14,"column":48}},"12":{"start":{"line":16,"column":4},"end":{"line":16,"column":30}},"13":{"start":{"line":12,"column":0},"end":{"line":12,"column":24}},"14":{"start":{"line":23,"column":2},"end":{"line":40,"column":null}},"15":{"start":{"line":25,"column":6},"end":{"line":25,"column":48}},"16":{"start":{"line":27,"column":6},"end":{"line":27,"column":35}},"17":{"start":{"line":29,"column":6},"end":{"line":29,"column":34}},"18":{"start":{"line":31,"column":6},"end":{"line":31,"column":39}},"19":{"start":{"line":33,"column":6},"end":{"line":33,"column":33}},"20":{"start":{"line":35,"column":6},"end":{"line":35,"column":36}},"21":{"start":{"line":37,"column":6},"end":{"line":37,"column":39}},"22":{"start":{"line":39,"column":6},"end":{"line":39,"column":61}}},"fnMap":{"0":{"name":"deserialize","decl":{"start":{"line":12,"column":24},"end":{"line":12,"column":35}},"loc":{"start":{"line":12,"column":45},"end":{"line":18,"column":1}}},"1":{"name":"(anonymous_1)","decl":{"start":{"line":14,"column":20},"end":{"line":14,"column":21}},"loc":{"start":{"line":14,"column":30},"end":{"line":14,"column":48}}},"2":{"name":"jsonToObject","decl":{"start":{"line":22,"column":9},"end":{"line":22,"column":21}},"loc":{"start":{"line":22,"column":31},"end":{"line":41,"column":1}}}},"branchMap":{"0":{"loc":{"start":{"line":13,"column":2},"end":{"line":17,"column":null}},"type":"if","locations":[{"start":{"line":13,"column":2},"end":{"line":17,"column":null}},{"start":{"line":15,"column":9},"end":{"line":17,"column":null}}]},"1":{"loc":{"start":{"line":23,"column":2},"end":{"line":40,"column":null}},"type":"switch","locations":[{"start":{"line":24,"column":4},"end":{"line":25,"column":48}},{"start":{"line":26,"column":4},"end":{"line":27,"column":35}},{"start":{"line":28,"column":4},"end":{"line":29,"column":34}},{"start":{"line":30,"column":4},"end":{"line":31,"column":39}},{"start":{"line":32,"column":4},"end":{"line":33,"column":33}},{"start":{"line":34,"column":4},"end":{"line":35,"column":36}},{"start":{"line":36,"column":4},"end":{"line":37,"column":39}},{"start":{"line":38,"column":4},"end":{"line":39,"column":61}}]}},"s":{"0":13,"1":13,"2":13,"3":13,"4":13,"5":13,"6":13,"7":13,"8":13,"9":31,"10":14,"11":16,"12":17,"13":13,"14":33,"15":5,"16":6,"17":2,"18":5,"19":7,"20":6,"21":2,"22":0},"f":{"0":31,"1":16,"2":33},"b":{"0":[14,17],"1":[5,6,2,5,7,6,2,0]}}
,"/Users/peterperlepes/Documents/clerk/javascript/packages/sdk-node/src/utils/ErrorHandler.ts": {"path":"/Users/peterperlepes/Documents/clerk/javascript/packages/sdk-node/src/utils/ErrorHandler.ts","statementMap":{"0":{"start":{"line":1,"column":0},"end":{"line":1,"column":77}},"1":{"start":{"line":4,"column":21},"end":{"line":4,"column":55}},"2":{"start":{"line":5,"column":18},"end":{"line":5,"column":37}},"3":{"start":{"line":6,"column":15},"end":{"line":6,"column":36}},"4":{"start":{"line":9,"column":2},"end":{"line":15,"column":null}},"5":{"start":{"line":10,"column":4},"end":{"line":12,"column":7}},"6":{"start":{"line":11,"column":6},"end":{"line":11,"column":50}},"7":{"start":{"line":14,"column":4},"end":{"line":14,"column":16}},"8":{"start":{"line":17,"column":2},"end":{"line":17,"column":49}},"9":{"start":{"line":3,"column":0},"end":{"line":3,"column":24}}},"fnMap":{"0":{"name":"handleError","decl":{"start":{"line":3,"column":24},"end":{"line":3,"column":35}},"loc":{"start":{"line":3,"column":46},"end":{"line":18,"column":1}}},"1":{"name":"(anonymous_1)","decl":{"start":{"line":10,"column":35},"end":{"line":10,"column":36}},"loc":{"start":{"line":10,"column":71},"end":{"line":12,"column":5}}}},"branchMap":{"0":{"loc":{"start":{"line":4,"column":21},"end":{"line":4,"column":55}},"type":"binary-expr","locations":[{"start":{"line":4,"column":21},"end":{"line":4,"column":48}},{"start":{"line":4,"column":52},"end":{"line":4,"column":55}}]},"1":{"loc":{"start":{"line":4,"column":21},"end":{"line":4,"column":48}},"type":"cond-expr","locations":[{"start":{"line":4,"column":36},"end":{"line":4,"column":38}},{"start":{"line":4,"column":36},"end":{"line":4,"column":48}}]},"2":{"loc":{"start":{"line":4,"column":21},"end":{"line":4,"column":38}},"type":"binary-expr","locations":[{"start":{"line":4,"column":21},"end":{"line":4,"column":38}},{"start":{"line":4,"column":36},"end":{"line":4,"column":38}}]},"3":{"loc":{"start":{"line":4,"column":21},"end":{"line":4,"column":36}},"type":"cond-expr","locations":[{"start":{"line":4,"column":26},"end":{"line":4,"column":28}},{"start":{"line":4,"column":21},"end":{"line":4,"column":36}}]},"4":{"loc":{"start":{"line":4,"column":21},"end":{"line":4,"column":28}},"type":"binary-expr","locations":[{"start":{"line":4,"column":21},"end":{"line":4,"column":28}},{"start":{"line":4,"column":21},"end":{"line":4,"column":28}}]},"5":{"loc":{"start":{"line":5,"column":18},"end":{"line":5,"column":37}},"type":"binary-expr","locations":[{"start":{"line":5,"column":18},"end":{"line":5,"column":31}},{"start":{"line":5,"column":35},"end":{"line":5,"column":37}}]},"6":{"loc":{"start":{"line":6,"column":15},"end":{"line":6,"column":36}},"type":"cond-expr","locations":[{"start":{"line":6,"column":30},"end":{"line":6,"column":32}},{"start":{"line":6,"column":30},"end":{"line":6,"column":36}}]},"7":{"loc":{"start":{"line":6,"column":15},"end":{"line":6,"column":32}},"type":"binary-expr","locations":[{"start":{"line":6,"column":15},"end":{"line":6,"column":32}},{"start":{"line":6,"column":30},"end":{"line":6,"column":32}}]},"8":{"loc":{"start":{"line":6,"column":15},"end":{"line":6,"column":30}},"type":"cond-expr","locations":[{"start":{"line":6,"column":20},"end":{"line":6,"column":22}},{"start":{"line":6,"column":15},"end":{"line":6,"column":30}}]},"9":{"loc":{"start":{"line":6,"column":15},"end":{"line":6,"column":22}},"type":"binary-expr","locations":[{"start":{"line":6,"column":15},"end":{"line":6,"column":22}},{"start":{"line":6,"column":15},"end":{"line":6,"column":22}}]},"10":{"loc":{"start":{"line":9,"column":2},"end":{"line":15,"column":null}},"type":"if","locations":[{"start":{"line":9,"column":2},"end":{"line":15,"column":null}},{"start":{"line":13,"column":9},"end":{"line":15,"column":null}}]},"11":{"loc":{"start":{"line":9,"column":6},"end":{"line":9,"column":25}},"type":"binary-expr","locations":[{"start":{"line":9,"column":6},"end":{"line":9,"column":10}},{"start":{"line":9,"column":14},"end":{"line":9,"column":25}}]},"12":{"loc":{"start":{"line":10,"column":12},"end":{"line":10,"column":29}},"type":"binary-expr","locations":[{"start":{"line":10,"column":12},"end":{"line":10,"column":23}},{"start":{"line":10,"column":27},"end":{"line":10,"column":29}}]}},"s":{"0":12,"1":0,"2":0,"3":0,"4":0,"5":0,"6":0,"7":0,"8":0,"9":12},"f":{"0":0,"1":0},"b":{"0":[0,0],"1":[0,0],"2":[0,0],"3":[0,0],"4":[0,0],"5":[0,0],"6":[0,0],"7":[0,0],"8":[0,0],"9":[0,0],"10":[0,0],"11":[0,0],"12":[0,0]}}
,"/Users/peterperlepes/Documents/clerk/javascript/packages/sdk-node/src/utils/Errors.ts": {"path":"/Users/peterperlepes/Documents/clerk/javascript/packages/sdk-node/src/utils/Errors.ts","statementMap":{"0":{"start":{"line":6,"column":4},"end":{"line":6,"column":19}},"1":{"start":{"line":7,"column":4},"end":{"line":7,"column":33}},"2":{"start":{"line":8,"column":4},"end":{"line":8,"column":21}},"3":{"start":{"line":1,"column":0},"end":{"line":1,"column":13}},"4":{"start":{"line":30,"column":4},"end":{"line":30,"column":32}},"5":{"start":{"line":31,"column":4},"end":{"line":31,"column":40}},"6":{"start":{"line":32,"column":4},"end":{"line":32,"column":26}},"7":{"start":{"line":36,"column":4},"end":{"line":40,"column":7}},"8":{"start":{"line":24,"column":0},"end":{"line":24,"column":13}}},"fnMap":{"0":{"name":"(anonymous_0)","decl":{"start":{"line":5,"column":2},"end":{"line":5,"column":14}},"loc":{"start":{"line":5,"column":64},"end":{"line":9,"column":3}}},"1":{"name":"(anonymous_1)","decl":{"start":{"line":29,"column":2},"end":{"line":29,"column":14}},"loc":{"start":{"line":29,"column":41},"end":{"line":33,"column":3}}},"2":{"name":"(anonymous_2)","decl":{"start":{"line":35,"column":2},"end":{"line":35,"column":8}},"loc":{"start":{"line":35,"column":44},"end":{"line":41,"column":3}}}},"branchMap":{},"s":{"0":0,"1":0,"2":0,"3":12,"4":0,"5":0,"6":0,"7":0,"8":12},"f":{"0":0,"1":0,"2":0},"b":{}}
,"/Users/peterperlepes/Documents/clerk/javascript/packages/sdk-node/src/utils/Filter.ts": {"path":"/Users/peterperlepes/Documents/clerk/javascript/packages/sdk-node/src/utils/Filter.ts","statementMap":{"0":{"start":{"line":5,"column":2},"end":{"line":10,"column":34}},"1":{"start":{"line":6,"column":19},"end":{"line":6,"column":44}},"2":{"start":{"line":8,"column":6},"end":{"line":8,"column":27}},"3":{"start":{"line":9,"column":6},"end":{"line":9,"column":17}},"4":{"start":{"line":1,"column":0},"end":{"line":1,"column":24}}},"fnMap":{"0":{"name":"filterKeys","decl":{"start":{"line":1,"column":24},"end":{"line":1,"column":34}},"loc":{"start":{"line":3,"column":28},"end":{"line":11,"column":1}}},"1":{"name":"(anonymous_1)","decl":{"start":{"line":6,"column":12},"end":{"line":6,"column":15}},"loc":{"start":{"line":6,"column":19},"end":{"line":6,"column":44}}},"2":{"name":"(anonymous_2)","decl":{"start":{"line":7,"column":12},"end":{"line":7,"column":13}},"loc":{"start":{"line":7,"column":25},"end":{"line":10,"column":5}}}},"branchMap":{},"s":{"0":44,"1":354,"2":296,"3":296,"4":17},"f":{"0":44,"1":354,"2":296},"b":{}}
,"/Users/peterperlepes/Documents/clerk/javascript/packages/sdk-node/src/utils/Logger.ts": {"path":"/Users/peterperlepes/Documents/clerk/javascript/packages/sdk-node/src/utils/Logger.ts","statementMap":{"0":{"start":{"line":4,"column":0},"end":{"line":4,"column":null}},"1":{"start":{"line":5,"column":2},"end":{"line":5,"column":null}},"2":{"start":{"line":6,"column":2},"end":{"line":6,"column":null}},"3":{"start":{"line":7,"column":2},"end":{"line":7,"column":null}},"4":{"start":{"line":8,"column":2},"end":{"line":8,"column":null}},"5":{"start":{"line":19,"column":4},"end":{"line":19,"column":35}},"6":{"start":{"line":23,"column":4},"end":{"line":23,"column":36}},"7":{"start":{"line":27,"column":4},"end":{"line":27,"column":35}},"8":{"start":{"line":31,"column":4},"end":{"line":31,"column":36}},"9":{"start":{"line":35,"column":4},"end":{"line":44,"column":null}},"10":{"start":{"line":36,"column":37},"end":{"line":40,"column":8}},"11":{"start":{"line":43,"column":6},"end":{"line":43,"column":50}},"12":{"start":{"line":17,"column":0},"end":{"line":17,"column":21}}},"fnMap":{"0":{"name":"(anonymous_0)","decl":{"start":{"line":4,"column":0},"end":{"line":4,"column":5}},"loc":{"start":{"line":4,"column":13},"end":{"line":9,"column":1}}},"1":{"name":"(anonymous_1)","decl":{"start":{"line":18,"column":9},"end":{"line":18,"column":15}},"loc":{"start":{"line":18,"column":32},"end":{"line":20,"column":3}}},"2":{"name":"(anonymous_2)","decl":{"start":{"line":22,"column":9},"end":{"line":22,"column":15}},"loc":{"start":{"line":22,"column":33},"end":{"line":24,"column":3}}},"3":{"name":"(anonymous_3)","decl":{"start":{"line":26,"column":9},"end":{"line":26,"column":15}},"loc":{"start":{"line":26,"column":32},"end":{"line":28,"column":3}}},"4":{"name":"(anonymous_4)","decl":{"start":{"line":30,"column":9},"end":{"line":30,"column":15}},"loc":{"start":{"line":30,"column":33},"end":{"line":32,"column":3}}},"5":{"name":"(anonymous_5)","decl":{"start":{"line":34,"column":10},"end":{"line":34,"column":16}},"loc":{"start":{"line":34,"column":52},"end":{"line":45,"column":3}}}},"branchMap":{"0":{"loc":{"start":{"line":4,"column":5},"end":{"line":4,"column":null}},"type":"binary-expr","locations":[{"start":{"line":4,"column":5},"end":{"line":4,"column":13}},{"start":{"line":4,"column":5},"end":{"line":4,"column":null}}]},"1":{"loc":{"start":{"line":35,"column":4},"end":{"line":44,"column":null}},"type":"if","locations":[{"start":{"line":35,"column":4},"end":{"line":44,"column":null}}]}},"s":{"0":13,"1":13,"2":13,"3":13,"4":13,"5":0,"6":6,"7":1,"8":1,"9":8,"10":0,"11":0,"12":13},"f":{"0":13,"1":0,"2":6,"3":1,"4":1,"5":8},"b":{"0":[13,13],"1":[0]}}
,"/Users/peterperlepes/Documents/clerk/javascript/packages/sdk-node/src/utils/RestClient.ts": {"path":"/Users/peterperlepes/Documents/clerk/javascript/packages/sdk-node/src/utils/RestClient.ts","statementMap":{"0":{"start":{"line":1,"column":0},"end":{"line":1,"column":37}},"1":{"start":{"line":2,"column":0},"end":{"line":2,"column":41}},"2":{"start":{"line":3,"column":0},"end":{"line":3,"column":41}},"3":{"start":{"line":4,"column":0},"end":{"line":4,"column":43}},"4":{"start":{"line":5,"column":0},"end":{"line":5,"column":43}},"5":{"start":{"line":6,"column":0},"end":{"line":6,"column":48}},"6":{"start":{"line":8,"column":20},"end":{"line":8,"column":28}},"7":{"start":{"line":9,"column":23},"end":{"line":9,"column":34}},"8":{"start":{"line":10,"column":20},"end":{"line":10,"column":64}},"9":{"start":{"line":11,"column":18},"end":{"line":11,"column":69}},"10":{"start":{"line":12,"column":20},"end":{"line":12,"column":55}},"11":{"start":{"line":34,"column":4},"end":{"line":34,"column":25}},"12":{"start":{"line":35,"column":4},"end":{"line":35,"column":37}},"13":{"start":{"line":36,"column":4},"end":{"line":36,"column":33}},"14":{"start":{"line":37,"column":4},"end":{"line":37,"column":41}},"15":{"start":{"line":41,"column":14},"end":{"line":41,"column":77}},"16":{"start":{"line":43,"column":4},"end":{"line":47,"column":null}},"17":{"start":{"line":44,"column":6},"end":{"line":46,"column":10}},"18":{"start":{"line":50,"column":28},"end":{"line":59,"column":6}},"19":{"start":{"line":61,"column":4},"end":{"line":63,"column":null}},"20":{"start":{"line":62,"column":6},"end":{"line":62,"column":68}},"21":{"start":{"line":66,"column":4},"end":{"line":70,"column":42}},"22":{"start":{"line":68,"column":8},"end":{"line":68,"column":79}},"23":{"start":{"line":70,"column":22},"end":{"line":70,"column":40}},"24":{"start":{"line":22,"column":0},"end":{"line":22,"column":21}}},"fnMap":{"0":{"name":"(anonymous_0)","decl":{"start":{"line":28,"column":2},"end":{"line":28,"column":null}},"loc":{"start":{"line":32,"column":24},"end":{"line":38,"column":3}}},"1":{"name":"(anonymous_1)","decl":{"start":{"line":40,"column":2},"end":{"line":40,"column":13}},"loc":{"start":{"line":40,"column":44},"end":{"line":71,"column":3}}},"2":{"name":"(anonymous_2)","decl":{"start":{"line":67,"column":12},"end":{"line":67,"column":16}},"loc":{"start":{"line":68,"column":8},"end":{"line":68,"column":79}}},"3":{"name":"(anonymous_3)","decl":{"start":{"line":70,"column":13},"end":{"line":70,"column":18}},"loc":{"start":{"line":70,"column":22},"end":{"line":70,"column":40}}}},"branchMap":{"0":{"loc":{"start":{"line":37,"column":23},"end":{"line":37,"column":40}},"type":"binary-expr","locations":[{"start":{"line":37,"column":23},"end":{"line":37,"column":34}},{"start":{"line":37,"column":38},"end":{"line":37,"column":40}}]},"1":{"loc":{"start":{"line":43,"column":4},"end":{"line":47,"column":null}},"type":"if","locations":[{"start":{"line":43,"column":4},"end":{"line":47,"column":null}}]},"2":{"loc":{"start":{"line":52,"column":20},"end":{"line":52,"column":57}},"type":"binary-expr","locations":[{"start":{"line":52,"column":20},"end":{"line":52,"column":47}},{"start":{"line":52,"column":51},"end":{"line":52,"column":57}}]},"3":{"loc":{"start":{"line":61,"column":4},"end":{"line":63,"column":null}},"type":"if","locations":[{"start":{"line":61,"column":4},"end":{"line":63,"column":null}}]},"4":{"loc":{"start":{"line":68,"column":8},"end":{"line":68,"column":79}},"type":"cond-expr","locations":[{"start":{"line":68,"column":45},"end":{"line":68,"column":67}},{"start":{"line":68,"column":70},"end":{"line":68,"column":79}}]}},"s":{"0":12,"1":12,"2":12,"3":12,"4":12,"5":12,"6":12,"7":12,"8":12,"9":12,"10":12,"11":13,"12":13,"13":13,"14":13,"15":21,"16":21,"17":6,"18":21,"19":21,"20":6,"21":21,"22":21,"23":0,"24":12},"f":{"0":13,"1":21,"2":21,"3":0},"b":{"0":[13,0],"1":[6],"2":[21,21],"3":[6],"4":[21,0]}}
}
