TN:
SF:src/Clerk.ts
FN:58,(anonymous_0)
FN:94,(anonymous_1)
FN:104,(anonymous_2)
FN:108,(anonymous_3)
FN:112,(anonymous_4)
FN:116,(anonymous_5)
FN:122,(anonymous_6)
FN:131,(anonymous_7)
FN:139,(anonymous_8)
FN:147,(anonymous_9)
FN:154,(anonymous_10)
FN:162,(anonymous_11)
FN:170,(anonymous_12)
FN:180,(anonymous_13)
FN:189,(anonymous_14)
FN:216,(anonymous_15)
FN:219,(anonymous_16)
FN:225,(anonymous_17)
FN:228,(anonymous_18)
FN:235,(anonymous_19)
FN:238,decodeToken
FN:246,verifyToken
FN:261,isDevelopmentOrStaging
FN:265,isProduction
FN:269,isCrossOriginRequest
FN:304,signedOut
FN:308,interstitial
FN:320,authenticate
FN:420,(anonymous_28)
FN:430,(anonymous_29)
FN:431,(anonymous_30)
FN:433,(anonymous_31)
FN:444,(anonymous_32)
FN:448,(anonymous_33)
FN:476,(anonymous_34)
FNF:35
FNH:17
FNDA:14,(anonymous_0)
FNDA:35,(anonymous_1)
FNDA:0,(anonymous_2)
FNDA:0,(anonymous_3)
FNDA:0,(anonymous_4)
FNDA:0,(anonymous_5)
FNDA:10,(anonymous_6)
FNDA:10,(anonymous_7)
FNDA:10,(anonymous_8)
FNDA:10,(anonymous_9)
FNDA:10,(anonymous_10)
FNDA:10,(anonymous_11)
FNDA:10,(anonymous_12)
FNDA:2,(anonymous_13)
FNDA:0,(anonymous_14)
FNDA:1,(anonymous_15)
FNDA:0,(anonymous_16)
FNDA:1,(anonymous_17)
FNDA:0,(anonymous_18)
FNDA:4,(anonymous_19)
FNDA:2,decodeToken
FNDA:2,verifyToken
FNDA:0,isDevelopmentOrStaging
FNDA:0,isProduction
FNDA:0,isCrossOriginRequest
FNDA:0,signedOut
FNDA:0,interstitial
FNDA:4,authenticate
FNDA:1,(anonymous_28)
FNDA:0,(anonymous_29)
FNDA:0,(anonymous_30)
FNDA:0,(anonymous_31)
FNDA:0,(anonymous_32)
FNDA:0,(anonymous_33)
FNDA:0,(anonymous_34)
DA:3,12
DA:4,12
DA:5,12
DA:8,12
DA:9,12
DA:12,12
DA:13,12
DA:14,12
DA:15,12
DA:16,12
DA:17,12
DA:18,12
DA:21,12
DA:24,12
DA:26,12
DA:27,12
DA:29,12
DA:30,12
DA:41,12
DA:71,14
DA:72,1
DA:75,13
DA:82,13
DA:95,35
DA:96,9
DA:99,35
DA:105,0
DA:109,0
DA:113,0
DA:117,0
DA:123,10
DA:124,8
DA:128,10
DA:132,10
DA:133,8
DA:136,10
DA:140,10
DA:141,8
DA:144,10
DA:148,10
DA:149,8
DA:151,10
DA:155,10
DA:156,8
DA:159,10
DA:163,10
DA:164,8
DA:167,10
DA:171,10
DA:172,8
DA:175,10
DA:181,2
DA:182,2
DA:183,0
DA:186,2
DA:193,0
DA:194,0
DA:195,0
DA:198,0
DA:199,0
DA:203,0
DA:207,0
DA:210,0
DA:217,1
DA:219,1
DA:220,0
DA:226,1
DA:228,1
DA:229,0
DA:232,1
DA:239,2
DA:240,2
DA:242,0
DA:250,2
DA:251,0
DA:254,2
DA:255,2
DA:257,0
DA:262,0
DA:266,0
DA:271,0
DA:272,0
DA:273,0
DA:276,0
DA:278,0
DA:282,0
DA:285,0
DA:287,0
DA:288,0
DA:289,0
DA:292,0
DA:293,0
DA:294,0
DA:297,0
DA:298,0
DA:301,0
DA:305,0
DA:309,0
DA:315,0
DA:316,0
DA:317,0
DA:326,4
DA:328,4
DA:329,4
DA:330,2
DA:331,2
DA:332,2
DA:333,2
DA:335,2
DA:336,2
DA:339,2
DA:340,0
DA:343,2
DA:344,0
DA:347,2
DA:348,2
DA:349,2
DA:350,0
DA:354,2
DA:356,2
DA:360,2
DA:364,0
DA:368,0
DA:369,0
DA:372,0
DA:373,0
DA:376,0
DA:377,0
DA:380,0
DA:382,0
DA:389,0
DA:391,0
DA:395,0
DA:398,0
DA:403,2
DA:404,0
DA:407,2
DA:409,2
DA:410,1
DA:412,1
DA:417,4
DA:423,1
DA:431,0
DA:433,0
DA:434,0
DA:435,0
DA:438,0
DA:448,0
DA:453,0
DA:454,0
DA:459,0
DA:462,0
DA:464,0
DA:469,0
DA:470,0
DA:480,0
LF:156
LH:84
BRDA:26,0,0,12
BRDA:26,0,1,2
BRDA:27,1,0,12
BRDA:27,1,1,12
BRDA:29,2,0,12
BRDA:29,2,1,12
BRDA:58,3,0,13
BRDA:59,4,0,13
BRDA:60,5,0,14
BRDA:61,6,0,14
BRDA:62,7,0,14
BRDA:63,8,0,14
BRDA:71,9,0,1
BRDA:95,10,0,9
BRDA:123,11,0,8
BRDA:132,12,0,8
BRDA:140,13,0,8
BRDA:148,14,0,8
BRDA:155,15,0,8
BRDA:163,16,0,8
BRDA:171,17,0,8
BRDA:182,18,0,0
BRDA:191,19,0,0
BRDA:194,20,0,0
BRDA:203,21,0,0
BRDA:204,22,0,0
BRDA:204,22,1,0
BRDA:205,23,0,0
BRDA:205,23,1,0
BRDA:205,24,0,0
BRDA:205,24,1,0
BRDA:219,25,0,1
BRDA:219,25,1,1
BRDA:228,26,0,1
BRDA:228,26,1,1
BRDA:236,27,0,3
BRDA:250,28,0,0
BRDA:271,29,0,0
BRDA:271,29,1,0
BRDA:271,30,0,0
BRDA:271,30,1,0
BRDA:272,31,0,0
BRDA:278,32,0,0
BRDA:279,33,0,0
BRDA:279,33,1,0
BRDA:287,34,0,0
BRDA:287,34,1,0
BRDA:287,35,0,0
BRDA:287,35,1,0
BRDA:288,36,0,0
BRDA:292,37,0,0
BRDA:292,37,1,0
BRDA:292,38,0,0
BRDA:292,38,1,0
BRDA:293,39,0,0
BRDA:297,40,0,0
BRDA:297,41,0,0
BRDA:297,41,1,0
BRDA:297,41,2,0
BRDA:333,42,0,2
BRDA:333,42,1,0
BRDA:335,43,0,0
BRDA:335,43,1,2
BRDA:335,44,0,2
BRDA:335,44,1,2
BRDA:339,45,0,0
BRDA:339,46,0,2
BRDA:339,46,1,2
BRDA:343,47,0,0
BRDA:343,48,0,2
BRDA:343,48,1,0
BRDA:347,49,0,2
BRDA:349,50,0,0
BRDA:364,51,0,0
BRDA:365,52,0,0
BRDA:365,52,1,0
BRDA:365,52,2,0
BRDA:372,53,0,0
BRDA:372,54,0,0
BRDA:372,54,1,0
BRDA:376,55,0,0
BRDA:382,56,0,0
BRDA:383,57,0,0
BRDA:383,57,1,0
BRDA:383,57,2,0
BRDA:383,57,3,0
BRDA:385,58,0,0
BRDA:385,58,1,0
BRDA:385,59,0,0
BRDA:385,59,1,0
BRDA:403,60,0,0
BRDA:409,61,0,1
BRDA:409,61,1,1
BRDA:421,62,0,1
BRDA:434,63,0,0
BRDA:446,64,0,0
BRDA:462,65,0,0
BRDA:462,65,1,0
BRDA:464,66,0,0
BRDA:464,66,1,0
BRDA:469,67,0,0
BRDA:469,67,1,0
BRDA:478,68,0,0
BRF:103
BRH:37
end_of_record
TN:
SF:src/index.ts
FN:29,(anonymous_0)
FN:30,(anonymous_1)
FN:31,(anonymous_2)
FN:32,(anonymous_3)
FN:33,(anonymous_4)
FN:34,(anonymous_5)
FN:35,(anonymous_6)
FN:36,(anonymous_7)
FN:37,(anonymous_8)
FN:38,(anonymous_9)
FN:39,(anonymous_10)
FN:40,(anonymous_11)
FN:67,(anonymous_12)
FN:68,(anonymous_13)
FN:79,setClerkApiKey
FN:83,setClerkServerApiUrl
FN:87,setClerkApiVersion
FN:91,setClerkHttpOptions
FNF:18
FNH:7
FNDA:3,(anonymous_0)
FNDA:4,(anonymous_1)
FNDA:1,(anonymous_2)
FNDA:0,(anonymous_3)
FNDA:0,(anonymous_4)
FNDA:0,(anonymous_5)
FNDA:3,(anonymous_6)
FNDA:0,(anonymous_7)
FNDA:4,(anonymous_8)
FNDA:1,(anonymous_9)
FNDA:8,(anonymous_10)
FNDA:0,(anonymous_11)
FNDA:0,(anonymous_12)
FNDA:0,(anonymous_13)
FNDA:0,setClerkApiKey
FNDA:0,setClerkServerApiUrl
FNDA:0,setClerkApiVersion
FNDA:0,setClerkHttpOptions
DA:1,7
DA:3,7
DA:4,7
DA:5,7
DA:6,7
DA:7,7
DA:8,7
DA:9,7
DA:10,7
DA:13,7
DA:17,7
DA:18,7
DA:19,7
DA:20,7
DA:21,7
DA:22,7
DA:23,7
DA:27,7
DA:29,10
DA:30,11
DA:31,8
DA:32,7
DA:33,7
DA:34,7
DA:35,10
DA:36,7
DA:37,11
DA:38,8
DA:39,15
DA:40,7
DA:45,7
DA:47,7
DA:48,7
DA:49,7
DA:51,7
DA:52,7
DA:53,7
DA:54,7
DA:66,7
DA:67,7
DA:68,7
DA:73,7
DA:74,7
DA:79,7
DA:80,0
DA:83,7
DA:84,0
DA:87,7
DA:88,0
DA:91,7
DA:92,0
LF:51
LH:47
BRF:0
BRH:0
end_of_record
TN:
SF:src/info.ts
FNF:0
FNH:0
DA:3,12
DA:4,12
LF:2
LH:2
BRF:0
BRH:0
end_of_record
TN:
SF:src/instance.ts
FN:14,(anonymous_0)
FN:15,(anonymous_1)
FN:20,(anonymous_2)
FN:21,(anonymous_3)
FN:22,(anonymous_4)
FN:23,(anonymous_5)
FN:24,(anonymous_6)
FN:25,(anonymous_7)
FN:26,(anonymous_8)
FN:27,(anonymous_9)
FN:28,(anonymous_10)
FN:29,(anonymous_11)
FN:30,(anonymous_12)
FN:31,(anonymous_13)
FNF:14
FNH:7
FNDA:0,(anonymous_0)
FNDA:0,(anonymous_1)
FNDA:3,(anonymous_2)
FNDA:4,(anonymous_3)
FNDA:1,(anonymous_4)
FNDA:0,(anonymous_5)
FNDA:0,(anonymous_6)
FNDA:0,(anonymous_7)
FNDA:3,(anonymous_8)
FNDA:0,(anonymous_9)
FNDA:4,(anonymous_10)
FNDA:1,(anonymous_11)
FNDA:8,(anonymous_12)
FNDA:0,(anonymous_13)
DA:1,10
DA:3,10
DA:13,10
DA:14,10
DA:15,10
DA:18,10
DA:19,10
DA:20,13
DA:21,14
DA:22,11
DA:23,10
DA:24,10
DA:25,10
DA:26,13
DA:27,10
DA:28,14
DA:29,11
DA:30,18
DA:31,10
LF:19
LH:19
BRF:0
BRH:0
end_of_record
TN:
SF:src/apis/AbstractApi.ts
FN:6,(anonymous_0)
FNF:1
FNH:1
FNDA:56,(anonymous_0)
DA:3,12
DA:7,56
LF:2
LH:2
BRF:0
BRH:0
end_of_record
TN:
SF:src/apis/AllowlistIdentifierApi.ts
FN:12,(anonymous_0)
FN:21,(anonymous_1)
FN:31,(anonymous_2)
FNF:3
FNH:3
FNDA:1,(anonymous_0)
FNDA:1,(anonymous_1)
FNDA:1,(anonymous_2)
DA:1,12
DA:4,12
DA:11,12
DA:15,1
DA:24,1
DA:34,1
LF:6
LH:6
BRF:0
BRH:0
end_of_record
TN:
SF:src/apis/ClientApi.ts
FN:5,(anonymous_0)
FN:12,(anonymous_1)
FN:19,(anonymous_2)
FNF:3
FNH:3
FNDA:1,(anonymous_0)
FNDA:1,(anonymous_1)
FNDA:1,(anonymous_2)
DA:1,12
DA:4,12
DA:6,1
DA:13,1
DA:20,1
LF:5
LH:5
BRF:0
BRH:0
end_of_record
TN:
SF:src/apis/EmailApi.ts
FN:11,(anonymous_0)
FNF:1
FNH:1
FNDA:1,(anonymous_0)
DA:1,12
DA:10,12
DA:12,1
LF:3
LH:3
BRF:0
BRH:0
end_of_record
TN:
SF:src/apis/InvitationApi.ts
FN:11,(anonymous_0)
FN:18,(anonymous_1)
FN:26,(anonymous_2)
FNF:3
FNH:3
FNDA:1,(anonymous_0)
FNDA:1,(anonymous_1)
FNDA:1,(anonymous_2)
DA:1,12
DA:4,12
DA:10,12
DA:12,1
DA:19,1
DA:27,1
LF:6
LH:6
BRF:0
BRH:0
end_of_record
TN:
SF:src/apis/SMSMessageApi.ts
FN:10,(anonymous_0)
FNF:1
FNH:1
FNDA:1,(anonymous_0)
DA:1,12
DA:9,12
DA:11,1
LF:3
LH:3
BRF:0
BRH:0
end_of_record
TN:
SF:src/apis/SessionApi.ts
FN:10,(anonymous_0)
FN:20,(anonymous_1)
FN:27,(anonymous_2)
FN:34,(anonymous_3)
FNF:4
FNH:3
FNDA:1,(anonymous_0)
FNDA:1,(anonymous_1)
FNDA:0,(anonymous_2)
FNDA:1,(anonymous_3)
DA:1,12
DA:9,12
DA:13,1
DA:21,1
DA:28,0
DA:38,1
LF:6
LH:5
BRF:0
BRH:0
end_of_record
TN:
SF:src/apis/UserApi.ts
FN:30,(anonymous_0)
FN:38,(anonymous_1)
FN:45,(anonymous_2)
FN:69,(anonymous_3)
FNF:4
FNH:2
FNDA:6,(anonymous_0)
FNDA:1,(anonymous_1)
FNDA:0,(anonymous_2)
FNDA:0,(anonymous_3)
DA:1,12
DA:29,12
DA:31,6
DA:39,1
DA:51,0
DA:52,0
DA:55,0
DA:59,0
DA:62,0
DA:70,0
LF:10
LH:4
BRDA:30,0,0,1
BRDA:47,1,0,0
BRDA:51,2,0,0
BRDA:51,3,0,0
BRDA:51,3,1,0
BRDA:55,4,0,0
BRDA:56,5,0,0
BRDA:56,5,1,0
BRF:8
BRH:1
end_of_record
TN:
SF:src/constants/SupportMessages.ts
FNF:0
FNH:0
DA:1,12
LF:1
LH:1
BRF:0
BRH:0
end_of_record
TN:
SF:src/resources/AllowlistIdentifier.ts
FN:16,(anonymous_0)
FN:20,(anonymous_1)
FNF:2
FNH:2
FNDA:7,(anonymous_0)
FNDA:5,(anonymous_1)
DA:1,13
DA:2,13
DA:11,13
DA:12,13
DA:14,13
DA:17,7
DA:21,5
DA:22,5
DA:23,5
LF:9
LH:9
BRDA:16,0,0,0
BRF:1
BRH:0
end_of_record
TN:
SF:src/resources/Client.ts
FN:31,(anonymous_0)
FN:35,(anonymous_1)
FN:42,(anonymous_2)
FNF:3
FNH:3
FNDA:11,(anonymous_0)
FNDA:6,(anonymous_1)
FNDA:4,(anonymous_2)
DA:1,14
DA:2,14
DA:3,14
DA:5,14
DA:9,14
DA:19,14
DA:20,14
DA:23,14
DA:27,14
DA:32,11
DA:36,6
DA:38,6
DA:39,6
DA:40,6
DA:42,6
DA:44,6
LF:16
LH:16
BRDA:31,0,0,1
BRDA:42,1,0,6
BRDA:42,1,1,2
BRF:3
BRH:3
end_of_record
TN:
SF:src/resources/Email.ts
FN:17,(anonymous_0)
FN:21,(anonymous_1)
FNF:2
FNH:2
FNDA:3,(anonymous_0)
FNDA:2,(anonymous_1)
DA:1,13
DA:2,13
DA:11,13
DA:12,13
DA:15,13
DA:18,3
DA:22,2
DA:23,2
DA:24,2
LF:9
LH:9
BRDA:17,0,0,0
BRF:1
BRH:0
end_of_record
TN:
SF:src/resources/EmailAddress.ts
FN:30,(anonymous_0)
FN:34,(anonymous_1)
FN:39,(anonymous_2)
FNF:3
FNH:3
FNDA:15,(anonymous_0)
FNDA:14,(anonymous_1)
FNDA:7,(anonymous_2)
DA:1,15
DA:3,15
DA:8,15
DA:9,15
DA:20,15
DA:21,15
DA:23,15
DA:28,15
DA:31,15
DA:35,14
DA:39,7
LF:11
LH:11
BRDA:30,0,0,1
BRDA:39,1,0,14
BRDA:39,1,1,0
BRF:3
BRH:2
end_of_record
TN:
SF:src/resources/Enums.ts
FN:1,(anonymous_0)
FNF:1
FNH:1
FNDA:17,(anonymous_0)
DA:1,17
DA:2,17
DA:3,17
LF:3
LH:3
BRDA:1,0,0,17
BRDA:1,0,1,17
BRF:2
BRH:2
end_of_record
TN:
SF:src/resources/ExternalAccount.ts
FN:16,(anonymous_0)
FN:20,(anonymous_1)
FNF:2
FNH:2
FNDA:14,(anonymous_0)
FNDA:14,(anonymous_1)
DA:2,14
DA:10,14
DA:11,14
DA:14,14
DA:17,14
DA:21,14
DA:23,14
DA:24,14
DA:25,14
DA:27,14
DA:29,7
DA:30,7
DA:31,7
DA:32,7
DA:33,7
DA:34,7
DA:35,7
DA:38,7
DA:39,7
DA:40,7
DA:41,7
DA:42,7
DA:43,7
DA:44,7
DA:47,0
DA:48,0
DA:49,0
DA:50,0
DA:51,0
DA:52,0
DA:53,0
DA:56,0
DA:59,14
LF:33
LH:25
BRDA:16,0,0,0
BRDA:27,1,0,7
BRDA:27,1,1,7
BRDA:27,1,2,0
BRDA:27,1,3,0
BRF:5
BRH:2
end_of_record
TN:
SF:src/resources/IdentificationLink.ts
FN:16,(anonymous_0)
FN:20,(anonymous_1)
FNF:2
FNH:2
FNDA:7,(anonymous_0)
FNDA:7,(anonymous_1)
DA:1,16
DA:2,16
DA:11,16
DA:12,16
DA:14,16
DA:17,7
DA:21,7
DA:22,7
DA:23,7
LF:9
LH:9
BRDA:16,0,0,0
BRF:1
BRH:0
end_of_record
TN:
SF:src/resources/Invitation.ts
FN:16,(anonymous_0)
FN:20,(anonymous_1)
FNF:2
FNH:2
FNDA:7,(anonymous_0)
FNDA:5,(anonymous_1)
DA:1,13
DA:2,13
DA:11,13
DA:12,13
DA:14,13
DA:17,7
DA:21,5
DA:22,5
DA:23,5
LF:9
LH:9
BRDA:16,0,0,0
BRF:1
BRH:0
end_of_record
TN:
SF:src/resources/JSON.ts
FN:10,(anonymous_0)
FNF:1
FNH:1
FNDA:14,(anonymous_0)
DA:10,14
DA:11,14
DA:12,14
DA:13,14
DA:14,14
DA:15,14
DA:16,14
DA:17,14
DA:18,14
DA:19,14
DA:20,14
DA:21,14
DA:22,14
DA:23,14
DA:24,14
LF:15
LH:15
BRDA:10,0,0,14
BRDA:10,0,1,14
BRF:2
BRH:2
end_of_record
TN:
SF:src/resources/PhoneNumber.ts
FN:30,(anonymous_0)
FN:34,(anonymous_1)
FN:40,(anonymous_2)
FNF:3
FNH:2
FNDA:15,(anonymous_0)
FNDA:14,(anonymous_1)
FNDA:0,(anonymous_2)
DA:1,15
DA:3,15
DA:8,15
DA:9,15
DA:20,15
DA:21,15
DA:23,15
DA:28,15
DA:31,15
DA:35,14
DA:40,0
LF:11
LH:10
BRDA:30,0,0,1
BRDA:40,1,0,14
BRDA:40,1,1,0
BRF:3
BRH:2
end_of_record
TN:
SF:src/resources/SMSMessage.ts
FN:17,(anonymous_0)
FN:21,(anonymous_1)
FNF:2
FNH:2
FNDA:3,(anonymous_0)
FNDA:2,(anonymous_1)
DA:1,13
DA:2,13
DA:11,13
DA:12,13
DA:15,13
DA:18,3
DA:22,2
DA:23,2
DA:24,2
LF:9
LH:9
BRDA:17,0,0,0
BRF:1
BRH:0
end_of_record
TN:
SF:src/resources/Session.ts
FN:17,(anonymous_0)
FN:21,(anonymous_1)
FNF:2
FNH:2
FNDA:16,(anonymous_0)
FNDA:10,(anonymous_1)
DA:1,14
DA:2,14
DA:11,14
DA:12,14
DA:15,14
DA:18,16
DA:22,10
DA:23,10
DA:24,10
LF:9
LH:9
BRDA:17,0,0,0
BRF:1
BRH:0
end_of_record
TN:
SF:src/resources/User.ts
FN:41,(anonymous_0)
FN:45,(anonymous_1)
FN:52,(anonymous_2)
FN:53,(anonymous_3)
FN:56,(anonymous_4)
FNF:5
FNH:5
FNDA:9,(anonymous_0)
FNDA:7,(anonymous_1)
FNDA:14,(anonymous_2)
FNDA:14,(anonymous_3)
FNDA:14,(anonymous_4)
DA:1,14
DA:2,14
DA:3,14
DA:5,14
DA:9,14
DA:10,14
DA:11,14
DA:23,14
DA:24,14
DA:29,14
DA:35,14
DA:42,9
DA:46,7
DA:48,7
DA:49,7
DA:50,7
DA:52,14
DA:53,14
DA:55,7
DA:56,14
DA:59,7
LF:21
LH:21
BRDA:41,0,0,1
BRDA:52,1,0,7
BRDA:52,1,1,0
BRDA:53,2,0,7
BRDA:53,2,1,0
BRDA:55,3,0,7
BRDA:55,3,1,0
BRF:7
BRH:4
end_of_record
TN:
SF:src/resources/Verification.ts
FN:13,(anonymous_0)
FN:17,(anonymous_1)
FNF:2
FNH:2
FNDA:28,(anonymous_0)
FNDA:28,(anonymous_1)
DA:8,16
DA:9,16
DA:11,16
DA:14,28
DA:18,28
DA:20,28
DA:21,28
DA:22,28
DA:24,28
DA:25,0
DA:29,28
DA:31,28
DA:32,28
DA:34,0
DA:35,0
DA:36,0
DA:37,0
DA:38,0
DA:41,28
LF:19
LH:13
BRDA:13,0,0,0
BRDA:20,1,0,28
BRDA:20,1,1,0
BRDA:24,2,0,0
BRDA:24,2,1,28
BRF:5
BRH:2
end_of_record
TN:
SF:src/utils/Associations.ts
FN:3,associationDefaults
FN:4,(anonymous_1)
FNF:2
FNH:2
FNDA:58,associationDefaults
FNDA:116,(anonymous_1)
DA:1,17
DA:3,17
DA:4,58
DA:5,116
DA:6,86
DA:8,116
LF:6
LH:6
BRDA:5,0,0,86
BRF:1
BRH:1
end_of_record
TN:
SF:src/utils/Deserializer.ts
FN:12,deserialize
FN:14,(anonymous_1)
FN:22,jsonToObject
FNF:3
FNH:3
FNDA:31,deserialize
FNDA:16,(anonymous_1)
FNDA:33,jsonToObject
DA:1,13
DA:2,13
DA:3,13
DA:4,13
DA:5,13
DA:6,13
DA:7,13
DA:8,13
DA:9,13
DA:12,13
DA:13,31
DA:14,16
DA:16,17
DA:23,33
DA:25,5
DA:27,6
DA:29,2
DA:31,5
DA:33,7
DA:35,6
DA:37,2
DA:39,0
LF:22
LH:21
BRDA:13,0,0,14
BRDA:13,0,1,17
BRDA:23,1,0,5
BRDA:23,1,1,6
BRDA:23,1,2,2
BRDA:23,1,3,5
BRDA:23,1,4,7
BRDA:23,1,5,6
BRDA:23,1,6,2
BRDA:23,1,7,0
BRF:10
BRH:9
end_of_record
TN:
SF:src/utils/ErrorHandler.ts
FN:3,handleError
FN:10,(anonymous_1)
FNF:2
FNH:0
FNDA:0,handleError
FNDA:0,(anonymous_1)
DA:1,12
DA:3,12
DA:4,0
DA:5,0
DA:6,0
DA:9,0
DA:10,0
DA:11,0
DA:14,0
DA:17,0
LF:10
LH:2
BRDA:4,0,0,0
BRDA:4,0,1,0
BRDA:4,1,0,0
BRDA:4,1,1,0
BRDA:4,2,0,0
BRDA:4,2,1,0
BRDA:4,3,0,0
BRDA:4,3,1,0
BRDA:4,4,0,0
BRDA:4,4,1,0
BRDA:5,5,0,0
BRDA:5,5,1,0
BRDA:6,6,0,0
BRDA:6,6,1,0
BRDA:6,7,0,0
BRDA:6,7,1,0
BRDA:6,8,0,0
BRDA:6,8,1,0
BRDA:6,9,0,0
BRDA:6,9,1,0
BRDA:9,10,0,0
BRDA:9,10,1,0
BRDA:9,11,0,0
BRDA:9,11,1,0
BRDA:10,12,0,0
BRDA:10,12,1,0
BRF:26
BRH:0
end_of_record
TN:
SF:src/utils/Errors.ts
FN:5,(anonymous_0)
FN:29,(anonymous_1)
FN:35,(anonymous_2)
FNF:3
FNH:0
FNDA:0,(anonymous_0)
FNDA:0,(anonymous_1)
FNDA:0,(anonymous_2)
DA:1,12
DA:6,0
DA:7,0
DA:8,0
DA:24,12
DA:30,0
DA:31,0
DA:32,0
DA:36,0
LF:9
LH:2
BRF:0
BRH:0
end_of_record
TN:
SF:src/utils/Filter.ts
FN:1,filterKeys
FN:6,(anonymous_1)
FN:7,(anonymous_2)
FNF:3
FNH:3
FNDA:44,filterKeys
FNDA:354,(anonymous_1)
FNDA:296,(anonymous_2)
DA:1,17
DA:5,44
DA:6,354
DA:8,296
DA:9,296
LF:5
LH:5
BRF:0
BRH:0
end_of_record
TN:
SF:src/utils/Logger.ts
FN:4,(anonymous_0)
FN:18,(anonymous_1)
FN:22,(anonymous_2)
FN:26,(anonymous_3)
FN:30,(anonymous_4)
FN:34,(anonymous_5)
FNF:6
FNH:5
FNDA:13,(anonymous_0)
FNDA:0,(anonymous_1)
FNDA:6,(anonymous_2)
FNDA:1,(anonymous_3)
FNDA:1,(anonymous_4)
FNDA:8,(anonymous_5)
DA:4,13
DA:5,13
DA:6,13
DA:7,13
DA:8,13
DA:17,13
DA:19,0
DA:23,6
DA:27,1
DA:31,1
DA:35,8
DA:36,0
DA:43,0
LF:13
LH:10
BRDA:4,0,0,13
BRDA:4,0,1,13
BRDA:35,1,0,0
BRF:3
BRH:2
end_of_record
TN:
SF:src/utils/RestClient.ts
FN:28,(anonymous_0)
FN:40,(anonymous_1)
FN:67,(anonymous_2)
FN:70,(anonymous_3)
FNF:4
FNH:3
FNDA:13,(anonymous_0)
FNDA:21,(anonymous_1)
FNDA:21,(anonymous_2)
FNDA:0,(anonymous_3)
DA:1,12
DA:2,12
DA:3,12
DA:4,12
DA:5,12
DA:6,12
DA:8,12
DA:9,12
DA:10,12
DA:11,12
DA:12,12
DA:22,12
DA:34,13
DA:35,13
DA:36,13
DA:37,13
DA:41,21
DA:43,21
DA:44,6
DA:50,21
DA:61,21
DA:62,6
DA:66,21
DA:68,21
DA:70,0
LF:25
LH:24
BRDA:37,0,0,13
BRDA:37,0,1,0
BRDA:43,1,0,6
BRDA:52,2,0,21
BRDA:52,2,1,21
BRDA:61,3,0,6
BRDA:68,4,0,21
BRDA:68,4,1,0
BRF:8
BRH:6
end_of_record
