{"/Users/peterperlepes/Documents/clerk/javascript/packages/backend-core/src/__tests__/TestBackendAPI.ts": {"path":"/Users/peterperlepes/Documents/clerk/javascript/packages/backend-core/src/__tests__/TestBackendAPI.ts","statementMap":{"0":{"start":{"line":2,"column":22},"end":{"line":4,"column":1}},"1":{"start":{"line":3,"column":4},"end":{"line":3,"column":62}},"2":{"start":{"line":5,"column":0},"end":{"line":5,"column":62}},"3":{"start":{"line":6,"column":0},"end":{"line":6,"column":38}},"4":{"start":{"line":7,"column":21},"end":{"line":7,"column":59}},"5":{"start":{"line":8,"column":26},"end":{"line":8,"column":59}},"6":{"start":{"line":9,"column":22},"end":{"line":9,"column":53}},"7":{"start":{"line":10,"column":26},"end":{"line":10,"column":63}},"8":{"start":{"line":11,"column":28},"end":{"line":11,"column":80}},"9":{"start":{"line":12,"column":0},"end":{"line":30,"column":3}},"10":{"start":{"line":20,"column":8},"end":{"line":28,"column":19}}},"fnMap":{"0":{"name":"(anonymous_0)","decl":{"start":{"line":2,"column":56},"end":{"line":2,"column":57}},"loc":{"start":{"line":2,"column":71},"end":{"line":4,"column":1}},"line":2},"1":{"name":"(anonymous_1)","decl":{"start":{"line":19,"column":13},"end":{"line":19,"column":14}},"loc":{"start":{"line":19,"column":85},"end":{"line":29,"column":5}},"line":19}},"branchMap":{"0":{"loc":{"start":{"line":2,"column":22},"end":{"line":4,"column":1}},"type":"binary-expr","locations":[{"start":{"line":2,"column":23},"end":{"line":2,"column":27}},{"start":{"line":2,"column":31},"end":{"line":2,"column":51}},{"start":{"line":2,"column":56},"end":{"line":4,"column":1}}],"line":2},"1":{"loc":{"start":{"line":3,"column":11},"end":{"line":3,"column":61}},"type":"cond-expr","locations":[{"start":{"line":3,"column":37},"end":{"line":3,"column":40}},{"start":{"line":3,"column":43},"end":{"line":3,"column":61}}],"line":3},"2":{"loc":{"start":{"line":3,"column":12},"end":{"line":3,"column":33}},"type":"binary-expr","locations":[{"start":{"line":3,"column":12},"end":{"line":3,"column":15}},{"start":{"line":3,"column":19},"end":{"line":3,"column":33}}],"line":3},"3":{"loc":{"start":{"line":9,"column":22},"end":{"line":9,"column":53}},"type":"binary-expr","locations":[{"start":{"line":9,"column":22},"end":{"line":9,"column":47}},{"start":{"line":9,"column":51},"end":{"line":9,"column":53}}],"line":9},"4":{"loc":{"start":{"line":10,"column":26},"end":{"line":10,"column":63}},"type":"binary-expr","locations":[{"start":{"line":10,"column":26},"end":{"line":10,"column":55}},{"start":{"line":10,"column":59},"end":{"line":10,"column":63}}],"line":10},"5":{"loc":{"start":{"line":11,"column":28},"end":{"line":11,"column":80}},"type":"binary-expr","locations":[{"start":{"line":11,"column":28},"end":{"line":11,"column":53}},{"start":{"line":11,"column":57},"end":{"line":11,"column":80}}],"line":11},"6":{"loc":{"start":{"line":27,"column":16},"end":{"line":27,"column":54}},"type":"binary-expr","locations":[{"start":{"line":27,"column":16},"end":{"line":27,"column":20}},{"start":{"line":27,"column":24},"end":{"line":27,"column":54}}],"line":27}},"s":{"0":7,"1":7,"2":7,"3":7,"4":7,"5":7,"6":7,"7":7,"8":7,"9":7,"10":21},"f":{"0":7,"1":21},"b":{"0":[7,7,7],"1":[7,0],"2":[7,7],"3":[7,0],"4":[7,7],"5":[7,7],"6":[21,6]},"inputSourceMap":null,"_coverageSchema":"1a1c01bbd47fc00a2c39e90264f33305004495a9","hash":"bb025eafb5f4d736de40b1d3729245e0969865d9"}
,"/Users/peterperlepes/Documents/clerk/javascript/packages/backend-core/src/api/ClerkBackendAPI.ts": {"path":"/Users/peterperlepes/Documents/clerk/javascript/packages/backend-core/src/api/ClerkBackendAPI.ts","statementMap":{"0":{"start":{"line":2,"column":22},"end":{"line":4,"column":1}},"1":{"start":{"line":3,"column":4},"end":{"line":3,"column":62}},"2":{"start":{"line":5,"column":0},"end":{"line":5,"column":62}},"3":{"start":{"line":6,"column":0},"end":{"line":6,"column":33}},"4":{"start":{"line":7,"column":21},"end":{"line":7,"column":44}},"5":{"start":{"line":8,"column":21},"end":{"line":8,"column":67}},"6":{"start":{"line":9,"column":22},"end":{"line":9,"column":53}},"7":{"start":{"line":10,"column":26},"end":{"line":10,"column":63}},"8":{"start":{"line":11,"column":28},"end":{"line":11,"column":80}},"9":{"start":{"line":17,"column":8},"end":{"line":17,"column":129}},"10":{"start":{"line":20,"column":8},"end":{"line":20,"column":52}},"11":{"start":{"line":31,"column":8},"end":{"line":31,"column":40}},"12":{"start":{"line":34,"column":8},"end":{"line":34,"column":46}},"13":{"start":{"line":37,"column":8},"end":{"line":37,"column":44}},"14":{"start":{"line":41,"column":8},"end":{"line":43,"column":9}},"15":{"start":{"line":42,"column":12},"end":{"line":42,"column":101}},"16":{"start":{"line":44,"column":8},"end":{"line":44,"column":44}},"17":{"start":{"line":47,"column":8},"end":{"line":49,"column":9}},"18":{"start":{"line":48,"column":12},"end":{"line":48,"column":75}},"19":{"start":{"line":50,"column":8},"end":{"line":50,"column":31}},"20":{"start":{"line":53,"column":8},"end":{"line":55,"column":9}},"21":{"start":{"line":54,"column":12},"end":{"line":54,"column":73}},"22":{"start":{"line":56,"column":8},"end":{"line":56,"column":30}},"23":{"start":{"line":59,"column":8},"end":{"line":61,"column":9}},"24":{"start":{"line":60,"column":12},"end":{"line":60,"column":83}},"25":{"start":{"line":62,"column":8},"end":{"line":62,"column":35}},"26":{"start":{"line":65,"column":8},"end":{"line":67,"column":9}},"27":{"start":{"line":66,"column":12},"end":{"line":66,"column":77}},"28":{"start":{"line":68,"column":8},"end":{"line":68,"column":32}},"29":{"start":{"line":71,"column":8},"end":{"line":73,"column":9}},"30":{"start":{"line":72,"column":12},"end":{"line":72,"column":83}},"31":{"start":{"line":74,"column":8},"end":{"line":74,"column":35}},"32":{"start":{"line":77,"column":8},"end":{"line":79,"column":9}},"33":{"start":{"line":78,"column":12},"end":{"line":78,"column":71}},"34":{"start":{"line":80,"column":8},"end":{"line":80,"column":29}},"35":{"start":{"line":83,"column":0},"end":{"line":83,"column":42}}},"fnMap":{"0":{"name":"(anonymous_0)","decl":{"start":{"line":2,"column":56},"end":{"line":2,"column":57}},"loc":{"start":{"line":2,"column":71},"end":{"line":4,"column":1}},"line":2},"1":{"name":"(anonymous_1)","decl":{"start":{"line":13,"column":4},"end":{"line":13,"column":5}},"loc":{"start":{"line":13,"column":156},"end":{"line":18,"column":5}},"line":13},"2":{"name":"(anonymous_2)","decl":{"start":{"line":19,"column":4},"end":{"line":19,"column":5}},"loc":{"start":{"line":19,"column":24},"end":{"line":21,"column":5}},"line":19},"3":{"name":"(anonymous_3)","decl":{"start":{"line":30,"column":4},"end":{"line":30,"column":5}},"loc":{"start":{"line":30,"column":22},"end":{"line":32,"column":5}},"line":30},"4":{"name":"(anonymous_4)","decl":{"start":{"line":33,"column":4},"end":{"line":33,"column":5}},"loc":{"start":{"line":33,"column":28},"end":{"line":35,"column":5}},"line":33},"5":{"name":"(anonymous_5)","decl":{"start":{"line":36,"column":4},"end":{"line":36,"column":5}},"loc":{"start":{"line":36,"column":26},"end":{"line":38,"column":5}},"line":36},"6":{"name":"(anonymous_6)","decl":{"start":{"line":40,"column":4},"end":{"line":40,"column":5}},"loc":{"start":{"line":40,"column":31},"end":{"line":45,"column":5}},"line":40},"7":{"name":"(anonymous_7)","decl":{"start":{"line":46,"column":4},"end":{"line":46,"column":5}},"loc":{"start":{"line":46,"column":18},"end":{"line":51,"column":5}},"line":46},"8":{"name":"(anonymous_8)","decl":{"start":{"line":52,"column":4},"end":{"line":52,"column":5}},"loc":{"start":{"line":52,"column":17},"end":{"line":57,"column":5}},"line":52},"9":{"name":"(anonymous_9)","decl":{"start":{"line":58,"column":4},"end":{"line":58,"column":5}},"loc":{"start":{"line":58,"column":22},"end":{"line":63,"column":5}},"line":58},"10":{"name":"(anonymous_10)","decl":{"start":{"line":64,"column":4},"end":{"line":64,"column":5}},"loc":{"start":{"line":64,"column":19},"end":{"line":69,"column":5}},"line":64},"11":{"name":"(anonymous_11)","decl":{"start":{"line":70,"column":4},"end":{"line":70,"column":5}},"loc":{"start":{"line":70,"column":22},"end":{"line":75,"column":5}},"line":70},"12":{"name":"(anonymous_12)","decl":{"start":{"line":76,"column":4},"end":{"line":76,"column":5}},"loc":{"start":{"line":76,"column":16},"end":{"line":81,"column":5}},"line":76}},"branchMap":{"0":{"loc":{"start":{"line":2,"column":22},"end":{"line":4,"column":1}},"type":"binary-expr","locations":[{"start":{"line":2,"column":23},"end":{"line":2,"column":27}},{"start":{"line":2,"column":31},"end":{"line":2,"column":51}},{"start":{"line":2,"column":56},"end":{"line":4,"column":1}}],"line":2},"1":{"loc":{"start":{"line":3,"column":11},"end":{"line":3,"column":61}},"type":"cond-expr","locations":[{"start":{"line":3,"column":37},"end":{"line":3,"column":40}},{"start":{"line":3,"column":43},"end":{"line":3,"column":61}}],"line":3},"2":{"loc":{"start":{"line":3,"column":12},"end":{"line":3,"column":33}},"type":"binary-expr","locations":[{"start":{"line":3,"column":12},"end":{"line":3,"column":15}},{"start":{"line":3,"column":19},"end":{"line":3,"column":33}}],"line":3},"3":{"loc":{"start":{"line":9,"column":22},"end":{"line":9,"column":53}},"type":"binary-expr","locations":[{"start":{"line":9,"column":22},"end":{"line":9,"column":47}},{"start":{"line":9,"column":51},"end":{"line":9,"column":53}}],"line":9},"4":{"loc":{"start":{"line":10,"column":26},"end":{"line":10,"column":63}},"type":"binary-expr","locations":[{"start":{"line":10,"column":26},"end":{"line":10,"column":55}},{"start":{"line":10,"column":59},"end":{"line":10,"column":63}}],"line":10},"5":{"loc":{"start":{"line":11,"column":28},"end":{"line":11,"column":80}},"type":"binary-expr","locations":[{"start":{"line":11,"column":28},"end":{"line":11,"column":53}},{"start":{"line":11,"column":57},"end":{"line":11,"column":80}}],"line":11},"6":{"loc":{"start":{"line":13,"column":18},"end":{"line":13,"column":40}},"type":"default-arg","locations":[{"start":{"line":13,"column":27},"end":{"line":13,"column":40}}],"line":13},"7":{"loc":{"start":{"line":13,"column":42},"end":{"line":13,"column":76}},"type":"default-arg","locations":[{"start":{"line":13,"column":57},"end":{"line":13,"column":76}}],"line":13},"8":{"loc":{"start":{"line":13,"column":78},"end":{"line":13,"column":108}},"type":"default-arg","locations":[{"start":{"line":13,"column":91},"end":{"line":13,"column":108}}],"line":13},"9":{"loc":{"start":{"line":41,"column":8},"end":{"line":43,"column":9}},"type":"if","locations":[{"start":{"line":41,"column":8},"end":{"line":43,"column":9}},{"start":{},"end":{}}],"line":41},"10":{"loc":{"start":{"line":47,"column":8},"end":{"line":49,"column":9}},"type":"if","locations":[{"start":{"line":47,"column":8},"end":{"line":49,"column":9}},{"start":{},"end":{}}],"line":47},"11":{"loc":{"start":{"line":53,"column":8},"end":{"line":55,"column":9}},"type":"if","locations":[{"start":{"line":53,"column":8},"end":{"line":55,"column":9}},{"start":{},"end":{}}],"line":53},"12":{"loc":{"start":{"line":59,"column":8},"end":{"line":61,"column":9}},"type":"if","locations":[{"start":{"line":59,"column":8},"end":{"line":61,"column":9}},{"start":{},"end":{}}],"line":59},"13":{"loc":{"start":{"line":65,"column":8},"end":{"line":67,"column":9}},"type":"if","locations":[{"start":{"line":65,"column":8},"end":{"line":67,"column":9}},{"start":{},"end":{}}],"line":65},"14":{"loc":{"start":{"line":71,"column":8},"end":{"line":73,"column":9}},"type":"if","locations":[{"start":{"line":71,"column":8},"end":{"line":73,"column":9}},{"start":{},"end":{}}],"line":71},"15":{"loc":{"start":{"line":77,"column":8},"end":{"line":79,"column":9}},"type":"if","locations":[{"start":{"line":77,"column":8},"end":{"line":79,"column":9}},{"start":{},"end":{}}],"line":77}},"s":{"0":7,"1":7,"2":7,"3":7,"4":7,"5":7,"6":7,"7":7,"8":7,"9":7,"10":0,"11":0,"12":0,"13":0,"14":3,"15":1,"16":3,"17":3,"18":1,"19":3,"20":1,"21":1,"22":1,"23":3,"24":1,"25":3,"26":3,"27":1,"28":3,"29":1,"30":1,"31":1,"32":7,"33":1,"34":7,"35":7},"f":{"0":7,"1":7,"2":0,"3":0,"4":0,"5":0,"6":3,"7":3,"8":1,"9":3,"10":3,"11":1,"12":7},"b":{"0":[7,7,7],"1":[7,0],"2":[7,7],"3":[7,0],"4":[7,7],"5":[7,7],"6":[0],"7":[0],"8":[0],"9":[1,2],"10":[1,2],"11":[1,0],"12":[1,2],"13":[1,2],"14":[1,0],"15":[1,6]},"inputSourceMap":null,"_coverageSchema":"1a1c01bbd47fc00a2c39e90264f33305004495a9","hash":"77fc5f65ee8e136e8c84f36169f1003b7ffac5e5"}
,"/Users/peterperlepes/Documents/clerk/javascript/packages/backend-core/src/api/collection/AbstractApi.ts": {"path":"/Users/peterperlepes/Documents/clerk/javascript/packages/backend-core/src/api/collection/AbstractApi.ts","statementMap":{"0":{"start":{"line":2,"column":0},"end":{"line":2,"column":62}},"1":{"start":{"line":3,"column":0},"end":{"line":3,"column":29}},"2":{"start":{"line":6,"column":8},"end":{"line":6,"column":38}},"3":{"start":{"line":9,"column":0},"end":{"line":9,"column":34}}},"fnMap":{"0":{"name":"(anonymous_0)","decl":{"start":{"line":5,"column":4},"end":{"line":5,"column":5}},"loc":{"start":{"line":5,"column":28},"end":{"line":7,"column":5}},"line":5}},"branchMap":{},"s":{"0":7,"1":7,"2":7,"3":7},"f":{"0":7},"b":{},"inputSourceMap":null,"_coverageSchema":"1a1c01bbd47fc00a2c39e90264f33305004495a9","hash":"1d04d673edded777869779c06f8e87bb37760d2b"}
,"/Users/peterperlepes/Documents/clerk/javascript/packages/backend-core/src/api/collection/AllowlistIdentifierApi.ts": {"path":"/Users/peterperlepes/Documents/clerk/javascript/packages/backend-core/src/api/collection/AllowlistIdentifierApi.ts","statementMap":{"0":{"start":{"line":2,"column":0},"end":{"line":2,"column":62}},"1":{"start":{"line":3,"column":0},"end":{"line":3,"column":40}},"2":{"start":{"line":4,"column":22},"end":{"line":4,"column":46}},"3":{"start":{"line":5,"column":17},"end":{"line":5,"column":41}},"4":{"start":{"line":8,"column":8},"end":{"line":11,"column":11}},"5":{"start":{"line":14,"column":8},"end":{"line":18,"column":11}},"6":{"start":{"line":21,"column":8},"end":{"line":24,"column":11}},"7":{"start":{"line":27,"column":0},"end":{"line":27,"column":56}}},"fnMap":{"0":{"name":"(anonymous_0)","decl":{"start":{"line":7,"column":4},"end":{"line":7,"column":5}},"loc":{"start":{"line":7,"column":39},"end":{"line":12,"column":5}},"line":7},"1":{"name":"(anonymous_1)","decl":{"start":{"line":13,"column":4},"end":{"line":13,"column":5}},"loc":{"start":{"line":13,"column":44},"end":{"line":19,"column":5}},"line":13},"2":{"name":"(anonymous_2)","decl":{"start":{"line":20,"column":4},"end":{"line":20,"column":5}},"loc":{"start":{"line":20,"column":59},"end":{"line":25,"column":5}},"line":20}},"branchMap":{},"s":{"0":7,"1":7,"2":7,"3":7,"4":1,"5":1,"6":1,"7":7},"f":{"0":1,"1":1,"2":1},"b":{},"inputSourceMap":null,"_coverageSchema":"1a1c01bbd47fc00a2c39e90264f33305004495a9","hash":"12f70a059de074f4f09acf1d917d950bd06b3343"}
,"/Users/peterperlepes/Documents/clerk/javascript/packages/backend-core/src/api/collection/ClientApi.ts": {"path":"/Users/peterperlepes/Documents/clerk/javascript/packages/backend-core/src/api/collection/ClientApi.ts","statementMap":{"0":{"start":{"line":2,"column":0},"end":{"line":2,"column":62}},"1":{"start":{"line":3,"column":0},"end":{"line":3,"column":27}},"2":{"start":{"line":4,"column":22},"end":{"line":4,"column":46}},"3":{"start":{"line":7,"column":8},"end":{"line":10,"column":11}},"4":{"start":{"line":13,"column":8},"end":{"line":16,"column":11}},"5":{"start":{"line":19,"column":8},"end":{"line":23,"column":11}},"6":{"start":{"line":26,"column":0},"end":{"line":26,"column":30}}},"fnMap":{"0":{"name":"(anonymous_0)","decl":{"start":{"line":6,"column":4},"end":{"line":6,"column":5}},"loc":{"start":{"line":6,"column":26},"end":{"line":11,"column":5}},"line":6},"1":{"name":"(anonymous_1)","decl":{"start":{"line":12,"column":4},"end":{"line":12,"column":5}},"loc":{"start":{"line":12,"column":30},"end":{"line":17,"column":5}},"line":12},"2":{"name":"(anonymous_2)","decl":{"start":{"line":18,"column":4},"end":{"line":18,"column":5}},"loc":{"start":{"line":18,"column":24},"end":{"line":24,"column":5}},"line":18}},"branchMap":{},"s":{"0":7,"1":7,"2":7,"3":1,"4":1,"5":1,"6":7},"f":{"0":1,"1":1,"2":1},"b":{},"inputSourceMap":null,"_coverageSchema":"1a1c01bbd47fc00a2c39e90264f33305004495a9","hash":"b5f8ef665937f4df6e133bbaed1353dacf3929c3"}
,"/Users/peterperlepes/Documents/clerk/javascript/packages/backend-core/src/api/collection/EmailApi.ts": {"path":"/Users/peterperlepes/Documents/clerk/javascript/packages/backend-core/src/api/collection/EmailApi.ts","statementMap":{"0":{"start":{"line":2,"column":0},"end":{"line":2,"column":62}},"1":{"start":{"line":3,"column":0},"end":{"line":3,"column":26}},"2":{"start":{"line":4,"column":22},"end":{"line":4,"column":46}},"3":{"start":{"line":7,"column":8},"end":{"line":11,"column":11}},"4":{"start":{"line":14,"column":0},"end":{"line":14,"column":28}}},"fnMap":{"0":{"name":"(anonymous_0)","decl":{"start":{"line":6,"column":4},"end":{"line":6,"column":5}},"loc":{"start":{"line":6,"column":30},"end":{"line":12,"column":5}},"line":6}},"branchMap":{},"s":{"0":7,"1":7,"2":7,"3":1,"4":7},"f":{"0":1},"b":{},"inputSourceMap":null,"_coverageSchema":"1a1c01bbd47fc00a2c39e90264f33305004495a9","hash":"b81be60b8edf8690d861db5c108dcb594217edbe"}
,"/Users/peterperlepes/Documents/clerk/javascript/packages/backend-core/src/api/collection/InvitationApi.ts": {"path":"/Users/peterperlepes/Documents/clerk/javascript/packages/backend-core/src/api/collection/InvitationApi.ts","statementMap":{"0":{"start":{"line":2,"column":0},"end":{"line":2,"column":62}},"1":{"start":{"line":3,"column":0},"end":{"line":3,"column":31}},"2":{"start":{"line":4,"column":22},"end":{"line":4,"column":46}},"3":{"start":{"line":5,"column":17},"end":{"line":5,"column":31}},"4":{"start":{"line":8,"column":8},"end":{"line":11,"column":11}},"5":{"start":{"line":14,"column":8},"end":{"line":18,"column":11}},"6":{"start":{"line":21,"column":8},"end":{"line":24,"column":11}},"7":{"start":{"line":27,"column":0},"end":{"line":27,"column":38}}},"fnMap":{"0":{"name":"(anonymous_0)","decl":{"start":{"line":7,"column":4},"end":{"line":7,"column":5}},"loc":{"start":{"line":7,"column":30},"end":{"line":12,"column":5}},"line":7},"1":{"name":"(anonymous_1)","decl":{"start":{"line":13,"column":4},"end":{"line":13,"column":5}},"loc":{"start":{"line":13,"column":35},"end":{"line":19,"column":5}},"line":13},"2":{"name":"(anonymous_2)","decl":{"start":{"line":20,"column":4},"end":{"line":20,"column":5}},"loc":{"start":{"line":20,"column":41},"end":{"line":25,"column":5}},"line":20}},"branchMap":{},"s":{"0":7,"1":7,"2":7,"3":7,"4":1,"5":1,"6":1,"7":7},"f":{"0":1,"1":1,"2":1},"b":{},"inputSourceMap":null,"_coverageSchema":"1a1c01bbd47fc00a2c39e90264f33305004495a9","hash":"78cf204f765de595a15db7728b248a4c52abba36"}
,"/Users/peterperlepes/Documents/clerk/javascript/packages/backend-core/src/api/collection/SMSMessageApi.ts": {"path":"/Users/peterperlepes/Documents/clerk/javascript/packages/backend-core/src/api/collection/SMSMessageApi.ts","statementMap":{"0":{"start":{"line":2,"column":0},"end":{"line":2,"column":62}},"1":{"start":{"line":3,"column":0},"end":{"line":3,"column":31}},"2":{"start":{"line":4,"column":22},"end":{"line":4,"column":46}},"3":{"start":{"line":7,"column":8},"end":{"line":11,"column":11}},"4":{"start":{"line":14,"column":0},"end":{"line":14,"column":38}}},"fnMap":{"0":{"name":"(anonymous_0)","decl":{"start":{"line":6,"column":4},"end":{"line":6,"column":5}},"loc":{"start":{"line":6,"column":35},"end":{"line":12,"column":5}},"line":6}},"branchMap":{},"s":{"0":7,"1":7,"2":7,"3":1,"4":7},"f":{"0":1},"b":{},"inputSourceMap":null,"_coverageSchema":"1a1c01bbd47fc00a2c39e90264f33305004495a9","hash":"8dccf49b14081c1688fad538a60eb42cb59ca2df"}
,"/Users/peterperlepes/Documents/clerk/javascript/packages/backend-core/src/api/collection/SessionApi.ts": {"path":"/Users/peterperlepes/Documents/clerk/javascript/packages/backend-core/src/api/collection/SessionApi.ts","statementMap":{"0":{"start":{"line":2,"column":0},"end":{"line":2,"column":62}},"1":{"start":{"line":3,"column":0},"end":{"line":3,"column":28}},"2":{"start":{"line":4,"column":22},"end":{"line":4,"column":46}},"3":{"start":{"line":7,"column":8},"end":{"line":11,"column":11}},"4":{"start":{"line":14,"column":8},"end":{"line":17,"column":11}},"5":{"start":{"line":20,"column":8},"end":{"line":23,"column":11}},"6":{"start":{"line":26,"column":8},"end":{"line":30,"column":11}},"7":{"start":{"line":33,"column":0},"end":{"line":33,"column":32}}},"fnMap":{"0":{"name":"(anonymous_0)","decl":{"start":{"line":6,"column":4},"end":{"line":6,"column":5}},"loc":{"start":{"line":6,"column":38},"end":{"line":12,"column":5}},"line":6},"1":{"name":"(anonymous_1)","decl":{"start":{"line":13,"column":4},"end":{"line":13,"column":5}},"loc":{"start":{"line":13,"column":32},"end":{"line":18,"column":5}},"line":13},"2":{"name":"(anonymous_2)","decl":{"start":{"line":19,"column":4},"end":{"line":19,"column":5}},"loc":{"start":{"line":19,"column":35},"end":{"line":24,"column":5}},"line":19},"3":{"name":"(anonymous_3)","decl":{"start":{"line":25,"column":4},"end":{"line":25,"column":5}},"loc":{"start":{"line":25,"column":42},"end":{"line":31,"column":5}},"line":25}},"branchMap":{},"s":{"0":7,"1":7,"2":7,"3":1,"4":1,"5":0,"6":1,"7":7},"f":{"0":1,"1":1,"2":0,"3":1},"b":{},"inputSourceMap":null,"_coverageSchema":"1a1c01bbd47fc00a2c39e90264f33305004495a9","hash":"773e2868b97ce4d5b50a3addfc6b48bf58b7b944"}
,"/Users/peterperlepes/Documents/clerk/javascript/packages/backend-core/src/api/collection/UserApi.ts": {"path":"/Users/peterperlepes/Documents/clerk/javascript/packages/backend-core/src/api/collection/UserApi.ts","statementMap":{"0":{"start":{"line":2,"column":0},"end":{"line":2,"column":62}},"1":{"start":{"line":3,"column":0},"end":{"line":3,"column":25}},"2":{"start":{"line":4,"column":22},"end":{"line":4,"column":46}},"3":{"start":{"line":7,"column":8},"end":{"line":11,"column":11}},"4":{"start":{"line":14,"column":8},"end":{"line":17,"column":11}},"5":{"start":{"line":21,"column":8},"end":{"line":23,"column":9}},"6":{"start":{"line":22,"column":12},"end":{"line":22,"column":74}},"7":{"start":{"line":24,"column":8},"end":{"line":27,"column":9}},"8":{"start":{"line":26,"column":12},"end":{"line":26,"column":76}},"9":{"start":{"line":28,"column":8},"end":{"line":32,"column":11}},"10":{"start":{"line":35,"column":8},"end":{"line":38,"column":11}},"11":{"start":{"line":41,"column":0},"end":{"line":41,"column":26}}},"fnMap":{"0":{"name":"(anonymous_0)","decl":{"start":{"line":6,"column":4},"end":{"line":6,"column":5}},"loc":{"start":{"line":6,"column":35},"end":{"line":12,"column":5}},"line":6},"1":{"name":"(anonymous_1)","decl":{"start":{"line":13,"column":4},"end":{"line":13,"column":5}},"loc":{"start":{"line":13,"column":26},"end":{"line":18,"column":5}},"line":13},"2":{"name":"(anonymous_2)","decl":{"start":{"line":19,"column":4},"end":{"line":19,"column":5}},"loc":{"start":{"line":19,"column":42},"end":{"line":33,"column":5}},"line":19},"3":{"name":"(anonymous_3)","decl":{"start":{"line":34,"column":4},"end":{"line":34,"column":5}},"loc":{"start":{"line":34,"column":29},"end":{"line":39,"column":5}},"line":34}},"branchMap":{"0":{"loc":{"start":{"line":6,"column":22},"end":{"line":6,"column":33}},"type":"default-arg","locations":[{"start":{"line":6,"column":31},"end":{"line":6,"column":33}}],"line":6},"1":{"loc":{"start":{"line":19,"column":29},"end":{"line":19,"column":40}},"type":"default-arg","locations":[{"start":{"line":19,"column":38},"end":{"line":19,"column":40}}],"line":19},"2":{"loc":{"start":{"line":21,"column":8},"end":{"line":23,"column":9}},"type":"if","locations":[{"start":{"line":21,"column":8},"end":{"line":23,"column":9}},{"start":{},"end":{}}],"line":21},"3":{"loc":{"start":{"line":21,"column":12},"end":{"line":21,"column":80}},"type":"binary-expr","locations":[{"start":{"line":21,"column":12},"end":{"line":21,"column":33}},{"start":{"line":21,"column":37},"end":{"line":21,"column":80}}],"line":21},"4":{"loc":{"start":{"line":24,"column":8},"end":{"line":27,"column":9}},"type":"if","locations":[{"start":{"line":24,"column":8},"end":{"line":27,"column":9}},{"start":{},"end":{}}],"line":24},"5":{"loc":{"start":{"line":24,"column":12},"end":{"line":25,"column":56}},"type":"binary-expr","locations":[{"start":{"line":24,"column":12},"end":{"line":24,"column":34}},{"start":{"line":25,"column":12},"end":{"line":25,"column":56}}],"line":24}},"s":{"0":7,"1":7,"2":7,"3":6,"4":1,"5":0,"6":0,"7":0,"8":0,"9":0,"10":0,"11":7},"f":{"0":6,"1":1,"2":0,"3":0},"b":{"0":[1],"1":[0],"2":[0,0],"3":[0,0],"4":[0,0],"5":[0,0]},"inputSourceMap":null,"_coverageSchema":"1a1c01bbd47fc00a2c39e90264f33305004495a9","hash":"622aec7eb8a44ff4b1c56fee36479a1389d0520d"}
,"/Users/peterperlepes/Documents/clerk/javascript/packages/backend-core/src/api/collection/index.ts": {"path":"/Users/peterperlepes/Documents/clerk/javascript/packages/backend-core/src/api/collection/index.ts","statementMap":{"0":{"start":{"line":2,"column":22},"end":{"line":8,"column":3}},"1":{"start":{"line":3,"column":4},"end":{"line":3,"column":33}},"2":{"start":{"line":3,"column":26},"end":{"line":3,"column":33}},"3":{"start":{"line":4,"column":4},"end":{"line":4,"column":89}},"4":{"start":{"line":4,"column":71},"end":{"line":4,"column":83}},"5":{"start":{"line":6,"column":4},"end":{"line":6,"column":33}},"6":{"start":{"line":6,"column":26},"end":{"line":6,"column":33}},"7":{"start":{"line":7,"column":4},"end":{"line":7,"column":17}},"8":{"start":{"line":9,"column":19},"end":{"line":11,"column":1}},"9":{"start":{"line":10,"column":4},"end":{"line":10,"column":126}},"10":{"start":{"line":10,"column":21},"end":{"line":10,"column":126}},"11":{"start":{"line":10,"column":95},"end":{"line":10,"column":126}},"12":{"start":{"line":12,"column":0},"end":{"line":12,"column":62}},"13":{"start":{"line":13,"column":0},"end":{"line":13,"column":48}},"14":{"start":{"line":14,"column":0},"end":{"line":14,"column":59}},"15":{"start":{"line":15,"column":0},"end":{"line":15,"column":46}},"16":{"start":{"line":16,"column":0},"end":{"line":16,"column":45}},"17":{"start":{"line":17,"column":0},"end":{"line":17,"column":50}},"18":{"start":{"line":18,"column":0},"end":{"line":18,"column":50}},"19":{"start":{"line":19,"column":0},"end":{"line":19,"column":47}},"20":{"start":{"line":20,"column":0},"end":{"line":20,"column":44}}},"fnMap":{"0":{"name":"(anonymous_0)","decl":{"start":{"line":2,"column":74},"end":{"line":2,"column":75}},"loc":{"start":{"line":2,"column":96},"end":{"line":5,"column":1}},"line":2},"1":{"name":"(anonymous_1)","decl":{"start":{"line":4,"column":58},"end":{"line":4,"column":59}},"loc":{"start":{"line":4,"column":69},"end":{"line":4,"column":85}},"line":4},"2":{"name":"(anonymous_2)","decl":{"start":{"line":5,"column":6},"end":{"line":5,"column":7}},"loc":{"start":{"line":5,"column":28},"end":{"line":8,"column":1}},"line":5},"3":{"name":"(anonymous_3)","decl":{"start":{"line":9,"column":50},"end":{"line":9,"column":51}},"loc":{"start":{"line":9,"column":71},"end":{"line":11,"column":1}},"line":9}},"branchMap":{"0":{"loc":{"start":{"line":2,"column":22},"end":{"line":8,"column":3}},"type":"binary-expr","locations":[{"start":{"line":2,"column":23},"end":{"line":2,"column":27}},{"start":{"line":2,"column":31},"end":{"line":2,"column":51}},{"start":{"line":2,"column":57},"end":{"line":8,"column":2}}],"line":2},"1":{"loc":{"start":{"line":2,"column":57},"end":{"line":8,"column":2}},"type":"cond-expr","locations":[{"start":{"line":2,"column":74},"end":{"line":5,"column":1}},{"start":{"line":5,"column":6},"end":{"line":8,"column":1}}],"line":2},"2":{"loc":{"start":{"line":3,"column":4},"end":{"line":3,"column":33}},"type":"if","locations":[{"start":{"line":3,"column":4},"end":{"line":3,"column":33}},{"start":{},"end":{}}],"line":3},"3":{"loc":{"start":{"line":6,"column":4},"end":{"line":6,"column":33}},"type":"if","locations":[{"start":{"line":6,"column":4},"end":{"line":6,"column":33}},{"start":{},"end":{}}],"line":6},"4":{"loc":{"start":{"line":9,"column":19},"end":{"line":11,"column":1}},"type":"binary-expr","locations":[{"start":{"line":9,"column":20},"end":{"line":9,"column":24}},{"start":{"line":9,"column":28},"end":{"line":9,"column":45}},{"start":{"line":9,"column":50},"end":{"line":11,"column":1}}],"line":9},"5":{"loc":{"start":{"line":10,"column":21},"end":{"line":10,"column":126}},"type":"if","locations":[{"start":{"line":10,"column":21},"end":{"line":10,"column":126}},{"start":{},"end":{}}],"line":10},"6":{"loc":{"start":{"line":10,"column":25},"end":{"line":10,"column":93}},"type":"binary-expr","locations":[{"start":{"line":10,"column":25},"end":{"line":10,"column":40}},{"start":{"line":10,"column":44},"end":{"line":10,"column":93}}],"line":10}},"s":{"0":7,"1":56,"2":56,"3":56,"4":7,"5":0,"6":0,"7":0,"8":7,"9":56,"10":56,"11":56,"12":7,"13":7,"14":7,"15":7,"16":7,"17":7,"18":7,"19":7,"20":7},"f":{"0":56,"1":7,"2":0,"3":56},"b":{"0":[7,7,7],"1":[7,0],"2":[56,0],"3":[0,0],"4":[7,7,7],"5":[56,0],"6":[56,56]},"inputSourceMap":null,"_coverageSchema":"1a1c01bbd47fc00a2c39e90264f33305004495a9","hash":"a820c06fcf9f3511a041c61cfee941b9a0c02fd9"}
,"/Users/peterperlepes/Documents/clerk/javascript/packages/backend-core/src/api/resources/AllowlistIdentifier.ts": {"path":"/Users/peterperlepes/Documents/clerk/javascript/packages/backend-core/src/api/resources/AllowlistIdentifier.ts","statementMap":{"0":{"start":{"line":2,"column":22},"end":{"line":4,"column":1}},"1":{"start":{"line":3,"column":4},"end":{"line":3,"column":62}},"2":{"start":{"line":5,"column":0},"end":{"line":5,"column":62}},"3":{"start":{"line":6,"column":0},"end":{"line":6,"column":37}},"4":{"start":{"line":7,"column":25},"end":{"line":7,"column":67}},"5":{"start":{"line":8,"column":17},"end":{"line":8,"column":60}},"6":{"start":{"line":11,"column":8},"end":{"line":11,"column":64}},"7":{"start":{"line":14,"column":27},"end":{"line":14,"column":62}},"8":{"start":{"line":15,"column":25},"end":{"line":15,"column":90}},"9":{"start":{"line":16,"column":8},"end":{"line":16,"column":49}},"10":{"start":{"line":19,"column":0},"end":{"line":19,"column":50}},"11":{"start":{"line":20,"column":0},"end":{"line":20,"column":80}},"12":{"start":{"line":21,"column":0},"end":{"line":21,"column":34}}},"fnMap":{"0":{"name":"(anonymous_0)","decl":{"start":{"line":2,"column":56},"end":{"line":2,"column":57}},"loc":{"start":{"line":2,"column":71},"end":{"line":4,"column":1}},"line":2},"1":{"name":"(anonymous_1)","decl":{"start":{"line":10,"column":4},"end":{"line":10,"column":5}},"loc":{"start":{"line":10,"column":27},"end":{"line":12,"column":5}},"line":10},"2":{"name":"(anonymous_2)","decl":{"start":{"line":13,"column":4},"end":{"line":13,"column":5}},"loc":{"start":{"line":13,"column":26},"end":{"line":17,"column":5}},"line":13}},"branchMap":{"0":{"loc":{"start":{"line":2,"column":22},"end":{"line":4,"column":1}},"type":"binary-expr","locations":[{"start":{"line":2,"column":23},"end":{"line":2,"column":27}},{"start":{"line":2,"column":31},"end":{"line":2,"column":51}},{"start":{"line":2,"column":56},"end":{"line":4,"column":1}}],"line":2},"1":{"loc":{"start":{"line":3,"column":11},"end":{"line":3,"column":61}},"type":"cond-expr","locations":[{"start":{"line":3,"column":37},"end":{"line":3,"column":40}},{"start":{"line":3,"column":43},"end":{"line":3,"column":61}}],"line":3},"2":{"loc":{"start":{"line":3,"column":12},"end":{"line":3,"column":33}},"type":"binary-expr","locations":[{"start":{"line":3,"column":12},"end":{"line":3,"column":15}},{"start":{"line":3,"column":19},"end":{"line":3,"column":33}}],"line":3},"3":{"loc":{"start":{"line":10,"column":16},"end":{"line":10,"column":25}},"type":"default-arg","locations":[{"start":{"line":10,"column":23},"end":{"line":10,"column":25}}],"line":10}},"s":{"0":12,"1":24,"2":12,"3":12,"4":12,"5":12,"6":7,"7":5,"8":5,"9":5,"10":12,"11":12,"12":12},"f":{"0":24,"1":7,"2":5},"b":{"0":[12,12,12],"1":[12,12],"2":[24,24],"3":[0]},"inputSourceMap":null,"_coverageSchema":"1a1c01bbd47fc00a2c39e90264f33305004495a9","hash":"c565e0db90cf87442b941d13490cfcf4acba7355"}
,"/Users/peterperlepes/Documents/clerk/javascript/packages/backend-core/src/api/resources/Client.ts": {"path":"/Users/peterperlepes/Documents/clerk/javascript/packages/backend-core/src/api/resources/Client.ts","statementMap":{"0":{"start":{"line":2,"column":22},"end":{"line":4,"column":1}},"1":{"start":{"line":3,"column":4},"end":{"line":3,"column":62}},"2":{"start":{"line":5,"column":0},"end":{"line":5,"column":62}},"3":{"start":{"line":6,"column":0},"end":{"line":6,"column":24}},"4":{"start":{"line":7,"column":25},"end":{"line":7,"column":67}},"5":{"start":{"line":8,"column":17},"end":{"line":8,"column":60}},"6":{"start":{"line":9,"column":23},"end":{"line":9,"column":72}},"7":{"start":{"line":10,"column":16},"end":{"line":10,"column":34}},"8":{"start":{"line":11,"column":18},"end":{"line":11,"column":38}},"9":{"start":{"line":14,"column":8},"end":{"line":14,"column":51}},"10":{"start":{"line":17,"column":20},"end":{"line":17,"column":22}},"11":{"start":{"line":18,"column":27},"end":{"line":18,"column":62}},"12":{"start":{"line":19,"column":25},"end":{"line":19,"column":77}},"13":{"start":{"line":20,"column":8},"end":{"line":20,"column":37}},"14":{"start":{"line":21,"column":8},"end":{"line":21,"column":87}},"15":{"start":{"line":21,"column":56},"end":{"line":21,"column":85}},"16":{"start":{"line":22,"column":8},"end":{"line":22,"column":31}},"17":{"start":{"line":25,"column":0},"end":{"line":25,"column":24}},"18":{"start":{"line":26,"column":0},"end":{"line":34,"column":2}},"19":{"start":{"line":35,"column":0},"end":{"line":37,"column":2}},"20":{"start":{"line":38,"column":0},"end":{"line":40,"column":2}}},"fnMap":{"0":{"name":"(anonymous_0)","decl":{"start":{"line":2,"column":56},"end":{"line":2,"column":57}},"loc":{"start":{"line":2,"column":71},"end":{"line":4,"column":1}},"line":2},"1":{"name":"(anonymous_1)","decl":{"start":{"line":13,"column":4},"end":{"line":13,"column":5}},"loc":{"start":{"line":13,"column":27},"end":{"line":15,"column":5}},"line":13},"2":{"name":"(anonymous_2)","decl":{"start":{"line":16,"column":4},"end":{"line":16,"column":5}},"loc":{"start":{"line":16,"column":26},"end":{"line":23,"column":5}},"line":16},"3":{"name":"(anonymous_3)","decl":{"start":{"line":21,"column":49},"end":{"line":21,"column":50}},"loc":{"start":{"line":21,"column":56},"end":{"line":21,"column":85}},"line":21}},"branchMap":{"0":{"loc":{"start":{"line":2,"column":22},"end":{"line":4,"column":1}},"type":"binary-expr","locations":[{"start":{"line":2,"column":23},"end":{"line":2,"column":27}},{"start":{"line":2,"column":31},"end":{"line":2,"column":51}},{"start":{"line":2,"column":56},"end":{"line":4,"column":1}}],"line":2},"1":{"loc":{"start":{"line":3,"column":11},"end":{"line":3,"column":61}},"type":"cond-expr","locations":[{"start":{"line":3,"column":37},"end":{"line":3,"column":40}},{"start":{"line":3,"column":43},"end":{"line":3,"column":61}}],"line":3},"2":{"loc":{"start":{"line":3,"column":12},"end":{"line":3,"column":33}},"type":"binary-expr","locations":[{"start":{"line":3,"column":12},"end":{"line":3,"column":15}},{"start":{"line":3,"column":19},"end":{"line":3,"column":33}}],"line":3},"3":{"loc":{"start":{"line":13,"column":16},"end":{"line":13,"column":25}},"type":"default-arg","locations":[{"start":{"line":13,"column":23},"end":{"line":13,"column":25}}],"line":13},"4":{"loc":{"start":{"line":21,"column":24},"end":{"line":21,"column":43}},"type":"binary-expr","locations":[{"start":{"line":21,"column":24},"end":{"line":21,"column":37}},{"start":{"line":21,"column":41},"end":{"line":21,"column":43}}],"line":21}},"s":{"0":12,"1":36,"2":12,"3":12,"4":12,"5":12,"6":12,"7":12,"8":12,"9":11,"10":6,"11":6,"12":6,"13":6,"14":6,"15":4,"16":6,"17":12,"18":12,"19":12,"20":12},"f":{"0":36,"1":11,"2":6,"3":4},"b":{"0":[12,12,12],"1":[24,12],"2":[36,36],"3":[1],"4":[6,2]},"inputSourceMap":null,"_coverageSchema":"1a1c01bbd47fc00a2c39e90264f33305004495a9","hash":"65f0995cbe6a35866bc22a7e934cb54479f01eeb"}
,"/Users/peterperlepes/Documents/clerk/javascript/packages/backend-core/src/api/resources/Email.ts": {"path":"/Users/peterperlepes/Documents/clerk/javascript/packages/backend-core/src/api/resources/Email.ts","statementMap":{"0":{"start":{"line":2,"column":22},"end":{"line":4,"column":1}},"1":{"start":{"line":3,"column":4},"end":{"line":3,"column":62}},"2":{"start":{"line":5,"column":0},"end":{"line":5,"column":62}},"3":{"start":{"line":6,"column":0},"end":{"line":6,"column":23}},"4":{"start":{"line":7,"column":25},"end":{"line":7,"column":67}},"5":{"start":{"line":8,"column":17},"end":{"line":8,"column":60}},"6":{"start":{"line":11,"column":8},"end":{"line":11,"column":50}},"7":{"start":{"line":14,"column":27},"end":{"line":14,"column":62}},"8":{"start":{"line":15,"column":25},"end":{"line":15,"column":76}},"9":{"start":{"line":16,"column":8},"end":{"line":16,"column":35}},"10":{"start":{"line":19,"column":0},"end":{"line":19,"column":22}},"11":{"start":{"line":20,"column":0},"end":{"line":28,"column":2}},"12":{"start":{"line":29,"column":0},"end":{"line":29,"column":20}}},"fnMap":{"0":{"name":"(anonymous_0)","decl":{"start":{"line":2,"column":56},"end":{"line":2,"column":57}},"loc":{"start":{"line":2,"column":71},"end":{"line":4,"column":1}},"line":2},"1":{"name":"(anonymous_1)","decl":{"start":{"line":10,"column":4},"end":{"line":10,"column":5}},"loc":{"start":{"line":10,"column":27},"end":{"line":12,"column":5}},"line":10},"2":{"name":"(anonymous_2)","decl":{"start":{"line":13,"column":4},"end":{"line":13,"column":5}},"loc":{"start":{"line":13,"column":26},"end":{"line":17,"column":5}},"line":13}},"branchMap":{"0":{"loc":{"start":{"line":2,"column":22},"end":{"line":4,"column":1}},"type":"binary-expr","locations":[{"start":{"line":2,"column":23},"end":{"line":2,"column":27}},{"start":{"line":2,"column":31},"end":{"line":2,"column":51}},{"start":{"line":2,"column":56},"end":{"line":4,"column":1}}],"line":2},"1":{"loc":{"start":{"line":3,"column":11},"end":{"line":3,"column":61}},"type":"cond-expr","locations":[{"start":{"line":3,"column":37},"end":{"line":3,"column":40}},{"start":{"line":3,"column":43},"end":{"line":3,"column":61}}],"line":3},"2":{"loc":{"start":{"line":3,"column":12},"end":{"line":3,"column":33}},"type":"binary-expr","locations":[{"start":{"line":3,"column":12},"end":{"line":3,"column":15}},{"start":{"line":3,"column":19},"end":{"line":3,"column":33}}],"line":3},"3":{"loc":{"start":{"line":10,"column":16},"end":{"line":10,"column":25}},"type":"default-arg","locations":[{"start":{"line":10,"column":23},"end":{"line":10,"column":25}}],"line":10}},"s":{"0":12,"1":24,"2":12,"3":12,"4":12,"5":12,"6":3,"7":2,"8":2,"9":2,"10":12,"11":12,"12":12},"f":{"0":24,"1":3,"2":2},"b":{"0":[12,12,12],"1":[12,12],"2":[24,24],"3":[0]},"inputSourceMap":null,"_coverageSchema":"1a1c01bbd47fc00a2c39e90264f33305004495a9","hash":"fb1fa5db6c441364167801b4633d688cbf5c76f2"}
,"/Users/peterperlepes/Documents/clerk/javascript/packages/backend-core/src/api/resources/EmailAddress.ts": {"path":"/Users/peterperlepes/Documents/clerk/javascript/packages/backend-core/src/api/resources/EmailAddress.ts","statementMap":{"0":{"start":{"line":2,"column":22},"end":{"line":4,"column":1}},"1":{"start":{"line":3,"column":4},"end":{"line":3,"column":62}},"2":{"start":{"line":5,"column":0},"end":{"line":5,"column":62}},"3":{"start":{"line":6,"column":0},"end":{"line":6,"column":30}},"4":{"start":{"line":7,"column":23},"end":{"line":7,"column":72}},"5":{"start":{"line":8,"column":16},"end":{"line":8,"column":34}},"6":{"start":{"line":9,"column":23},"end":{"line":9,"column":48}},"7":{"start":{"line":10,"column":29},"end":{"line":10,"column":60}},"8":{"start":{"line":13,"column":8},"end":{"line":13,"column":57}},"9":{"start":{"line":16,"column":8},"end":{"line":23,"column":11}},"10":{"start":{"line":21,"column":16},"end":{"line":21,"column":78}},"11":{"start":{"line":26,"column":0},"end":{"line":26,"column":36}},"12":{"start":{"line":27,"column":0},"end":{"line":27,"column":49}},"13":{"start":{"line":28,"column":0},"end":{"line":31,"column":2}},"14":{"start":{"line":32,"column":0},"end":{"line":32,"column":79}}},"fnMap":{"0":{"name":"(anonymous_0)","decl":{"start":{"line":2,"column":56},"end":{"line":2,"column":57}},"loc":{"start":{"line":2,"column":71},"end":{"line":4,"column":1}},"line":2},"1":{"name":"(anonymous_1)","decl":{"start":{"line":12,"column":4},"end":{"line":12,"column":5}},"loc":{"start":{"line":12,"column":27},"end":{"line":14,"column":5}},"line":12},"2":{"name":"(anonymous_2)","decl":{"start":{"line":15,"column":4},"end":{"line":15,"column":5}},"loc":{"start":{"line":15,"column":26},"end":{"line":24,"column":5}},"line":15},"3":{"name":"(anonymous_3)","decl":{"start":{"line":20,"column":49},"end":{"line":20,"column":50}},"loc":{"start":{"line":20,"column":59},"end":{"line":22,"column":13}},"line":20}},"branchMap":{"0":{"loc":{"start":{"line":2,"column":22},"end":{"line":4,"column":1}},"type":"binary-expr","locations":[{"start":{"line":2,"column":23},"end":{"line":2,"column":27}},{"start":{"line":2,"column":31},"end":{"line":2,"column":51}},{"start":{"line":2,"column":56},"end":{"line":4,"column":1}}],"line":2},"1":{"loc":{"start":{"line":3,"column":11},"end":{"line":3,"column":61}},"type":"cond-expr","locations":[{"start":{"line":3,"column":37},"end":{"line":3,"column":40}},{"start":{"line":3,"column":43},"end":{"line":3,"column":61}}],"line":3},"2":{"loc":{"start":{"line":3,"column":12},"end":{"line":3,"column":33}},"type":"binary-expr","locations":[{"start":{"line":3,"column":12},"end":{"line":3,"column":15}},{"start":{"line":3,"column":19},"end":{"line":3,"column":33}}],"line":3},"3":{"loc":{"start":{"line":12,"column":16},"end":{"line":12,"column":25}},"type":"default-arg","locations":[{"start":{"line":12,"column":23},"end":{"line":12,"column":25}}],"line":12},"4":{"loc":{"start":{"line":20,"column":23},"end":{"line":20,"column":43}},"type":"binary-expr","locations":[{"start":{"line":20,"column":23},"end":{"line":20,"column":37}},{"start":{"line":20,"column":41},"end":{"line":20,"column":43}}],"line":20}},"s":{"0":12,"1":12,"2":12,"3":12,"4":12,"5":12,"6":12,"7":12,"8":15,"9":14,"10":7,"11":12,"12":12,"13":12,"14":12},"f":{"0":12,"1":15,"2":14,"3":7},"b":{"0":[12,12,12],"1":[12,0],"2":[12,12],"3":[1],"4":[14,0]},"inputSourceMap":null,"_coverageSchema":"1a1c01bbd47fc00a2c39e90264f33305004495a9","hash":"ca0ac90e6e2612b84677634978ae64f023290b0b"}
,"/Users/peterperlepes/Documents/clerk/javascript/packages/backend-core/src/api/resources/Enums.ts": {"path":"/Users/peterperlepes/Documents/clerk/javascript/packages/backend-core/src/api/resources/Enums.ts","statementMap":{"0":{"start":{"line":2,"column":0},"end":{"line":2,"column":62}},"1":{"start":{"line":3,"column":0},"end":{"line":3,"column":29}},"2":{"start":{"line":5,"column":0},"end":{"line":8,"column":68}},"3":{"start":{"line":6,"column":4},"end":{"line":6,"column":37}},"4":{"start":{"line":7,"column":4},"end":{"line":7,"column":39}}},"fnMap":{"0":{"name":"(anonymous_0)","decl":{"start":{"line":5,"column":1},"end":{"line":5,"column":2}},"loc":{"start":{"line":5,"column":24},"end":{"line":8,"column":1}},"line":5}},"branchMap":{"0":{"loc":{"start":{"line":8,"column":17},"end":{"line":8,"column":66}},"type":"binary-expr","locations":[{"start":{"line":8,"column":17},"end":{"line":8,"column":36}},{"start":{"line":8,"column":41},"end":{"line":8,"column":65}}],"line":8}},"s":{"0":12,"1":12,"2":12,"3":12,"4":12},"f":{"0":12},"b":{"0":[12,12]},"inputSourceMap":null,"_coverageSchema":"1a1c01bbd47fc00a2c39e90264f33305004495a9","hash":"9fc923728977787285f55a7d2640e10e8f08750f"}
,"/Users/peterperlepes/Documents/clerk/javascript/packages/backend-core/src/api/resources/ExternalAccount.ts": {"path":"/Users/peterperlepes/Documents/clerk/javascript/packages/backend-core/src/api/resources/ExternalAccount.ts","statementMap":{"0":{"start":{"line":2,"column":0},"end":{"line":2,"column":62}},"1":{"start":{"line":3,"column":0},"end":{"line":3,"column":33}},"2":{"start":{"line":4,"column":15},"end":{"line":4,"column":32}},"3":{"start":{"line":7,"column":8},"end":{"line":7,"column":60}},"4":{"start":{"line":10,"column":20},"end":{"line":10,"column":22}},"5":{"start":{"line":11,"column":8},"end":{"line":11,"column":25}},"6":{"start":{"line":12,"column":8},"end":{"line":12,"column":50}},"7":{"start":{"line":13,"column":8},"end":{"line":13,"column":46}},"8":{"start":{"line":14,"column":8},"end":{"line":44,"column":9}},"9":{"start":{"line":16,"column":16},"end":{"line":16,"column":42}},"10":{"start":{"line":17,"column":31},"end":{"line":17,"column":35}},"11":{"start":{"line":18,"column":16},"end":{"line":18,"column":52}},"12":{"start":{"line":19,"column":16},"end":{"line":19,"column":50}},"13":{"start":{"line":20,"column":16},"end":{"line":20,"column":48}},"14":{"start":{"line":21,"column":16},"end":{"line":21,"column":43}},"15":{"start":{"line":22,"column":16},"end":{"line":22,"column":22}},"16":{"start":{"line":25,"column":16},"end":{"line":25,"column":40}},"17":{"start":{"line":26,"column":30},"end":{"line":26,"column":34}},"18":{"start":{"line":27,"column":16},"end":{"line":27,"column":49}},"19":{"start":{"line":28,"column":16},"end":{"line":28,"column":49}},"20":{"start":{"line":29,"column":16},"end":{"line":29,"column":49}},"21":{"start":{"line":30,"column":16},"end":{"line":30,"column":43}},"22":{"start":{"line":31,"column":16},"end":{"line":31,"column":22}},"23":{"start":{"line":34,"column":16},"end":{"line":34,"column":45}},"24":{"start":{"line":35,"column":32},"end":{"line":35,"column":36}},"25":{"start":{"line":36,"column":16},"end":{"line":36,"column":58}},"26":{"start":{"line":37,"column":16},"end":{"line":37,"column":51}},"27":{"start":{"line":38,"column":16},"end":{"line":38,"column":49}},"28":{"start":{"line":39,"column":16},"end":{"line":39,"column":49}},"29":{"start":{"line":40,"column":16},"end":{"line":40,"column":22}},"30":{"start":{"line":43,"column":16},"end":{"line":43,"column":69}},"31":{"start":{"line":45,"column":8},"end":{"line":45,"column":40}},"32":{"start":{"line":48,"column":0},"end":{"line":48,"column":42}},"33":{"start":{"line":49,"column":0},"end":{"line":58,"column":2}},"34":{"start":{"line":59,"column":0},"end":{"line":59,"column":30}}},"fnMap":{"0":{"name":"(anonymous_0)","decl":{"start":{"line":6,"column":4},"end":{"line":6,"column":5}},"loc":{"start":{"line":6,"column":27},"end":{"line":8,"column":5}},"line":6},"1":{"name":"(anonymous_1)","decl":{"start":{"line":9,"column":4},"end":{"line":9,"column":5}},"loc":{"start":{"line":9,"column":26},"end":{"line":46,"column":5}},"line":9}},"branchMap":{"0":{"loc":{"start":{"line":6,"column":16},"end":{"line":6,"column":25}},"type":"default-arg","locations":[{"start":{"line":6,"column":23},"end":{"line":6,"column":25}}],"line":6},"1":{"loc":{"start":{"line":14,"column":8},"end":{"line":44,"column":9}},"type":"switch","locations":[{"start":{"line":15,"column":12},"end":{"line":23,"column":13}},{"start":{"line":24,"column":12},"end":{"line":32,"column":13}},{"start":{"line":33,"column":12},"end":{"line":41,"column":13}},{"start":{"line":42,"column":12},"end":{"line":43,"column":69}}],"line":14}},"s":{"0":12,"1":12,"2":12,"3":14,"4":14,"5":14,"6":14,"7":14,"8":14,"9":7,"10":7,"11":7,"12":7,"13":7,"14":7,"15":7,"16":7,"17":7,"18":7,"19":7,"20":7,"21":7,"22":7,"23":0,"24":0,"25":0,"26":0,"27":0,"28":0,"29":0,"30":0,"31":14,"32":12,"33":12,"34":12},"f":{"0":14,"1":14},"b":{"0":[0],"1":[7,7,0,0]},"inputSourceMap":null,"_coverageSchema":"1a1c01bbd47fc00a2c39e90264f33305004495a9","hash":"bf4f55f3cd41fe788ebb7a3285514c84d5563919"}
,"/Users/peterperlepes/Documents/clerk/javascript/packages/backend-core/src/api/resources/IdentificationLink.ts": {"path":"/Users/peterperlepes/Documents/clerk/javascript/packages/backend-core/src/api/resources/IdentificationLink.ts","statementMap":{"0":{"start":{"line":2,"column":22},"end":{"line":4,"column":1}},"1":{"start":{"line":3,"column":4},"end":{"line":3,"column":62}},"2":{"start":{"line":5,"column":0},"end":{"line":5,"column":62}},"3":{"start":{"line":6,"column":0},"end":{"line":6,"column":36}},"4":{"start":{"line":7,"column":25},"end":{"line":7,"column":67}},"5":{"start":{"line":8,"column":17},"end":{"line":8,"column":60}},"6":{"start":{"line":11,"column":8},"end":{"line":11,"column":63}},"7":{"start":{"line":14,"column":27},"end":{"line":14,"column":62}},"8":{"start":{"line":15,"column":25},"end":{"line":15,"column":89}},"9":{"start":{"line":16,"column":8},"end":{"line":16,"column":48}},"10":{"start":{"line":19,"column":0},"end":{"line":19,"column":48}},"11":{"start":{"line":20,"column":0},"end":{"line":20,"column":47}},"12":{"start":{"line":21,"column":0},"end":{"line":21,"column":33}}},"fnMap":{"0":{"name":"(anonymous_0)","decl":{"start":{"line":2,"column":56},"end":{"line":2,"column":57}},"loc":{"start":{"line":2,"column":71},"end":{"line":4,"column":1}},"line":2},"1":{"name":"(anonymous_1)","decl":{"start":{"line":10,"column":4},"end":{"line":10,"column":5}},"loc":{"start":{"line":10,"column":27},"end":{"line":12,"column":5}},"line":10},"2":{"name":"(anonymous_2)","decl":{"start":{"line":13,"column":4},"end":{"line":13,"column":5}},"loc":{"start":{"line":13,"column":26},"end":{"line":17,"column":5}},"line":13}},"branchMap":{"0":{"loc":{"start":{"line":2,"column":22},"end":{"line":4,"column":1}},"type":"binary-expr","locations":[{"start":{"line":2,"column":23},"end":{"line":2,"column":27}},{"start":{"line":2,"column":31},"end":{"line":2,"column":51}},{"start":{"line":2,"column":56},"end":{"line":4,"column":1}}],"line":2},"1":{"loc":{"start":{"line":3,"column":11},"end":{"line":3,"column":61}},"type":"cond-expr","locations":[{"start":{"line":3,"column":37},"end":{"line":3,"column":40}},{"start":{"line":3,"column":43},"end":{"line":3,"column":61}}],"line":3},"2":{"loc":{"start":{"line":3,"column":12},"end":{"line":3,"column":33}},"type":"binary-expr","locations":[{"start":{"line":3,"column":12},"end":{"line":3,"column":15}},{"start":{"line":3,"column":19},"end":{"line":3,"column":33}}],"line":3},"3":{"loc":{"start":{"line":10,"column":16},"end":{"line":10,"column":25}},"type":"default-arg","locations":[{"start":{"line":10,"column":23},"end":{"line":10,"column":25}}],"line":10}},"s":{"0":12,"1":24,"2":12,"3":12,"4":12,"5":12,"6":7,"7":7,"8":7,"9":7,"10":12,"11":12,"12":12},"f":{"0":24,"1":7,"2":7},"b":{"0":[12,12,12],"1":[12,12],"2":[24,24],"3":[0]},"inputSourceMap":null,"_coverageSchema":"1a1c01bbd47fc00a2c39e90264f33305004495a9","hash":"235df05294f9db8fe4302b71ba072074bba9f02d"}
,"/Users/peterperlepes/Documents/clerk/javascript/packages/backend-core/src/api/resources/Invitation.ts": {"path":"/Users/peterperlepes/Documents/clerk/javascript/packages/backend-core/src/api/resources/Invitation.ts","statementMap":{"0":{"start":{"line":2,"column":22},"end":{"line":4,"column":1}},"1":{"start":{"line":3,"column":4},"end":{"line":3,"column":62}},"2":{"start":{"line":5,"column":0},"end":{"line":5,"column":62}},"3":{"start":{"line":6,"column":0},"end":{"line":6,"column":28}},"4":{"start":{"line":7,"column":25},"end":{"line":7,"column":67}},"5":{"start":{"line":8,"column":17},"end":{"line":8,"column":60}},"6":{"start":{"line":11,"column":8},"end":{"line":11,"column":55}},"7":{"start":{"line":14,"column":27},"end":{"line":14,"column":62}},"8":{"start":{"line":15,"column":25},"end":{"line":15,"column":81}},"9":{"start":{"line":16,"column":8},"end":{"line":16,"column":40}},"10":{"start":{"line":19,"column":0},"end":{"line":19,"column":32}},"11":{"start":{"line":20,"column":0},"end":{"line":20,"column":73}},"12":{"start":{"line":21,"column":0},"end":{"line":21,"column":25}}},"fnMap":{"0":{"name":"(anonymous_0)","decl":{"start":{"line":2,"column":56},"end":{"line":2,"column":57}},"loc":{"start":{"line":2,"column":71},"end":{"line":4,"column":1}},"line":2},"1":{"name":"(anonymous_1)","decl":{"start":{"line":10,"column":4},"end":{"line":10,"column":5}},"loc":{"start":{"line":10,"column":27},"end":{"line":12,"column":5}},"line":10},"2":{"name":"(anonymous_2)","decl":{"start":{"line":13,"column":4},"end":{"line":13,"column":5}},"loc":{"start":{"line":13,"column":26},"end":{"line":17,"column":5}},"line":13}},"branchMap":{"0":{"loc":{"start":{"line":2,"column":22},"end":{"line":4,"column":1}},"type":"binary-expr","locations":[{"start":{"line":2,"column":23},"end":{"line":2,"column":27}},{"start":{"line":2,"column":31},"end":{"line":2,"column":51}},{"start":{"line":2,"column":56},"end":{"line":4,"column":1}}],"line":2},"1":{"loc":{"start":{"line":3,"column":11},"end":{"line":3,"column":61}},"type":"cond-expr","locations":[{"start":{"line":3,"column":37},"end":{"line":3,"column":40}},{"start":{"line":3,"column":43},"end":{"line":3,"column":61}}],"line":3},"2":{"loc":{"start":{"line":3,"column":12},"end":{"line":3,"column":33}},"type":"binary-expr","locations":[{"start":{"line":3,"column":12},"end":{"line":3,"column":15}},{"start":{"line":3,"column":19},"end":{"line":3,"column":33}}],"line":3},"3":{"loc":{"start":{"line":10,"column":16},"end":{"line":10,"column":25}},"type":"default-arg","locations":[{"start":{"line":10,"column":23},"end":{"line":10,"column":25}}],"line":10}},"s":{"0":12,"1":24,"2":12,"3":12,"4":12,"5":12,"6":7,"7":5,"8":5,"9":5,"10":12,"11":12,"12":12},"f":{"0":24,"1":7,"2":5},"b":{"0":[12,12,12],"1":[12,12],"2":[24,24],"3":[0]},"inputSourceMap":null,"_coverageSchema":"1a1c01bbd47fc00a2c39e90264f33305004495a9","hash":"2dc331d0c53aaa3dd670c141728d9ff3b34d4912"}
,"/Users/peterperlepes/Documents/clerk/javascript/packages/backend-core/src/api/resources/JSON.ts": {"path":"/Users/peterperlepes/Documents/clerk/javascript/packages/backend-core/src/api/resources/JSON.ts","statementMap":{"0":{"start":{"line":2,"column":0},"end":{"line":2,"column":62}},"1":{"start":{"line":3,"column":0},"end":{"line":3,"column":28}},"2":{"start":{"line":5,"column":0},"end":{"line":20,"column":65}},"3":{"start":{"line":6,"column":4},"end":{"line":6,"column":63}},"4":{"start":{"line":7,"column":4},"end":{"line":7,"column":36}},"5":{"start":{"line":8,"column":4},"end":{"line":8,"column":34}},"6":{"start":{"line":9,"column":4},"end":{"line":9,"column":49}},"7":{"start":{"line":10,"column":4},"end":{"line":10,"column":55}},"8":{"start":{"line":11,"column":4},"end":{"line":11,"column":51}},"9":{"start":{"line":12,"column":4},"end":{"line":12,"column":55}},"10":{"start":{"line":13,"column":4},"end":{"line":13,"column":44}},"11":{"start":{"line":14,"column":4},"end":{"line":14,"column":47}},"12":{"start":{"line":15,"column":4},"end":{"line":15,"column":38}},"13":{"start":{"line":16,"column":4},"end":{"line":16,"column":52}},"14":{"start":{"line":17,"column":4},"end":{"line":17,"column":52}},"15":{"start":{"line":18,"column":4},"end":{"line":18,"column":45}},"16":{"start":{"line":19,"column":4},"end":{"line":19,"column":32}}},"fnMap":{"0":{"name":"(anonymous_0)","decl":{"start":{"line":5,"column":1},"end":{"line":5,"column":2}},"loc":{"start":{"line":5,"column":23},"end":{"line":20,"column":1}},"line":5}},"branchMap":{"0":{"loc":{"start":{"line":20,"column":16},"end":{"line":20,"column":63}},"type":"binary-expr","locations":[{"start":{"line":20,"column":16},"end":{"line":20,"column":34}},{"start":{"line":20,"column":39},"end":{"line":20,"column":62}}],"line":20}},"s":{"0":12,"1":12,"2":12,"3":12,"4":12,"5":12,"6":12,"7":12,"8":12,"9":12,"10":12,"11":12,"12":12,"13":12,"14":12,"15":12,"16":12},"f":{"0":12},"b":{"0":[12,12]},"inputSourceMap":null,"_coverageSchema":"1a1c01bbd47fc00a2c39e90264f33305004495a9","hash":"827d333f60eee5a65f5691fddc97de5516cd7b80"}
,"/Users/peterperlepes/Documents/clerk/javascript/packages/backend-core/src/api/resources/Nullable.ts": {"path":"/Users/peterperlepes/Documents/clerk/javascript/packages/backend-core/src/api/resources/Nullable.ts","statementMap":{"0":{"start":{"line":2,"column":0},"end":{"line":2,"column":62}}},"fnMap":{},"branchMap":{},"s":{"0":12},"f":{},"b":{},"inputSourceMap":null,"_coverageSchema":"1a1c01bbd47fc00a2c39e90264f33305004495a9","hash":"2554bded3c82ee51d5d17c4d01c43128799dcf93"}
,"/Users/peterperlepes/Documents/clerk/javascript/packages/backend-core/src/api/resources/PhoneNumber.ts": {"path":"/Users/peterperlepes/Documents/clerk/javascript/packages/backend-core/src/api/resources/PhoneNumber.ts","statementMap":{"0":{"start":{"line":2,"column":22},"end":{"line":4,"column":1}},"1":{"start":{"line":3,"column":4},"end":{"line":3,"column":62}},"2":{"start":{"line":5,"column":0},"end":{"line":5,"column":62}},"3":{"start":{"line":6,"column":0},"end":{"line":6,"column":29}},"4":{"start":{"line":7,"column":23},"end":{"line":7,"column":72}},"5":{"start":{"line":8,"column":16},"end":{"line":8,"column":34}},"6":{"start":{"line":9,"column":23},"end":{"line":9,"column":48}},"7":{"start":{"line":10,"column":29},"end":{"line":10,"column":60}},"8":{"start":{"line":13,"column":8},"end":{"line":13,"column":56}},"9":{"start":{"line":16,"column":8},"end":{"line":24,"column":11}},"10":{"start":{"line":22,"column":16},"end":{"line":22,"column":78}},"11":{"start":{"line":27,"column":0},"end":{"line":27,"column":34}},"12":{"start":{"line":28,"column":0},"end":{"line":28,"column":74}},"13":{"start":{"line":29,"column":0},"end":{"line":32,"column":2}},"14":{"start":{"line":33,"column":0},"end":{"line":33,"column":77}}},"fnMap":{"0":{"name":"(anonymous_0)","decl":{"start":{"line":2,"column":56},"end":{"line":2,"column":57}},"loc":{"start":{"line":2,"column":71},"end":{"line":4,"column":1}},"line":2},"1":{"name":"(anonymous_1)","decl":{"start":{"line":12,"column":4},"end":{"line":12,"column":5}},"loc":{"start":{"line":12,"column":27},"end":{"line":14,"column":5}},"line":12},"2":{"name":"(anonymous_2)","decl":{"start":{"line":15,"column":4},"end":{"line":15,"column":5}},"loc":{"start":{"line":15,"column":26},"end":{"line":25,"column":5}},"line":15},"3":{"name":"(anonymous_3)","decl":{"start":{"line":21,"column":49},"end":{"line":21,"column":50}},"loc":{"start":{"line":21,"column":59},"end":{"line":23,"column":13}},"line":21}},"branchMap":{"0":{"loc":{"start":{"line":2,"column":22},"end":{"line":4,"column":1}},"type":"binary-expr","locations":[{"start":{"line":2,"column":23},"end":{"line":2,"column":27}},{"start":{"line":2,"column":31},"end":{"line":2,"column":51}},{"start":{"line":2,"column":56},"end":{"line":4,"column":1}}],"line":2},"1":{"loc":{"start":{"line":3,"column":11},"end":{"line":3,"column":61}},"type":"cond-expr","locations":[{"start":{"line":3,"column":37},"end":{"line":3,"column":40}},{"start":{"line":3,"column":43},"end":{"line":3,"column":61}}],"line":3},"2":{"loc":{"start":{"line":3,"column":12},"end":{"line":3,"column":33}},"type":"binary-expr","locations":[{"start":{"line":3,"column":12},"end":{"line":3,"column":15}},{"start":{"line":3,"column":19},"end":{"line":3,"column":33}}],"line":3},"3":{"loc":{"start":{"line":12,"column":16},"end":{"line":12,"column":25}},"type":"default-arg","locations":[{"start":{"line":12,"column":23},"end":{"line":12,"column":25}}],"line":12},"4":{"loc":{"start":{"line":21,"column":23},"end":{"line":21,"column":43}},"type":"binary-expr","locations":[{"start":{"line":21,"column":23},"end":{"line":21,"column":37}},{"start":{"line":21,"column":41},"end":{"line":21,"column":43}}],"line":21}},"s":{"0":12,"1":12,"2":12,"3":12,"4":12,"5":12,"6":12,"7":12,"8":15,"9":14,"10":0,"11":12,"12":12,"13":12,"14":12},"f":{"0":12,"1":15,"2":14,"3":0},"b":{"0":[12,12,12],"1":[12,0],"2":[12,12],"3":[1],"4":[14,0]},"inputSourceMap":null,"_coverageSchema":"1a1c01bbd47fc00a2c39e90264f33305004495a9","hash":"843b69dee83f60eeaea010d636e4f4b7f614ac4d"}
,"/Users/peterperlepes/Documents/clerk/javascript/packages/backend-core/src/api/resources/Props.ts": {"path":"/Users/peterperlepes/Documents/clerk/javascript/packages/backend-core/src/api/resources/Props.ts","statementMap":{"0":{"start":{"line":2,"column":0},"end":{"line":2,"column":62}}},"fnMap":{},"branchMap":{},"s":{"0":12},"f":{},"b":{},"inputSourceMap":null,"_coverageSchema":"1a1c01bbd47fc00a2c39e90264f33305004495a9","hash":"6c5114dbeceaa0ec25343b5a60422b42ca47a4f0"}
,"/Users/peterperlepes/Documents/clerk/javascript/packages/backend-core/src/api/resources/SMSMessage.ts": {"path":"/Users/peterperlepes/Documents/clerk/javascript/packages/backend-core/src/api/resources/SMSMessage.ts","statementMap":{"0":{"start":{"line":2,"column":22},"end":{"line":4,"column":1}},"1":{"start":{"line":3,"column":4},"end":{"line":3,"column":62}},"2":{"start":{"line":5,"column":0},"end":{"line":5,"column":62}},"3":{"start":{"line":6,"column":0},"end":{"line":6,"column":28}},"4":{"start":{"line":7,"column":25},"end":{"line":7,"column":67}},"5":{"start":{"line":8,"column":17},"end":{"line":8,"column":60}},"6":{"start":{"line":13,"column":8},"end":{"line":13,"column":55}},"7":{"start":{"line":16,"column":27},"end":{"line":16,"column":62}},"8":{"start":{"line":17,"column":25},"end":{"line":17,"column":81}},"9":{"start":{"line":18,"column":8},"end":{"line":18,"column":40}},"10":{"start":{"line":21,"column":0},"end":{"line":21,"column":32}},"11":{"start":{"line":22,"column":0},"end":{"line":23,"column":42}},"12":{"start":{"line":24,"column":0},"end":{"line":24,"column":25}}},"fnMap":{"0":{"name":"(anonymous_0)","decl":{"start":{"line":2,"column":56},"end":{"line":2,"column":57}},"loc":{"start":{"line":2,"column":71},"end":{"line":4,"column":1}},"line":2},"1":{"name":"(anonymous_1)","decl":{"start":{"line":12,"column":4},"end":{"line":12,"column":5}},"loc":{"start":{"line":12,"column":27},"end":{"line":14,"column":5}},"line":12},"2":{"name":"(anonymous_2)","decl":{"start":{"line":15,"column":4},"end":{"line":15,"column":5}},"loc":{"start":{"line":15,"column":26},"end":{"line":19,"column":5}},"line":15}},"branchMap":{"0":{"loc":{"start":{"line":2,"column":22},"end":{"line":4,"column":1}},"type":"binary-expr","locations":[{"start":{"line":2,"column":23},"end":{"line":2,"column":27}},{"start":{"line":2,"column":31},"end":{"line":2,"column":51}},{"start":{"line":2,"column":56},"end":{"line":4,"column":1}}],"line":2},"1":{"loc":{"start":{"line":3,"column":11},"end":{"line":3,"column":61}},"type":"cond-expr","locations":[{"start":{"line":3,"column":37},"end":{"line":3,"column":40}},{"start":{"line":3,"column":43},"end":{"line":3,"column":61}}],"line":3},"2":{"loc":{"start":{"line":3,"column":12},"end":{"line":3,"column":33}},"type":"binary-expr","locations":[{"start":{"line":3,"column":12},"end":{"line":3,"column":15}},{"start":{"line":3,"column":19},"end":{"line":3,"column":33}}],"line":3},"3":{"loc":{"start":{"line":12,"column":16},"end":{"line":12,"column":25}},"type":"default-arg","locations":[{"start":{"line":12,"column":23},"end":{"line":12,"column":25}}],"line":12}},"s":{"0":12,"1":24,"2":12,"3":12,"4":12,"5":12,"6":3,"7":2,"8":2,"9":2,"10":12,"11":12,"12":12},"f":{"0":24,"1":3,"2":2},"b":{"0":[12,12,12],"1":[12,12],"2":[24,24],"3":[0]},"inputSourceMap":null,"_coverageSchema":"1a1c01bbd47fc00a2c39e90264f33305004495a9","hash":"b4c94c5b5075643cf53181cec658b254d5fc6dc8"}
,"/Users/peterperlepes/Documents/clerk/javascript/packages/backend-core/src/api/resources/Session.ts": {"path":"/Users/peterperlepes/Documents/clerk/javascript/packages/backend-core/src/api/resources/Session.ts","statementMap":{"0":{"start":{"line":2,"column":22},"end":{"line":4,"column":1}},"1":{"start":{"line":3,"column":4},"end":{"line":3,"column":62}},"2":{"start":{"line":5,"column":0},"end":{"line":5,"column":62}},"3":{"start":{"line":6,"column":0},"end":{"line":6,"column":25}},"4":{"start":{"line":7,"column":25},"end":{"line":7,"column":67}},"5":{"start":{"line":8,"column":17},"end":{"line":8,"column":60}},"6":{"start":{"line":11,"column":8},"end":{"line":11,"column":52}},"7":{"start":{"line":14,"column":27},"end":{"line":14,"column":62}},"8":{"start":{"line":15,"column":25},"end":{"line":15,"column":78}},"9":{"start":{"line":16,"column":8},"end":{"line":16,"column":37}},"10":{"start":{"line":19,"column":0},"end":{"line":19,"column":26}},"11":{"start":{"line":20,"column":0},"end":{"line":28,"column":2}},"12":{"start":{"line":29,"column":0},"end":{"line":29,"column":22}}},"fnMap":{"0":{"name":"(anonymous_0)","decl":{"start":{"line":2,"column":56},"end":{"line":2,"column":57}},"loc":{"start":{"line":2,"column":71},"end":{"line":4,"column":1}},"line":2},"1":{"name":"(anonymous_1)","decl":{"start":{"line":10,"column":4},"end":{"line":10,"column":5}},"loc":{"start":{"line":10,"column":27},"end":{"line":12,"column":5}},"line":10},"2":{"name":"(anonymous_2)","decl":{"start":{"line":13,"column":4},"end":{"line":13,"column":5}},"loc":{"start":{"line":13,"column":26},"end":{"line":17,"column":5}},"line":13}},"branchMap":{"0":{"loc":{"start":{"line":2,"column":22},"end":{"line":4,"column":1}},"type":"binary-expr","locations":[{"start":{"line":2,"column":23},"end":{"line":2,"column":27}},{"start":{"line":2,"column":31},"end":{"line":2,"column":51}},{"start":{"line":2,"column":56},"end":{"line":4,"column":1}}],"line":2},"1":{"loc":{"start":{"line":3,"column":11},"end":{"line":3,"column":61}},"type":"cond-expr","locations":[{"start":{"line":3,"column":37},"end":{"line":3,"column":40}},{"start":{"line":3,"column":43},"end":{"line":3,"column":61}}],"line":3},"2":{"loc":{"start":{"line":3,"column":12},"end":{"line":3,"column":33}},"type":"binary-expr","locations":[{"start":{"line":3,"column":12},"end":{"line":3,"column":15}},{"start":{"line":3,"column":19},"end":{"line":3,"column":33}}],"line":3},"3":{"loc":{"start":{"line":10,"column":16},"end":{"line":10,"column":25}},"type":"default-arg","locations":[{"start":{"line":10,"column":23},"end":{"line":10,"column":25}}],"line":10}},"s":{"0":12,"1":24,"2":12,"3":12,"4":12,"5":12,"6":14,"7":10,"8":10,"9":10,"10":12,"11":12,"12":12},"f":{"0":24,"1":14,"2":10},"b":{"0":[12,12,12],"1":[12,12],"2":[24,24],"3":[0]},"inputSourceMap":null,"_coverageSchema":"1a1c01bbd47fc00a2c39e90264f33305004495a9","hash":"04385bd76bb3f2571b1c89b0578bdd55a1dcacf5"}
,"/Users/peterperlepes/Documents/clerk/javascript/packages/backend-core/src/api/resources/User.ts": {"path":"/Users/peterperlepes/Documents/clerk/javascript/packages/backend-core/src/api/resources/User.ts","statementMap":{"0":{"start":{"line":2,"column":22},"end":{"line":4,"column":1}},"1":{"start":{"line":3,"column":4},"end":{"line":3,"column":62}},"2":{"start":{"line":5,"column":0},"end":{"line":5,"column":62}},"3":{"start":{"line":6,"column":0},"end":{"line":6,"column":22}},"4":{"start":{"line":7,"column":25},"end":{"line":7,"column":67}},"5":{"start":{"line":8,"column":17},"end":{"line":8,"column":60}},"6":{"start":{"line":9,"column":23},"end":{"line":9,"column":72}},"7":{"start":{"line":10,"column":16},"end":{"line":10,"column":34}},"8":{"start":{"line":11,"column":23},"end":{"line":11,"column":48}},"9":{"start":{"line":12,"column":26},"end":{"line":12,"column":54}},"10":{"start":{"line":13,"column":22},"end":{"line":13,"column":46}},"11":{"start":{"line":16,"column":8},"end":{"line":16,"column":49}},"12":{"start":{"line":19,"column":20},"end":{"line":19,"column":22}},"13":{"start":{"line":20,"column":27},"end":{"line":20,"column":62}},"14":{"start":{"line":21,"column":25},"end":{"line":21,"column":75}},"15":{"start":{"line":22,"column":8},"end":{"line":22,"column":37}},"16":{"start":{"line":23,"column":8},"end":{"line":23,"column":110}},"17":{"start":{"line":23,"column":69},"end":{"line":23,"column":108}},"18":{"start":{"line":24,"column":8},"end":{"line":24,"column":104}},"19":{"start":{"line":24,"column":65},"end":{"line":24,"column":102}},"20":{"start":{"line":25,"column":8},"end":{"line":25,"column":120}},"21":{"start":{"line":25,"column":73},"end":{"line":25,"column":118}},"22":{"start":{"line":26,"column":8},"end":{"line":26,"column":29}},"23":{"start":{"line":29,"column":0},"end":{"line":29,"column":20}},"24":{"start":{"line":30,"column":0},"end":{"line":51,"column":2}},"25":{"start":{"line":52,"column":0},"end":{"line":56,"column":2}},"26":{"start":{"line":57,"column":0},"end":{"line":61,"column":2}}},"fnMap":{"0":{"name":"(anonymous_0)","decl":{"start":{"line":2,"column":56},"end":{"line":2,"column":57}},"loc":{"start":{"line":2,"column":71},"end":{"line":4,"column":1}},"line":2},"1":{"name":"(anonymous_1)","decl":{"start":{"line":15,"column":4},"end":{"line":15,"column":5}},"loc":{"start":{"line":15,"column":27},"end":{"line":17,"column":5}},"line":15},"2":{"name":"(anonymous_2)","decl":{"start":{"line":18,"column":4},"end":{"line":18,"column":5}},"loc":{"start":{"line":18,"column":26},"end":{"line":27,"column":5}},"line":18},"3":{"name":"(anonymous_3)","decl":{"start":{"line":23,"column":62},"end":{"line":23,"column":63}},"loc":{"start":{"line":23,"column":69},"end":{"line":23,"column":108}},"line":23},"4":{"name":"(anonymous_4)","decl":{"start":{"line":24,"column":58},"end":{"line":24,"column":59}},"loc":{"start":{"line":24,"column":65},"end":{"line":24,"column":102}},"line":24},"5":{"name":"(anonymous_5)","decl":{"start":{"line":25,"column":66},"end":{"line":25,"column":67}},"loc":{"start":{"line":25,"column":73},"end":{"line":25,"column":118}},"line":25}},"branchMap":{"0":{"loc":{"start":{"line":2,"column":22},"end":{"line":4,"column":1}},"type":"binary-expr","locations":[{"start":{"line":2,"column":23},"end":{"line":2,"column":27}},{"start":{"line":2,"column":31},"end":{"line":2,"column":51}},{"start":{"line":2,"column":56},"end":{"line":4,"column":1}}],"line":2},"1":{"loc":{"start":{"line":3,"column":11},"end":{"line":3,"column":61}},"type":"cond-expr","locations":[{"start":{"line":3,"column":37},"end":{"line":3,"column":40}},{"start":{"line":3,"column":43},"end":{"line":3,"column":61}}],"line":3},"2":{"loc":{"start":{"line":3,"column":12},"end":{"line":3,"column":33}},"type":"binary-expr","locations":[{"start":{"line":3,"column":12},"end":{"line":3,"column":15}},{"start":{"line":3,"column":19},"end":{"line":3,"column":33}}],"line":3},"3":{"loc":{"start":{"line":15,"column":16},"end":{"line":15,"column":25}},"type":"default-arg","locations":[{"start":{"line":15,"column":23},"end":{"line":15,"column":25}}],"line":15},"4":{"loc":{"start":{"line":23,"column":30},"end":{"line":23,"column":56}},"type":"binary-expr","locations":[{"start":{"line":23,"column":30},"end":{"line":23,"column":50}},{"start":{"line":23,"column":54},"end":{"line":23,"column":56}}],"line":23},"5":{"loc":{"start":{"line":24,"column":28},"end":{"line":24,"column":52}},"type":"binary-expr","locations":[{"start":{"line":24,"column":28},"end":{"line":24,"column":46}},{"start":{"line":24,"column":50},"end":{"line":24,"column":52}}],"line":24},"6":{"loc":{"start":{"line":25,"column":32},"end":{"line":25,"column":60}},"type":"binary-expr","locations":[{"start":{"line":25,"column":32},"end":{"line":25,"column":54}},{"start":{"line":25,"column":58},"end":{"line":25,"column":60}}],"line":25}},"s":{"0":12,"1":36,"2":12,"3":12,"4":12,"5":12,"6":12,"7":12,"8":12,"9":12,"10":12,"11":9,"12":7,"13":7,"14":7,"15":7,"16":7,"17":14,"18":7,"19":14,"20":7,"21":14,"22":7,"23":12,"24":12,"25":12,"26":12},"f":{"0":36,"1":9,"2":7,"3":14,"4":14,"5":14},"b":{"0":[12,12,12],"1":[24,12],"2":[36,36],"3":[1],"4":[7,0],"5":[7,0],"6":[7,0]},"inputSourceMap":null,"_coverageSchema":"1a1c01bbd47fc00a2c39e90264f33305004495a9","hash":"8a86c8f1eeed138a7585303f4d2a4b344265d68e"}
,"/Users/peterperlepes/Documents/clerk/javascript/packages/backend-core/src/api/resources/Verification.ts": {"path":"/Users/peterperlepes/Documents/clerk/javascript/packages/backend-core/src/api/resources/Verification.ts","statementMap":{"0":{"start":{"line":2,"column":0},"end":{"line":2,"column":62}},"1":{"start":{"line":3,"column":0},"end":{"line":3,"column":30}},"2":{"start":{"line":6,"column":8},"end":{"line":6,"column":57}},"3":{"start":{"line":9,"column":20},"end":{"line":9,"column":22}},"4":{"start":{"line":10,"column":8},"end":{"line":28,"column":9}},"5":{"start":{"line":11,"column":12},"end":{"line":11,"column":37}},"6":{"start":{"line":12,"column":12},"end":{"line":12,"column":41}},"7":{"start":{"line":13,"column":12},"end":{"line":18,"column":13}},"8":{"start":{"line":14,"column":16},"end":{"line":14,"column":103}},"9":{"start":{"line":17,"column":16},"end":{"line":17,"column":59}},"10":{"start":{"line":19,"column":12},"end":{"line":19,"column":41}},"11":{"start":{"line":20,"column":12},"end":{"line":20,"column":42}},"12":{"start":{"line":23,"column":12},"end":{"line":23,"column":30}},"13":{"start":{"line":24,"column":12},"end":{"line":24,"column":32}},"14":{"start":{"line":25,"column":12},"end":{"line":25,"column":55}},"15":{"start":{"line":26,"column":12},"end":{"line":26,"column":32}},"16":{"start":{"line":27,"column":12},"end":{"line":27,"column":32}},"17":{"start":{"line":29,"column":8},"end":{"line":29,"column":37}},"18":{"start":{"line":32,"column":0},"end":{"line":32,"column":36}},"19":{"start":{"line":33,"column":0},"end":{"line":39,"column":2}},"20":{"start":{"line":40,"column":0},"end":{"line":40,"column":27}}},"fnMap":{"0":{"name":"(anonymous_0)","decl":{"start":{"line":5,"column":4},"end":{"line":5,"column":5}},"loc":{"start":{"line":5,"column":27},"end":{"line":7,"column":5}},"line":5},"1":{"name":"(anonymous_1)","decl":{"start":{"line":8,"column":4},"end":{"line":8,"column":5}},"loc":{"start":{"line":8,"column":26},"end":{"line":30,"column":5}},"line":8}},"branchMap":{"0":{"loc":{"start":{"line":5,"column":16},"end":{"line":5,"column":25}},"type":"default-arg","locations":[{"start":{"line":5,"column":23},"end":{"line":5,"column":25}}],"line":5},"1":{"loc":{"start":{"line":10,"column":8},"end":{"line":28,"column":9}},"type":"if","locations":[{"start":{"line":10,"column":8},"end":{"line":28,"column":9}},{"start":{"line":22,"column":13},"end":{"line":28,"column":9}}],"line":10},"2":{"loc":{"start":{"line":13,"column":12},"end":{"line":18,"column":13}},"type":"if","locations":[{"start":{"line":13,"column":12},"end":{"line":18,"column":13}},{"start":{"line":16,"column":17},"end":{"line":18,"column":13}}],"line":13}},"s":{"0":12,"1":12,"2":28,"3":28,"4":28,"5":28,"6":28,"7":28,"8":0,"9":28,"10":28,"11":28,"12":0,"13":0,"14":0,"15":0,"16":0,"17":28,"18":12,"19":12,"20":12},"f":{"0":28,"1":28},"b":{"0":[0],"1":[28,0],"2":[0,28]},"inputSourceMap":null,"_coverageSchema":"1a1c01bbd47fc00a2c39e90264f33305004495a9","hash":"215920f900e3ed34db162f49c4a937597b252b68"}
,"/Users/peterperlepes/Documents/clerk/javascript/packages/backend-core/src/api/resources/index.ts": {"path":"/Users/peterperlepes/Documents/clerk/javascript/packages/backend-core/src/api/resources/index.ts","statementMap":{"0":{"start":{"line":2,"column":22},"end":{"line":8,"column":3}},"1":{"start":{"line":3,"column":4},"end":{"line":3,"column":33}},"2":{"start":{"line":3,"column":26},"end":{"line":3,"column":33}},"3":{"start":{"line":4,"column":4},"end":{"line":4,"column":89}},"4":{"start":{"line":4,"column":71},"end":{"line":4,"column":83}},"5":{"start":{"line":6,"column":4},"end":{"line":6,"column":33}},"6":{"start":{"line":6,"column":26},"end":{"line":6,"column":33}},"7":{"start":{"line":7,"column":4},"end":{"line":7,"column":17}},"8":{"start":{"line":9,"column":19},"end":{"line":11,"column":1}},"9":{"start":{"line":10,"column":4},"end":{"line":10,"column":126}},"10":{"start":{"line":10,"column":21},"end":{"line":10,"column":126}},"11":{"start":{"line":10,"column":95},"end":{"line":10,"column":126}},"12":{"start":{"line":12,"column":0},"end":{"line":12,"column":62}},"13":{"start":{"line":13,"column":0},"end":{"line":13,"column":56}},"14":{"start":{"line":14,"column":0},"end":{"line":14,"column":43}},"15":{"start":{"line":15,"column":0},"end":{"line":15,"column":42}},"16":{"start":{"line":16,"column":0},"end":{"line":16,"column":49}},"17":{"start":{"line":17,"column":0},"end":{"line":17,"column":42}},"18":{"start":{"line":18,"column":0},"end":{"line":18,"column":52}},"19":{"start":{"line":19,"column":0},"end":{"line":19,"column":55}},"20":{"start":{"line":20,"column":0},"end":{"line":20,"column":47}},"21":{"start":{"line":21,"column":0},"end":{"line":21,"column":41}},"22":{"start":{"line":22,"column":0},"end":{"line":22,"column":45}},"23":{"start":{"line":23,"column":0},"end":{"line":23,"column":48}},"24":{"start":{"line":24,"column":0},"end":{"line":24,"column":42}},"25":{"start":{"line":25,"column":0},"end":{"line":25,"column":44}},"26":{"start":{"line":26,"column":0},"end":{"line":26,"column":47}},"27":{"start":{"line":27,"column":0},"end":{"line":27,"column":41}},"28":{"start":{"line":28,"column":0},"end":{"line":28,"column":49}}},"fnMap":{"0":{"name":"(anonymous_0)","decl":{"start":{"line":2,"column":74},"end":{"line":2,"column":75}},"loc":{"start":{"line":2,"column":96},"end":{"line":5,"column":1}},"line":2},"1":{"name":"(anonymous_1)","decl":{"start":{"line":4,"column":58},"end":{"line":4,"column":59}},"loc":{"start":{"line":4,"column":69},"end":{"line":4,"column":85}},"line":4},"2":{"name":"(anonymous_2)","decl":{"start":{"line":5,"column":6},"end":{"line":5,"column":7}},"loc":{"start":{"line":5,"column":28},"end":{"line":8,"column":1}},"line":5},"3":{"name":"(anonymous_3)","decl":{"start":{"line":9,"column":50},"end":{"line":9,"column":51}},"loc":{"start":{"line":9,"column":71},"end":{"line":11,"column":1}},"line":9}},"branchMap":{"0":{"loc":{"start":{"line":2,"column":22},"end":{"line":8,"column":3}},"type":"binary-expr","locations":[{"start":{"line":2,"column":23},"end":{"line":2,"column":27}},{"start":{"line":2,"column":31},"end":{"line":2,"column":51}},{"start":{"line":2,"column":57},"end":{"line":8,"column":2}}],"line":2},"1":{"loc":{"start":{"line":2,"column":57},"end":{"line":8,"column":2}},"type":"cond-expr","locations":[{"start":{"line":2,"column":74},"end":{"line":5,"column":1}},{"start":{"line":5,"column":6},"end":{"line":8,"column":1}}],"line":2},"2":{"loc":{"start":{"line":3,"column":4},"end":{"line":3,"column":33}},"type":"if","locations":[{"start":{"line":3,"column":4},"end":{"line":3,"column":33}},{"start":{},"end":{}}],"line":3},"3":{"loc":{"start":{"line":6,"column":4},"end":{"line":6,"column":33}},"type":"if","locations":[{"start":{"line":6,"column":4},"end":{"line":6,"column":33}},{"start":{},"end":{}}],"line":6},"4":{"loc":{"start":{"line":9,"column":19},"end":{"line":11,"column":1}},"type":"binary-expr","locations":[{"start":{"line":9,"column":20},"end":{"line":9,"column":24}},{"start":{"line":9,"column":28},"end":{"line":9,"column":45}},{"start":{"line":9,"column":50},"end":{"line":11,"column":1}}],"line":9},"5":{"loc":{"start":{"line":10,"column":21},"end":{"line":10,"column":126}},"type":"if","locations":[{"start":{"line":10,"column":21},"end":{"line":10,"column":126}},{"start":{},"end":{}}],"line":10},"6":{"loc":{"start":{"line":10,"column":25},"end":{"line":10,"column":93}},"type":"binary-expr","locations":[{"start":{"line":10,"column":25},"end":{"line":10,"column":40}},{"start":{"line":10,"column":44},"end":{"line":10,"column":93}}],"line":10}},"s":{"0":12,"1":168,"2":168,"3":168,"4":38,"5":0,"6":0,"7":0,"8":12,"9":192,"10":168,"11":168,"12":12,"13":12,"14":12,"15":12,"16":12,"17":12,"18":12,"19":12,"20":12,"21":12,"22":12,"23":12,"24":12,"25":12,"26":12,"27":12,"28":12},"f":{"0":168,"1":38,"2":0,"3":192},"b":{"0":[12,12,12],"1":[12,0],"2":[168,0],"3":[0,0],"4":[12,12,12],"5":[168,0],"6":[168,168]},"inputSourceMap":null,"_coverageSchema":"1a1c01bbd47fc00a2c39e90264f33305004495a9","hash":"e3992bb5cf8a7cea5b464529703bda26e424b1c2"}
[...]
line":6,"column":129},"end":{"line":6,"column":142}}],"line":6},"2":{"loc":{"start":{"line":6,"column":24},"end":{"line":6,"column":117}},"type":"binary-expr","locations":[{"start":{"line":6,"column":24},"end":{"line":6,"column":100}},{"start":{"line":6,"column":104},"end":{"line":6,"column":117}}],"line":6},"3":{"loc":{"start":{"line":6,"column":30},"end":{"line":6,"column":90}},"type":"cond-expr","locations":[{"start":{"line":6,"column":67},"end":{"line":6,"column":73}},{"start":{"line":6,"column":76},"end":{"line":6,"column":90}}],"line":6},"4":{"loc":{"start":{"line":6,"column":30},"end":{"line":6,"column":64}},"type":"binary-expr","locations":[{"start":{"line":6,"column":30},"end":{"line":6,"column":44}},{"start":{"line":6,"column":48},"end":{"line":6,"column":64}}],"line":6},"5":{"loc":{"start":{"line":7,"column":20},"end":{"line":7,"column":39}},"type":"binary-expr","locations":[{"start":{"line":7,"column":20},"end":{"line":7,"column":33}},{"start":{"line":7,"column":37},"end":{"line":7,"column":39}}],"line":7},"6":{"loc":{"start":{"line":8,"column":17},"end":{"line":8,"column":129}},"type":"cond-expr","locations":[{"start":{"line":8,"column":113},"end":{"line":8,"column":119}},{"start":{"line":8,"column":122},"end":{"line":8,"column":129}}],"line":8},"7":{"loc":{"start":{"line":8,"column":17},"end":{"line":8,"column":110}},"type":"binary-expr","locations":[{"start":{"line":8,"column":17},"end":{"line":8,"column":93}},{"start":{"line":8,"column":97},"end":{"line":8,"column":110}}],"line":8},"8":{"loc":{"start":{"line":8,"column":23},"end":{"line":8,"column":83}},"type":"cond-expr","locations":[{"start":{"line":8,"column":60},"end":{"line":8,"column":66}},{"start":{"line":8,"column":69},"end":{"line":8,"column":83}}],"line":8},"9":{"loc":{"start":{"line":8,"column":23},"end":{"line":8,"column":57}},"type":"binary-expr","locations":[{"start":{"line":8,"column":23},"end":{"line":8,"column":37}},{"start":{"line":8,"column":41},"end":{"line":8,"column":57}}],"line":8},"10":{"loc":{"start":{"line":10,"column":4},"end":{"line":17,"column":5}},"type":"if","locations":[{"start":{"line":10,"column":4},"end":{"line":17,"column":5}},{"start":{"line":15,"column":9},"end":{"line":17,"column":5}}],"line":10},"11":{"loc":{"start":{"line":10,"column":8},"end":{"line":10,"column":27}},"type":"binary-expr","locations":[{"start":{"line":10,"column":8},"end":{"line":10,"column":12}},{"start":{"line":10,"column":16},"end":{"line":10,"column":27}}],"line":10},"12":{"loc":{"start":{"line":11,"column":16},"end":{"line":11,"column":33}},"type":"binary-expr","locations":[{"start":{"line":11,"column":16},"end":{"line":11,"column":27}},{"start":{"line":11,"column":31},"end":{"line":11,"column":33}}],"line":11}},"s":{"0":7,"1":7,"2":0,"3":0,"4":0,"5":0,"6":0,"7":0,"8":0,"9":0,"10":7},"f":{"0":0,"1":0},"b":{"0":[0,0],"1":[0,0],"2":[0,0],"3":[0,0],"4":[0,0],"5":[0,0],"6":[0,0],"7":[0,0],"8":[0,0],"9":[0,0],"10":[0,0],"11":[0,0],"12":[0,0]},"inputSourceMap":null,"_coverageSchema":"1a1c01bbd47fc00a2c39e90264f33305004495a9","hash":"72b3cab5a0001dcea77babbb85ce0d3d3c974971"}
,"/Users/peterperlepes/Documents/clerk/javascript/packages/backend-core/src/api/utils/Errors.ts": {"path":"/Users/peterperlepes/Documents/clerk/javascript/packages/backend-core/src/api/utils/Errors.ts","statementMap":{"0":{"start":{"line":2,"column":0},"end":{"line":2,"column":62}},"1":{"start":{"line":3,"column":0},"end":{"line":3,"column":54}},"2":{"start":{"line":6,"column":8},"end":{"line":6,"column":23}},"3":{"start":{"line":7,"column":8},"end":{"line":7,"column":37}},"4":{"start":{"line":8,"column":8},"end":{"line":8,"column":25}},"5":{"start":{"line":11,"column":0},"end":{"line":11,"column":30}},"6":{"start":{"line":14,"column":8},"end":{"line":14,"column":36}},"7":{"start":{"line":15,"column":8},"end":{"line":15,"column":44}},"8":{"start":{"line":16,"column":8},"end":{"line":16,"column":30}},"9":{"start":{"line":19,"column":8},"end":{"line":23,"column":11}},"10":{"start":{"line":26,"column":0},"end":{"line":26,"column":44}}},"fnMap":{"0":{"name":"(anonymous_0)","decl":{"start":{"line":5,"column":4},"end":{"line":5,"column":5}},"loc":{"start":{"line":5,"column":43},"end":{"line":9,"column":5}},"line":5},"1":{"name":"(anonymous_1)","decl":{"start":{"line":13,"column":4},"end":{"line":13,"column":5}},"loc":{"start":{"line":13,"column":22},"end":{"line":17,"column":5}},"line":13},"2":{"name":"(anonymous_2)","decl":{"start":{"line":18,"column":4},"end":{"line":18,"column":5}},"loc":{"start":{"line":18,"column":26},"end":{"line":24,"column":5}},"line":18}},"branchMap":{},"s":{"0":7,"1":7,"2":0,"3":0,"4":0,"5":7,"6":0,"7":0,"8":0,"9":0,"10":7},"f":{"0":0,"1":0,"2":0},"b":{},"inputSourceMap":null,"_coverageSchema":"1a1c01bbd47fc00a2c39e90264f33305004495a9","hash":"422e10f51ef25ed8128621d66c17753a1649a908"}
,"/Users/peterperlepes/Documents/clerk/javascript/packages/backend-core/src/api/utils/Filter.ts": {"path":"/Users/peterperlepes/Documents/clerk/javascript/packages/backend-core/src/api/utils/Filter.ts","statementMap":{"0":{"start":{"line":2,"column":0},"end":{"line":2,"column":62}},"1":{"start":{"line":4,"column":4},"end":{"line":9,"column":11}},"2":{"start":{"line":5,"column":25},"end":{"line":5,"column":50}},"3":{"start":{"line":7,"column":8},"end":{"line":7,"column":29}},"4":{"start":{"line":8,"column":8},"end":{"line":8,"column":19}},"5":{"start":{"line":11,"column":0},"end":{"line":11,"column":29}}},"fnMap":{"0":{"name":"filterKeys","decl":{"start":{"line":3,"column":9},"end":{"line":3,"column":19}},"loc":{"start":{"line":3,"column":39},"end":{"line":10,"column":1}},"line":3},"1":{"name":"(anonymous_1)","decl":{"start":{"line":5,"column":16},"end":{"line":5,"column":17}},"loc":{"start":{"line":5,"column":25},"end":{"line":5,"column":50}},"line":5},"2":{"name":"(anonymous_2)","decl":{"start":{"line":6,"column":16},"end":{"line":6,"column":17}},"loc":{"start":{"line":6,"column":30},"end":{"line":9,"column":5}},"line":6}},"branchMap":{},"s":{"0":12,"1":44,"2":354,"3":296,"4":296,"5":12},"f":{"0":44,"1":354,"2":296},"b":{},"inputSourceMap":null,"_coverageSchema":"1a1c01bbd47fc00a2c39e90264f33305004495a9","hash":"25da39dedfa34d444f34a516f89dd3a86098fa77"}
,"/Users/peterperlepes/Documents/clerk/javascript/packages/backend-core/src/api/utils/Logger.ts": {"path":"/Users/peterperlepes/Documents/clerk/javascript/packages/backend-core/src/api/utils/Logger.ts","statementMap":{"0":{"start":{"line":2,"column":0},"end":{"line":2,"column":62}},"1":{"start":{"line":6,"column":0},"end":{"line":11,"column":32}},"2":{"start":{"line":7,"column":4},"end":{"line":7,"column":30}},"3":{"start":{"line":8,"column":4},"end":{"line":8,"column":32}},"4":{"start":{"line":9,"column":4},"end":{"line":9,"column":30}},"5":{"start":{"line":10,"column":4},"end":{"line":10,"column":32}},"6":{"start":{"line":14,"column":8},"end":{"line":14,"column":39}},"7":{"start":{"line":17,"column":8},"end":{"line":17,"column":40}},"8":{"start":{"line":20,"column":8},"end":{"line":20,"column":39}},"9":{"start":{"line":23,"column":8},"end":{"line":23,"column":40}},"10":{"start":{"line":26,"column":8},"end":{"line":34,"column":9}},"11":{"start":{"line":27,"column":31},"end":{"line":31,"column":13}},"12":{"start":{"line":33,"column":12},"end":{"line":33,"column":56}},"13":{"start":{"line":37,"column":0},"end":{"line":37,"column":25}}},"fnMap":{"0":{"name":"(anonymous_0)","decl":{"start":{"line":6,"column":1},"end":{"line":6,"column":2}},"loc":{"start":{"line":6,"column":21},"end":{"line":11,"column":1}},"line":6},"1":{"name":"(anonymous_1)","decl":{"start":{"line":13,"column":4},"end":{"line":13,"column":5}},"loc":{"start":{"line":13,"column":21},"end":{"line":15,"column":5}},"line":13},"2":{"name":"(anonymous_2)","decl":{"start":{"line":16,"column":4},"end":{"line":16,"column":5}},"loc":{"start":{"line":16,"column":22},"end":{"line":18,"column":5}},"line":16},"3":{"name":"(anonymous_3)","decl":{"start":{"line":19,"column":4},"end":{"line":19,"column":5}},"loc":{"start":{"line":19,"column":21},"end":{"line":21,"column":5}},"line":19},"4":{"name":"(anonymous_4)","decl":{"start":{"line":22,"column":4},"end":{"line":22,"column":5}},"loc":{"start":{"line":22,"column":22},"end":{"line":24,"column":5}},"line":22},"5":{"name":"(anonymous_5)","decl":{"start":{"line":25,"column":4},"end":{"line":25,"column":5}},"loc":{"start":{"line":25,"column":30},"end":{"line":35,"column":5}},"line":25}},"branchMap":{"0":{"loc":{"start":{"line":11,"column":3},"end":{"line":11,"column":30}},"type":"binary-expr","locations":[{"start":{"line":11,"column":3},"end":{"line":11,"column":11}},{"start":{"line":11,"column":16},"end":{"line":11,"column":29}}],"line":11},"1":{"loc":{"start":{"line":26,"column":8},"end":{"line":34,"column":9}},"type":"if","locations":[{"start":{"line":26,"column":8},"end":{"line":34,"column":9}},{"start":{},"end":{}}],"line":26}},"s":{"0":8,"1":8,"2":8,"3":8,"4":8,"5":8,"6":0,"7":0,"8":0,"9":0,"10":0,"11":0,"12":0,"13":8},"f":{"0":8,"1":0,"2":0,"3":0,"4":0,"5":0},"b":{"0":[8,8],"1":[0,0]},"inputSourceMap":null,"_coverageSchema":"1a1c01bbd47fc00a2c39e90264f33305004495a9","hash":"6352bd2d3054ac8b8ed4fcb7239c8ab7eee03d5e"}
,"/Users/peterperlepes/Documents/clerk/javascript/packages/backend-core/src/api/utils/RestClient.ts": {"path":"/Users/peterperlepes/Documents/clerk/javascript/packages/backend-core/src/api/utils/RestClient.ts","statementMap":{"0":{"start":{"line":2,"column":22},"end":{"line":8,"column":3}},"1":{"start":{"line":3,"column":4},"end":{"line":3,"column":33}},"2":{"start":{"line":3,"column":26},"end":{"line":3,"column":33}},"3":{"start":{"line":4,"column":4},"end":{"line":4,"column":89}},"4":{"start":{"line":4,"column":71},"end":{"line":4,"column":83}},"5":{"start":{"line":6,"column":4},"end":{"line":6,"column":33}},"6":{"start":{"line":6,"column":26},"end":{"line":6,"column":33}},"7":{"start":{"line":7,"column":4},"end":{"line":7,"column":17}},"8":{"start":{"line":9,"column":25},"end":{"line":13,"column":2}},"9":{"start":{"line":10,"column":4},"end":{"line":10,"column":72}},"10":{"start":{"line":12,"column":4},"end":{"line":12,"column":21}},"11":{"start":{"line":14,"column":19},"end":{"line":20,"column":1}},"12":{"start":{"line":15,"column":4},"end":{"line":15,"column":42}},"13":{"start":{"line":15,"column":31},"end":{"line":15,"column":42}},"14":{"start":{"line":16,"column":17},"end":{"line":16,"column":19}},"15":{"start":{"line":17,"column":4},"end":{"line":17,"column":141}},"16":{"start":{"line":17,"column":21},"end":{"line":17,"column":141}},"17":{"start":{"line":17,"column":40},"end":{"line":17,"column":141}},"18":{"start":{"line":17,"column":109},"end":{"line":17,"column":141}},"19":{"start":{"line":18,"column":4},"end":{"line":18,"column":36}},"20":{"start":{"line":19,"column":4},"end":{"line":19,"column":18}},"21":{"start":{"line":21,"column":22},"end":{"line":23,"column":1}},"22":{"start":{"line":22,"column":4},"end":{"line":22,"column":62}},"23":{"start":{"line":24,"column":0},"end":{"line":24,"column":62}},"24":{"start":{"line":25,"column":0},"end":{"line":25,"column":37}},"25":{"start":{"line":26,"column":23},"end":{"line":26,"column":65}},"26":{"start":{"line":27,"column":23},"end":{"line":27,"column":65}},"27":{"start":{"line":28,"column":25},"end":{"line":28,"column":67}},"28":{"start":{"line":29,"column":20},"end":{"line":29,"column":57}},"29":{"start":{"line":30,"column":0},"end":{"line":30,"column":36}},"30":{"start":{"line":31,"column":23},"end":{"line":31,"column":46}},"31":{"start":{"line":32,"column":26},"end":{"line":32,"column":52}},"32":{"start":{"line":33,"column":25},"end":{"line":33,"column":65}},"33":{"start":{"line":34,"column":25},"end":{"line":34,"column":60}},"34":{"start":{"line":37,"column":8},"end":{"line":37,"column":29}},"35":{"start":{"line":38,"column":8},"end":{"line":38,"column":41}},"36":{"start":{"line":39,"column":8},"end":{"line":39,"column":37}},"37":{"start":{"line":40,"column":8},"end":{"line":40,"column":31}},"38":{"start":{"line":41,"column":8},"end":{"line":41,"column":69}},"39":{"start":{"line":44,"column":18},"end":{"line":44,"column":81}},"40":{"start":{"line":45,"column":8},"end":{"line":47,"column":9}},"41":{"start":{"line":46,"column":12},"end":{"line":46,"column":111}},"42":{"start":{"line":49,"column":8},"end":{"line":51,"column":9}},"43":{"start":{"line":50,"column":12},"end":{"line":50,"column":76}},"44":{"start":{"line":54,"column":8},"end":{"line":62,"column":66}},"45":{"start":{"line":61,"column":36},"end":{"line":61,"column":77}},"46":{"start":{"line":62,"column":30},"end":{"line":62,"column":64}},"47":{"start":{"line":65,"column":8},"end":{"line":70,"column":64}},"48":{"start":{"line":70,"column":28},"end":{"line":70,"column":62}},"49":{"start":{"line":73,"column":0},"end":{"line":73,"column":29}}},"fnMap":{"0":{"name":"(anonymous_0)","decl":{"start":{"line":2,"column":74},"end":{"line":2,"column":75}},"loc":{"start":{"line":2,"column":96},"end":{"line":5,"column":1}},"line":2},"1":{"name":"(anonymous_1)","decl":{"start":{"line":4,"column":58},"end":{"line":4,"column":59}},"loc":{"start":{"line":4,"column":69},"end":{"line":4,"column":85}},"line":4},"2":{"name":"(anonymous_2)","decl":{"start":{"line":5,"column":6},"end":{"line":5,"column":7}},"loc":{"start":{"line":5,"column":28},"end":{"line":8,"column":1}},"line":5},"3":{"name":"(anonymous_3)","decl":{"start":{"line":9,"column":80},"end":{"line":9,"column":81}},"loc":{"start":{"line":9,"column":95},"end":{"line":11,"column":1}},"line":9},"4":{"name":"(anonymous_4)","decl":{"start":{"line":11,"column":5},"end":{"line":11,"column":6}},"loc":{"start":{"line":11,"column":20},"end":{"line":13,"column":1}},"line":11},"5":{"name":"(anonymous_5)","decl":{"start":{"line":14,"column":50},"end":{"line":14,"column":51}},"loc":{"start":{"line":14,"column":65},"end":{"line":20,"column":1}},"line":14},"6":{"name":"(anonymous_6)","decl":{"start":{"line":21,"column":56},"end":{"line":21,"column":57}},"loc":{"start":{"line":21,"column":71},"end":{"line":23,"column":1}},"line":21},"7":{"name":"(anonymous_7)","decl":{"start":{"line":36,"column":4},"end":{"line":36,"column":5}},"loc":{"start":{"line":36,"column":93},"end":{"line":42,"column":5}},"line":36},"8":{"name":"(anonymous_8)","decl":{"start":{"line":43,"column":4},"end":{"line":43,"column":5}},"loc":{"start":{"line":43,"column":32},"end":{"line":63,"column":5}},"line":43},"9":{"name":"(anonymous_9)","decl":{"start":{"line":61,"column":18},"end":{"line":61,"column":19}},"loc":{"start":{"line":61,"column":36},"end":{"line":61,"column":77}},"line":61},"10":{"name":"(anonymous_10)","decl":{"start":{"line":62,"column":19},"end":{"line":62,"column":20}},"loc":{"start":{"line":62,"column":30},"end":{"line":62,"column":64}},"line":62},"11":{"name":"(anonymous_11)","decl":{"start":{"line":64,"column":4},"end":{"line":64,"column":5}},"loc":{"start":{"line":64,"column":24},"end":{"line":71,"column":5}},"line":64},"12":{"name":"(anonymous_12)","decl":{"start":{"line":70,"column":17},"end":{"line":70,"column":18}},"loc":{"start":{"line":70,"column":28},"end":{"line":70,"column":62}},"line":70}},"branchMap":{"0":{"loc":{"start":{"line":2,"column":22},"end":{"line":8,"column":3}},"type":"binary-expr","locations":[{"start":{"line":2,"column":23},"end":{"line":2,"column":27}},{"start":{"line":2,"column":31},"end":{"line":2,"column":51}},{"start":{"line":2,"column":57},"end":{"line":8,"column":2}}],"line":2},"1":{"loc":{"start":{"line":2,"column":57},"end":{"line":8,"column":2}},"type":"cond-expr","locations":[{"start":{"line":2,"column":74},"end":{"line":5,"column":1}},{"start":{"line":5,"column":6},"end":{"line":8,"column":1}}],"line":2},"2":{"loc":{"start":{"line":3,"column":4},"end":{"line":3,"column":33}},"type":"if","locations":[{"start":{"line":3,"column":4},"end":{"line":3,"column":33}},{"start":{},"end":{}}],"line":3},"3":{"loc":{"start":{"line":6,"column":4},"end":{"line":6,"column":33}},"type":"if","locations":[{"start":{"line":6,"column":4},"end":{"line":6,"column":33}},{"start":{},"end":{}}],"line":6},"4":{"loc":{"start":{"line":9,"column":25},"end":{"line":13,"column":2}},"type":"binary-expr","locations":[{"start":{"line":9,"column":26},"end":{"line":9,"column":30}},{"start":{"line":9,"column":34},"end":{"line":9,"column":57}},{"start":{"line":9,"column":63},"end":{"line":13,"column":1}}],"line":9},"5":{"loc":{"start":{"line":9,"column":63},"end":{"line":13,"column":1}},"type":"cond-expr","locations":[{"start":{"line":9,"column":80},"end":{"line":11,"column":1}},{"start":{"line":11,"column":5},"end":{"line":13,"column":1}}],"line":9},"6":{"loc":{"start":{"line":14,"column":19},"end":{"line":20,"column":1}},"type":"binary-expr","locations":[{"start":{"line":14,"column":20},"end":{"line":14,"column":24}},{"start":{"line":14,"column":28},"end":{"line":14,"column":45}},{"start":{"line":14,"column":50},"end":{"line":20,"column":1}}],"line":14},"7":{"loc":{"start":{"line":15,"column":4},"end":{"line":15,"column":42}},"type":"if","locations":[{"start":{"line":15,"column":4},"end":{"line":15,"column":42}},{"start":{},"end":{}}],"line":15},"8":{"loc":{"start":{"line":15,"column":8},"end":{"line":15,"column":29}},"type":"binary-expr","locations":[{"start":{"line":15,"column":8},"end":{"line":15,"column":11}},{"start":{"line":15,"column":15},"end":{"line":15,"column":29}}],"line":15},"9":{"loc":{"start":{"line":17,"column":4},"end":{"line":17,"column":141}},"type":"if","locations":[{"start":{"line":17,"column":4},"end":{"line":17,"column":141}},{"start":{},"end":{}}],"line":17},"10":{"loc":{"start":{"line":17,"column":40},"end":{"line":17,"column":141}},"type":"if","locations":[{"start":{"line":17,"column":40},"end":{"line":17,"column":141}},{"start":{},"end":{}}],"line":17},"11":{"loc":{"start":{"line":17,"column":44},"end":{"line":17,"column":107}},"type":"binary-expr","locations":[{"start":{"line":17,"column":44},"end":{"line":17,"column":59}},{"start":{"line":17,"column":63},"end":{"line":17,"column":107}}],"line":17},"12":{"loc":{"start":{"line":21,"column":22},"end":{"line":23,"column":1}},"type":"binary-expr","locations":[{"start":{"line":21,"column":23},"end":{"line":21,"column":27}},{"start":{"line":21,"column":31},"end":{"line":21,"column":51}},{"start":{"line":21,"column":56},"end":{"line":23,"column":1}}],"line":21},"13":{"loc":{"start":{"line":22,"column":11},"end":{"line":22,"column":61}},"type":"cond-expr","locations":[{"start":{"line":22,"column":37},"end":{"line":22,"column":40}},{"start":{"line":22,"column":43},"end":{"line":22,"column":61}}],"line":22},"14":{"loc":{"start":{"line":22,"column":12},"end":{"line":22,"column":33}},"type":"binary-expr","locations":[{"start":{"line":22,"column":12},"end":{"line":22,"column":15}},{"start":{"line":22,"column":19},"end":{"line":22,"column":33}}],"line":22},"15":{"loc":{"start":{"line":45,"column":8},"end":{"line":47,"column":9}},"type":"if","locations":[{"start":{"line":45,"column":8},"end":{"line":47,"column":9}},{"start":{},"end":{}}],"line":45},"16":{"loc":{"start":{"line":49,"column":8},"end":{"line":51,"column":9}},"type":"if","locations":[{"start":{"line":49,"column":8},"end":{"line":51,"column":9}},{"start":{},"end":{}}],"line":49}},"s":{"0":7,"1":49,"2":49,"3":49,"4":6,"5":0,"6":0,"7":0,"8":7,"9":7,"10":0,"11":7,"12":7,"13":0,"14":7,"15":7,"16":7,"17":49,"18":49,"19":7,"20":7,"21":7,"22":21,"23":7,"24":7,"25":7,"26":7,"27":7,"28":7,"29":7,"30":7,"31":7,"32":7,"33":7,"34":7,"35":7,"36":7,"37":7,"38":7,"39":21,"40":21,"41":6,"42":21,"43":6,"44":21,"45":21,"46":0,"47":0,"48":0,"49":7},"f":{"0":49,"1":6,"2":0,"3":7,"4":0,"5":7,"6":21,"7":7,"8":21,"9":21,"10":0,"11":0,"12":0},"b":{"0":[7,7,7],"1":[7,0],"2":[49,0],"3":[0,0],"4":[7,7,7],"5":[7,0],"6":[7,7,7],"7":[0,7],"8":[7,7],"9":[7,0],"10":[49,0],"11":[49,49],"12":[7,7,7],"13":[14,7],"14":[21,21],"15":[6,15],"16":[6,15]},"inputSourceMap":null,"_coverageSchema":"1a1c01bbd47fc00a2c39e90264f33305004495a9","hash":"d7bf7438da33cf0ad9bbf1a2b085a19937b3d5f1"}
}
