TN:
SF:src/__tests__/TestBackendAPI.ts
FN:2,(anonymous_0)
FN:19,(anonymous_1)
FNF:2
FNH:2
FNDA:7,(anonymous_0)
FNDA:21,(anonymous_1)
DA:2,7
DA:3,7
DA:5,7
DA:6,7
DA:7,7
DA:8,7
DA:9,7
DA:10,7
DA:11,7
DA:12,7
DA:20,21
LF:11
LH:11
BRDA:2,0,0,7
BRDA:2,0,1,7
BRDA:2,0,2,7
BRDA:3,1,0,7
BRDA:3,1,1,0
BRDA:3,2,0,7
BRDA:3,2,1,7
BRDA:9,3,0,7
BRDA:9,3,1,0
BRDA:10,4,0,7
BRDA:10,4,1,7
BRDA:11,5,0,7
BRDA:11,5,1,7
BRDA:27,6,0,21
BRDA:27,6,1,6
BRF:15
BRH:13
end_of_record
TN:
SF:src/api/ClerkBackendAPI.ts
FN:2,(anonymous_0)
FN:13,(anonymous_1)
FN:19,(anonymous_2)
FN:30,(anonymous_3)
FN:33,(anonymous_4)
FN:36,(anonymous_5)
FN:40,(anonymous_6)
FN:46,(anonymous_7)
FN:52,(anonymous_8)
FN:58,(anonymous_9)
FN:64,(anonymous_10)
FN:70,(anonymous_11)
FN:76,(anonymous_12)
FNF:13
FNH:9
FNDA:7,(anonymous_0)
FNDA:7,(anonymous_1)
FNDA:0,(anonymous_2)
FNDA:0,(anonymous_3)
FNDA:0,(anonymous_4)
FNDA:0,(anonymous_5)
FNDA:3,(anonymous_6)
FNDA:3,(anonymous_7)
FNDA:1,(anonymous_8)
FNDA:3,(anonymous_9)
FNDA:3,(anonymous_10)
FNDA:1,(anonymous_11)
FNDA:7,(anonymous_12)
DA:2,7
DA:3,7
DA:5,7
DA:6,7
DA:7,7
DA:8,7
DA:9,7
DA:10,7
DA:11,7
DA:17,7
DA:20,0
DA:31,0
DA:34,0
DA:37,0
DA:41,3
DA:42,1
DA:44,3
DA:47,3
DA:48,1
DA:50,3
DA:53,1
DA:54,1
DA:56,1
DA:59,3
DA:60,1
DA:62,3
DA:65,3
DA:66,1
DA:68,3
DA:71,1
DA:72,1
DA:74,1
DA:77,7
DA:78,1
DA:80,7
DA:83,7
LF:36
LH:32
BRDA:2,0,0,7
BRDA:2,0,1,7
BRDA:2,0,2,7
BRDA:3,1,0,7
BRDA:3,1,1,0
BRDA:3,2,0,7
BRDA:3,2,1,7
BRDA:9,3,0,7
BRDA:9,3,1,0
BRDA:10,4,0,7
BRDA:10,4,1,7
BRDA:11,5,0,7
BRDA:11,5,1,7
BRDA:13,6,0,0
BRDA:13,7,0,0
BRDA:13,8,0,0
BRDA:41,9,0,1
BRDA:41,9,1,2
BRDA:47,10,0,1
BRDA:47,10,1,2
BRDA:53,11,0,1
BRDA:53,11,1,0
BRDA:59,12,0,1
BRDA:59,12,1,2
BRDA:65,13,0,1
BRDA:65,13,1,2
BRDA:71,14,0,1
BRDA:71,14,1,0
BRDA:77,15,0,1
BRDA:77,15,1,6
BRF:30
BRH:23
end_of_record
TN:
SF:src/api/collection/AbstractApi.ts
FN:5,(anonymous_0)
FNF:1
FNH:1
FNDA:7,(anonymous_0)
DA:2,7
DA:3,7
DA:6,7
DA:9,7
LF:4
LH:4
BRF:0
BRH:0
end_of_record
TN:
SF:src/api/collection/AllowlistIdentifierApi.ts
FN:7,(anonymous_0)
FN:13,(anonymous_1)
FN:20,(anonymous_2)
FNF:3
FNH:3
FNDA:1,(anonymous_0)
FNDA:1,(anonymous_1)
FNDA:1,(anonymous_2)
DA:2,7
DA:3,7
DA:4,7
DA:5,7
DA:8,1
DA:14,1
DA:21,1
DA:27,7
LF:8
LH:8
BRF:0
BRH:0
end_of_record
TN:
SF:src/api/collection/ClientApi.ts
FN:6,(anonymous_0)
FN:12,(anonymous_1)
FN:18,(anonymous_2)
FNF:3
FNH:3
FNDA:1,(anonymous_0)
FNDA:1,(anonymous_1)
FNDA:1,(anonymous_2)
DA:2,7
DA:3,7
DA:4,7
DA:7,1
DA:13,1
DA:19,1
DA:26,7
LF:7
LH:7
BRF:0
BRH:0
end_of_record
TN:
SF:src/api/collection/EmailApi.ts
FN:6,(anonymous_0)
FNF:1
FNH:1
FNDA:1,(anonymous_0)
DA:2,7
DA:3,7
DA:4,7
DA:7,1
DA:14,7
LF:5
LH:5
BRF:0
BRH:0
end_of_record
TN:
SF:src/api/collection/InvitationApi.ts
FN:7,(anonymous_0)
FN:13,(anonymous_1)
FN:20,(anonymous_2)
FNF:3
FNH:3
FNDA:1,(anonymous_0)
FNDA:1,(anonymous_1)
FNDA:1,(anonymous_2)
DA:2,7
DA:3,7
DA:4,7
DA:5,7
DA:8,1
DA:14,1
DA:21,1
DA:27,7
LF:8
LH:8
BRF:0
BRH:0
end_of_record
TN:
SF:src/api/collection/SMSMessageApi.ts
FN:6,(anonymous_0)
FNF:1
FNH:1
FNDA:1,(anonymous_0)
DA:2,7
DA:3,7
DA:4,7
DA:7,1
DA:14,7
LF:5
LH:5
BRF:0
BRH:0
end_of_record
TN:
SF:src/api/collection/SessionApi.ts
FN:6,(anonymous_0)
FN:13,(anonymous_1)
FN:19,(anonymous_2)
FN:25,(anonymous_3)
FNF:4
FNH:3
FNDA:1,(anonymous_0)
FNDA:1,(anonymous_1)
FNDA:0,(anonymous_2)
FNDA:1,(anonymous_3)
DA:2,7
DA:3,7
DA:4,7
DA:7,1
DA:14,1
DA:20,0
DA:26,1
DA:33,7
LF:8
LH:7
BRF:0
BRH:0
end_of_record
TN:
SF:src/api/collection/UserApi.ts
FN:6,(anonymous_0)
FN:13,(anonymous_1)
FN:19,(anonymous_2)
FN:34,(anonymous_3)
FNF:4
FNH:2
FNDA:6,(anonymous_0)
FNDA:1,(anonymous_1)
FNDA:0,(anonymous_2)
FNDA:0,(anonymous_3)
DA:2,7
DA:3,7
DA:4,7
DA:7,6
DA:14,1
DA:21,0
DA:22,0
DA:24,0
DA:26,0
DA:28,0
DA:35,0
DA:41,7
LF:12
LH:6
BRDA:6,0,0,1
BRDA:19,1,0,0
BRDA:21,2,0,0
BRDA:21,2,1,0
BRDA:21,3,0,0
BRDA:21,3,1,0
BRDA:24,4,0,0
BRDA:24,4,1,0
BRDA:24,5,0,0
BRDA:24,5,1,0
BRF:10
BRH:1
end_of_record
TN:
SF:src/api/collection/index.ts
FN:2,(anonymous_0)
FN:4,(anonymous_1)
FN:5,(anonymous_2)
FN:9,(anonymous_3)
FNF:4
FNH:3
FNDA:56,(anonymous_0)
FNDA:7,(anonymous_1)
FNDA:0,(anonymous_2)
FNDA:56,(anonymous_3)
DA:2,7
DA:3,56
DA:4,56
DA:6,0
DA:7,0
DA:9,7
DA:10,56
DA:12,7
DA:13,7
DA:14,7
DA:15,7
DA:16,7
DA:17,7
DA:18,7
DA:19,7
DA:20,7
LF:16
LH:14
BRDA:2,0,0,7
BRDA:2,0,1,7
BRDA:2,0,2,7
BRDA:2,1,0,7
BRDA:2,1,1,0
BRDA:3,2,0,56
BRDA:3,2,1,0
BRDA:6,3,0,0
BRDA:6,3,1,0
BRDA:9,4,0,7
BRDA:9,4,1,7
BRDA:9,4,2,7
BRDA:10,5,0,56
BRDA:10,5,1,0
BRDA:10,6,0,56
BRDA:10,6,1,56
BRF:16
BRH:11
end_of_record
TN:
SF:src/api/resources/AllowlistIdentifier.ts
FN:2,(anonymous_0)
FN:10,(anonymous_1)
FN:13,(anonymous_2)
FNF:3
FNH:3
FNDA:24,(anonymous_0)
FNDA:7,(anonymous_1)
FNDA:5,(anonymous_2)
DA:2,12
DA:3,24
DA:5,12
DA:6,12
DA:7,12
DA:8,12
DA:11,7
DA:14,5
DA:15,5
DA:16,5
DA:19,12
DA:20,12
DA:21,12
LF:13
LH:13
BRDA:2,0,0,12
BRDA:2,0,1,12
BRDA:2,0,2,12
BRDA:3,1,0,12
BRDA:3,1,1,12
BRDA:3,2,0,24
BRDA:3,2,1,24
BRDA:10,3,0,0
BRF:8
BRH:7
end_of_record
TN:
SF:src/api/resources/Client.ts
FN:2,(anonymous_0)
FN:13,(anonymous_1)
FN:16,(anonymous_2)
FN:21,(anonymous_3)
FNF:4
FNH:4
FNDA:36,(anonymous_0)
FNDA:11,(anonymous_1)
FNDA:6,(anonymous_2)
FNDA:4,(anonymous_3)
DA:2,12
DA:3,36
DA:5,12
DA:6,12
DA:7,12
DA:8,12
DA:9,12
DA:10,12
DA:11,12
DA:14,11
DA:17,6
DA:18,6
DA:19,6
DA:20,6
DA:21,6
DA:22,6
DA:25,12
DA:26,12
DA:35,12
DA:38,12
LF:20
LH:20
BRDA:2,0,0,12
BRDA:2,0,1,12
BRDA:2,0,2,12
BRDA:3,1,0,24
BRDA:3,1,1,12
BRDA:3,2,0,36
BRDA:3,2,1,36
BRDA:13,3,0,1
BRDA:21,4,0,6
BRDA:21,4,1,2
BRF:10
BRH:10
end_of_record
TN:
SF:src/api/resources/Email.ts
FN:2,(anonymous_0)
FN:10,(anonymous_1)
FN:13,(anonymous_2)
FNF:3
FNH:3
FNDA:24,(anonymous_0)
FNDA:3,(anonymous_1)
FNDA:2,(anonymous_2)
DA:2,12
DA:3,24
DA:5,12
DA:6,12
DA:7,12
DA:8,12
DA:11,3
DA:14,2
DA:15,2
DA:16,2
DA:19,12
DA:20,12
DA:29,12
LF:13
LH:13
BRDA:2,0,0,12
BRDA:2,0,1,12
BRDA:2,0,2,12
BRDA:3,1,0,12
BRDA:3,1,1,12
BRDA:3,2,0,24
BRDA:3,2,1,24
BRDA:10,3,0,0
BRF:8
BRH:7
end_of_record
TN:
SF:src/api/resources/EmailAddress.ts
FN:2,(anonymous_0)
FN:12,(anonymous_1)
FN:15,(anonymous_2)
FN:20,(anonymous_3)
FNF:4
FNH:4
FNDA:12,(anonymous_0)
FNDA:15,(anonymous_1)
FNDA:14,(anonymous_2)
FNDA:7,(anonymous_3)
DA:2,12
DA:3,12
DA:5,12
DA:6,12
DA:7,12
DA:8,12
DA:9,12
DA:10,12
DA:13,15
DA:16,14
DA:21,7
DA:26,12
DA:27,12
DA:28,12
DA:32,12
LF:15
LH:15
BRDA:2,0,0,12
BRDA:2,0,1,12
BRDA:2,0,2,12
BRDA:3,1,0,12
BRDA:3,1,1,0
BRDA:3,2,0,12
BRDA:3,2,1,12
BRDA:12,3,0,1
BRDA:20,4,0,14
BRDA:20,4,1,0
BRF:10
BRH:8
end_of_record
TN:
SF:src/api/resources/Enums.ts
FN:5,(anonymous_0)
FNF:1
FNH:1
FNDA:12,(anonymous_0)
DA:2,12
DA:3,12
DA:5,12
DA:6,12
DA:7,12
LF:5
LH:5
BRDA:8,0,0,12
BRDA:8,0,1,12
BRF:2
BRH:2
end_of_record
TN:
SF:src/api/resources/ExternalAccount.ts
FN:6,(anonymous_0)
FN:9,(anonymous_1)
FNF:2
FNH:2
FNDA:14,(anonymous_0)
FNDA:14,(anonymous_1)
DA:2,12
DA:3,12
DA:4,12
DA:7,14
DA:10,14
DA:11,14
DA:12,14
DA:13,14
DA:14,14
DA:16,7
DA:17,7
DA:18,7
DA:19,7
DA:20,7
DA:21,7
DA:22,7
DA:25,7
DA:26,7
DA:27,7
DA:28,7
DA:29,7
DA:30,7
DA:31,7
DA:34,0
DA:35,0
DA:36,0
DA:37,0
DA:38,0
DA:39,0
DA:40,0
DA:43,0
DA:45,14
DA:48,12
DA:49,12
DA:59,12
LF:35
LH:27
BRDA:6,0,0,0
BRDA:14,1,0,7
BRDA:14,1,1,7
BRDA:14,1,2,0
BRDA:14,1,3,0
BRF:5
BRH:2
end_of_record
TN:
SF:src/api/resources/IdentificationLink.ts
FN:2,(anonymous_0)
FN:10,(anonymous_1)
FN:13,(anonymous_2)
FNF:3
FNH:3
FNDA:24,(anonymous_0)
FNDA:7,(anonymous_1)
FNDA:7,(anonymous_2)
DA:2,12
DA:3,24
DA:5,12
DA:6,12
DA:7,12
DA:8,12
DA:11,7
DA:14,7
DA:15,7
DA:16,7
DA:19,12
DA:20,12
DA:21,12
LF:13
LH:13
BRDA:2,0,0,12
BRDA:2,0,1,12
BRDA:2,0,2,12
BRDA:3,1,0,12
BRDA:3,1,1,12
BRDA:3,2,0,24
BRDA:3,2,1,24
BRDA:10,3,0,0
BRF:8
BRH:7
end_of_record
TN:
SF:src/api/resources/Invitation.ts
FN:2,(anonymous_0)
FN:10,(anonymous_1)
FN:13,(anonymous_2)
FNF:3
FNH:3
FNDA:24,(anonymous_0)
FNDA:7,(anonymous_1)
FNDA:5,(anonymous_2)
DA:2,12
DA:3,24
DA:5,12
DA:6,12
DA:7,12
DA:8,12
DA:11,7
DA:14,5
DA:15,5
DA:16,5
DA:19,12
DA:20,12
DA:21,12
LF:13
LH:13
BRDA:2,0,0,12
BRDA:2,0,1,12
BRDA:2,0,2,12
BRDA:3,1,0,12
BRDA:3,1,1,12
BRDA:3,2,0,24
BRDA:3,2,1,24
BRDA:10,3,0,0
BRF:8
BRH:7
end_of_record
TN:
SF:src/api/resources/JSON.ts
FN:5,(anonymous_0)
FNF:1
FNH:1
FNDA:12,(anonymous_0)
DA:2,12
DA:3,12
DA:5,12
DA:6,12
DA:7,12
DA:8,12
DA:9,12
DA:10,12
DA:11,12
DA:12,12
DA:13,12
DA:14,12
DA:15,12
DA:16,12
DA:17,12
DA:18,12
DA:19,12
LF:17
LH:17
BRDA:20,0,0,12
BRDA:20,0,1,12
BRF:2
BRH:2
end_of_record
TN:
SF:src/api/resources/Nullable.ts
FNF:0
FNH:0
DA:2,12
LF:1
LH:1
BRF:0
BRH:0
end_of_record
TN:
SF:src/api/resources/PhoneNumber.ts
FN:2,(anonymous_0)
FN:12,(anonymous_1)
FN:15,(anonymous_2)
FN:21,(anonymous_3)
FNF:4
FNH:3
FNDA:12,(anonymous_0)
FNDA:15,(anonymous_1)
FNDA:14,(anonymous_2)
FNDA:0,(anonymous_3)
DA:2,12
DA:3,12
DA:5,12
DA:6,12
DA:7,12
DA:8,12
DA:9,12
DA:10,12
DA:13,15
DA:16,14
DA:22,0
DA:27,12
DA:28,12
DA:29,12
DA:33,12
LF:15
LH:14
BRDA:2,0,0,12
BRDA:2,0,1,12
BRDA:2,0,2,12
BRDA:3,1,0,12
BRDA:3,1,1,0
BRDA:3,2,0,12
BRDA:3,2,1,12
BRDA:12,3,0,1
BRDA:21,4,0,14
BRDA:21,4,1,0
BRF:10
BRH:8
end_of_record
TN:
SF:src/api/resources/Props.ts
FNF:0
FNH:0
DA:2,12
LF:1
LH:1
BRF:0
BRH:0
end_of_record
TN:
SF:src/api/resources/SMSMessage.ts
FN:2,(anonymous_0)
FN:12,(anonymous_1)
FN:15,(anonymous_2)
FNF:3
FNH:3
FNDA:24,(anonymous_0)
FNDA:3,(anonymous_1)
FNDA:2,(anonymous_2)
DA:2,12
DA:3,24
DA:5,12
DA:6,12
DA:7,12
DA:8,12
DA:13,3
DA:16,2
DA:17,2
DA:18,2
DA:21,12
DA:22,12
DA:24,12
LF:13
LH:13
BRDA:2,0,0,12
BRDA:2,0,1,12
BRDA:2,0,2,12
BRDA:3,1,0,12
BRDA:3,1,1,12
BRDA:3,2,0,24
BRDA:3,2,1,24
BRDA:12,3,0,0
BRF:8
BRH:7
end_of_record
TN:
SF:src/api/resources/Session.ts
FN:2,(anonymous_0)
FN:10,(anonymous_1)
FN:13,(anonymous_2)
FNF:3
FNH:3
FNDA:24,(anonymous_0)
FNDA:14,(anonymous_1)
FNDA:10,(anonymous_2)
DA:2,12
DA:3,24
DA:5,12
DA:6,12
DA:7,12
DA:8,12
DA:11,14
DA:14,10
DA:15,10
DA:16,10
DA:19,12
DA:20,12
DA:29,12
LF:13
LH:13
BRDA:2,0,0,12
BRDA:2,0,1,12
BRDA:2,0,2,12
BRDA:3,1,0,12
BRDA:3,1,1,12
BRDA:3,2,0,24
BRDA:3,2,1,24
BRDA:10,3,0,0
BRF:8
BRH:7
end_of_record
TN:
SF:src/api/resources/User.ts
FN:2,(anonymous_0)
FN:15,(anonymous_1)
FN:18,(anonymous_2)
FN:23,(anonymous_3)
FN:24,(anonymous_4)
FN:25,(anonymous_5)
FNF:6
FNH:6
FNDA:36,(anonymous_0)
FNDA:9,(anonymous_1)
FNDA:7,(anonymous_2)
FNDA:14,(anonymous_3)
FNDA:14,(anonymous_4)
FNDA:14,(anonymous_5)
DA:2,12
DA:3,36
DA:5,12
DA:6,12
DA:7,12
DA:8,12
DA:9,12
DA:10,12
DA:11,12
DA:12,12
DA:13,12
DA:16,9
DA:19,7
DA:20,7
DA:21,7
DA:22,7
DA:23,14
DA:24,14
DA:25,14
DA:26,7
DA:29,12
DA:30,12
DA:52,12
DA:57,12
LF:24
LH:24
BRDA:2,0,0,12
BRDA:2,0,1,12
BRDA:2,0,2,12
BRDA:3,1,0,24
BRDA:3,1,1,12
BRDA:3,2,0,36
BRDA:3,2,1,36
BRDA:15,3,0,1
BRDA:23,4,0,7
BRDA:23,4,1,0
BRDA:24,5,0,7
BRDA:24,5,1,0
BRDA:25,6,0,7
BRDA:25,6,1,0
BRF:14
BRH:11
end_of_record
TN:
SF:src/api/resources/Verification.ts
FN:5,(anonymous_0)
FN:8,(anonymous_1)
FNF:2
FNH:2
FNDA:28,(anonymous_0)
FNDA:28,(anonymous_1)
DA:2,12
DA:3,12
DA:6,28
DA:9,28
DA:10,28
DA:11,28
DA:12,28
DA:13,28
DA:14,0
DA:17,28
DA:19,28
DA:20,28
DA:23,0
DA:24,0
DA:25,0
DA:26,0
DA:27,0
DA:29,28
DA:32,12
DA:33,12
DA:40,12
LF:21
LH:15
BRDA:5,0,0,0
BRDA:10,1,0,28
BRDA:10,1,1,0
BRDA:13,2,0,0
BRDA:13,2,1,28
BRF:5
BRH:2
end_of_record
TN:
SF:src/api/resources/index.ts
FN:2,(anonymous_0)
FN:4,(anonymous_1)
FN:5,(anonymous_2)
FN:9,(anonymous_3)
FNF:4
FNH:3
FNDA:168,(anonymous_0)
FNDA:38,(anonymous_1)
FNDA:0,(anonymous_2)
FNDA:192,(anonymous_3)
DA:2,12
DA:3,168
DA:4,168
DA:6,0
DA:7,0
DA:9,12
DA:10,192
DA:12,12
DA:13,12
DA:14,12
DA:15,12
DA:16,12
DA:17,12
DA:18,12
DA:19,12
DA:20,12
DA:21,12
DA:22,12
DA:23,12
DA:24,12
DA:25,12
DA:26,12
DA:27,12
DA:28,12
LF:24
LH:22
BRDA:2,0,0,12
BRDA:2,0,1,12
BRDA:2,0,2,12
BRDA:2,1,0,12
BRDA:2,1,1,0
BRDA:3,2,0,168
BRDA:3,2,1,0
BRDA:6,3,0,0
BRDA:6,3,1,0
BRDA:9,4,0,12
BRDA:9,4,1,12
BRDA:9,4,2,12
BRDA:10,5,0,168
BRDA:10,5,1,0
BRDA:10,6,0,168
BRDA:10,6,1,168
BRF:16
BRH:11
end_of_record
TN:
SF:src/api/utils/Associations.ts
FN:4,associationDefaults
FN:5,(anonymous_1)
FNF:2
FNH:2
FNDA:48,associationDefaults
FNDA:96,(anonymous_1)
DA:2,12
DA:3,12
DA:5,48
DA:6,96
DA:7,72
DA:9,96
DA:12,12
LF:7
LH:7
BRDA:6,0,0,72
BRDA:6,0,1,24
BRF:2
BRH:2
end_of_record
TN:
SF:src/api/utils/Deserializer.ts
FN:2,(anonymous_0)
FN:16,deserialize
FN:18,(anonymous_2)
FN:27,jsonToObject
FNF:4
FNH:4
FNDA:8,(anonymous_0)
FNDA:31,deserialize
FNDA:16,(anonymous_2)
FNDA:33,jsonToObject
DA:2,8
DA:3,8
DA:5,8
DA:6,8
DA:7,8
DA:8,8
DA:9,8
DA:10,8
DA:11,8
DA:12,8
DA:13,8
DA:14,8
DA:17,31
DA:18,16
DA:21,17
DA:24,8
DA:28,33
DA:30,5
DA:32,6
DA:34,2
DA:36,5
DA:38,7
DA:40,6
DA:42,2
DA:44,0
LF:25
LH:24
BRDA:2,0,0,8
BRDA:2,0,1,8
BRDA:2,0,2,8
BRDA:3,1,0,8
BRDA:3,1,1,0
BRDA:3,2,0,8
BRDA:3,2,1,8
BRDA:17,3,0,14
BRDA:17,3,1,17
BRDA:28,4,0,5
BRDA:28,4,1,6
BRDA:28,4,2,2
BRDA:28,4,3,5
BRDA:28,4,4,7
BRDA:28,4,5,6
BRDA:28,4,6,2
BRDA:28,4,7,0
BRF:17
BRH:15
end_of_record
TN:
SF:src/api/utils/ErrorHandler.ts
FN:4,handleError
FN:11,(anonymous_1)
FNF:2
FNH:0
FNDA:0,handleError
FNDA:0,(anonymous_1)
DA:2,7
DA:3,7
DA:6,0
DA:7,0
DA:8,0
DA:10,0
DA:11,0
DA:12,0
DA:16,0
DA:18,0
DA:20,7
LF:11
LH:3
BRDA:6,0,0,0
BRDA:6,0,1,0
BRDA:6,1,0,0
BRDA:6,1,1,0
BRDA:6,2,0,0
BRDA:6,2,1,0
BRDA:6,3,0,0
BRDA:6,3,1,0
BRDA:6,4,0,0
BRDA:6,4,1,0
BRDA:7,5,0,0
BRDA:7,5,1,0
BRDA:8,6,0,0
BRDA:8,6,1,0
BRDA:8,7,0,0
BRDA:8,7,1,0
BRDA:8,8,0,0
BRDA:8,8,1,0
BRDA:8,9,0,0
BRDA:8,9,1,0
BRDA:10,10,0,0
BRDA:10,10,1,0
BRDA:10,11,0,0
BRDA:10,11,1,0
BRDA:11,12,0,0
BRDA:11,12,1,0
BRF:26
BRH:0
end_of_record
TN:
SF:src/api/utils/Errors.ts
FN:5,(anonymous_0)
FN:13,(anonymous_1)
FN:18,(anonymous_2)
FNF:3
FNH:0
FNDA:0,(anonymous_0)
FNDA:0,(anonymous_1)
FNDA:0,(anonymous_2)
DA:2,7
DA:3,7
DA:6,0
DA:7,0
DA:8,0
DA:11,7
DA:14,0
DA:15,0
DA:16,0
DA:19,0
DA:26,7
LF:11
LH:4
BRF:0
BRH:0
end_of_record
TN:
SF:src/api/utils/Filter.ts
FN:3,filterKeys
FN:5,(anonymous_1)
FN:6,(anonymous_2)
FNF:3
FNH:3
FNDA:44,filterKeys
FNDA:354,(anonymous_1)
FNDA:296,(anonymous_2)
DA:2,12
DA:4,44
DA:5,354
DA:7,296
DA:8,296
DA:11,12
LF:6
LH:6
BRF:0
BRH:0
end_of_record
TN:
SF:src/api/utils/Logger.ts
FN:6,(anonymous_0)
FN:13,(anonymous_1)
FN:16,(anonymous_2)
FN:19,(anonymous_3)
FN:22,(anonymous_4)
FN:25,(anonymous_5)
FNF:6
FNH:1
FNDA:8,(anonymous_0)
FNDA:0,(anonymous_1)
FNDA:0,(anonymous_2)
FNDA:0,(anonymous_3)
FNDA:0,(anonymous_4)
FNDA:0,(anonymous_5)
DA:2,8
DA:6,8
DA:7,8
DA:8,8
DA:9,8
DA:10,8
DA:14,0
DA:17,0
DA:20,0
DA:23,0
DA:26,0
DA:27,0
DA:33,0
DA:37,8
LF:14
LH:7
BRDA:11,0,0,8
BRDA:11,0,1,8
BRDA:26,1,0,0
BRDA:26,1,1,0
BRF:4
BRH:2
end_of_record
TN:
SF:src/api/utils/RestClient.ts
FN:2,(anonymous_0)
FN:4,(anonymous_1)
FN:5,(anonymous_2)
FN:9,(anonymous_3)
FN:11,(anonymous_4)
FN:14,(anonymous_5)
FN:21,(anonymous_6)
FN:36,(anonymous_7)
FN:43,(anonymous_8)
FN:61,(anonymous_9)
FN:62,(anonymous_10)
FN:64,(anonymous_11)
FN:70,(anonymous_12)
FNF:13
FNH:8
FNDA:49,(anonymous_0)
FNDA:6,(anonymous_1)
FNDA:0,(anonymous_2)
FNDA:7,(anonymous_3)
FNDA:0,(anonymous_4)
FNDA:7,(anonymous_5)
FNDA:21,(anonymous_6)
FNDA:7,(anonymous_7)
FNDA:21,(anonymous_8)
FNDA:21,(anonymous_9)
FNDA:0,(anonymous_10)
FNDA:0,(anonymous_11)
FNDA:0,(anonymous_12)
DA:2,7
DA:3,49
DA:4,49
DA:6,0
DA:7,0
DA:9,7
DA:10,7
DA:12,0
DA:14,7
DA:15,7
DA:16,7
DA:17,49
DA:18,7
DA:19,7
DA:21,7
DA:22,21
DA:24,7
DA:25,7
DA:26,7
DA:27,7
DA:28,7
DA:29,7
DA:30,7
DA:31,7
DA:32,7
DA:33,7
DA:34,7
DA:37,7
DA:38,7
DA:39,7
DA:40,7
DA:41,7
DA:44,21
DA:45,21
DA:46,6
DA:49,21
DA:50,6
DA:54,21
DA:61,21
DA:62,0
DA:65,0
DA:70,0
DA:73,7
LF:43
LH:37
BRDA:2,0,0,7
BRDA:2,0,1,7
BRDA:2,0,2,7
BRDA:2,1,0,7
BRDA:2,1,1,0
BRDA:3,2,0,49
BRDA:3,2,1,0
BRDA:6,3,0,0
BRDA:6,3,1,0
BRDA:9,4,0,7
BRDA:9,4,1,7
BRDA:9,4,2,7
BRDA:9,5,0,7
BRDA:9,5,1,0
BRDA:14,6,0,7
BRDA:14,6,1,7
BRDA:14,6,2,7
BRDA:15,7,0,0
BRDA:15,7,1,7
BRDA:15,8,0,7
BRDA:15,8,1,7
BRDA:17,9,0,7
BRDA:17,9,1,0
BRDA:17,10,0,49
BRDA:17,10,1,0
BRDA:17,11,0,49
BRDA:17,11,1,49
BRDA:21,12,0,7
BRDA:21,12,1,7
BRDA:21,12,2,7
BRDA:22,13,0,14
BRDA:22,13,1,7
BRDA:22,14,0,21
BRDA:22,14,1,21
BRDA:45,15,0,6
BRDA:45,15,1,15
BRDA:49,16,0,6
BRDA:49,16,1,15
BRF:38
BRH:30
end_of_record
